<?xml version="1.0" encoding="UTF-8"?>
<coverage generated="1750340689990" clover="3.2.0">
  <project timestamp="1750340689990" name="All files">
    <metrics statements="167" coveredstatements="163" conditionals="155" coveredconditionals="137" methods="58" coveredmethods="57" elements="380" coveredelements="357" complexity="0" loc="167" ncloc="167" packages="5" files="18" classes="18"/>
    <package name="src">
      <metrics statements="32" coveredstatements="31" conditionals="22" coveredconditionals="21" methods="5" coveredmethods="5"/>
      <file name="App.tsx" path="C:\Users\purbo\Development\purbo-vite-personal-web\src\App.tsx">
        <metrics statements="17" coveredstatements="16" conditionals="22" coveredconditionals="21" methods="5" coveredmethods="5"/>
        <line num="1" count="1" type="stmt"/>
        <line num="2" count="1" type="stmt"/>
        <line num="3" count="1" type="stmt"/>
        <line num="4" count="1" type="stmt"/>
        <line num="6" count="1" type="stmt"/>
        <line num="7" count="12" type="stmt"/>
        <line num="8" count="6" type="cond" truecount="1" falsecount="1"/>
        <line num="9" count="6" type="stmt"/>
        <line num="11" count="0" type="stmt"/>
        <line num="14" count="12" type="stmt"/>
        <line num="15" count="6" type="stmt"/>
        <line num="16" count="6" type="stmt"/>
        <line num="17" count="6" type="cond" truecount="2" falsecount="0"/>
        <line num="18" count="6" type="stmt"/>
        <line num="22" count="12" type="stmt"/>
        <line num="23" count="12" type="cond" truecount="2" falsecount="0"/>
        <line num="26" count="12" type="stmt"/>
      </file>
      <file name="information.ts" path="C:\Users\purbo\Development\purbo-vite-personal-web\src\information.ts">
        <metrics statements="15" coveredstatements="15" conditionals="0" coveredconditionals="0" methods="0" coveredmethods="0"/>
        <line num="1" count="3" type="stmt"/>
        <line num="2" count="3" type="stmt"/>
        <line num="3" count="3" type="stmt"/>
        <line num="4" count="3" type="stmt"/>
        <line num="5" count="3" type="stmt"/>
        <line num="6" count="3" type="stmt"/>
        <line num="10" count="3" type="stmt"/>
        <line num="11" count="3" type="stmt"/>
        <line num="12" count="3" type="stmt"/>
        <line num="13" count="3" type="stmt"/>
        <line num="16" count="3" type="stmt"/>
        <line num="53" count="3" type="stmt"/>
        <line num="106" count="3" type="stmt"/>
        <line num="108" count="3" type="stmt"/>
        <line num="110" count="3" type="stmt"/>
      </file>
    </package>
    <package name="src.components">
      <metrics statements="89" coveredstatements="89" conditionals="89" coveredconditionals="88" methods="38" coveredmethods="37"/>
      <file name="FooterComponent.tsx" path="C:\Users\purbo\Development\purbo-vite-personal-web\src\components\FooterComponent.tsx">
        <metrics statements="5" coveredstatements="5" conditionals="6" coveredconditionals="6" methods="1" coveredmethods="1"/>
        <line num="1" count="1" type="stmt"/>
        <line num="2" count="1" type="stmt"/>
        <line num="10" count="1" type="stmt"/>
        <line num="12" count="1" type="stmt"/>
        <line num="17" count="12" type="stmt"/>
      </file>
      <file name="Form.tsx" path="C:\Users\purbo\Development\purbo-vite-personal-web\src\components\Form.tsx">
        <metrics statements="21" coveredstatements="21" conditionals="22" coveredconditionals="22" methods="6" coveredmethods="6"/>
        <line num="1" count="2" type="stmt"/>
        <line num="2" count="2" type="stmt"/>
        <line num="3" count="2" type="stmt"/>
        <line num="4" count="2" type="stmt"/>
        <line num="6" count="2" type="stmt"/>
        <line num="11" count="140" type="stmt"/>
        <line num="17" count="140" type="stmt"/>
        <line num="18" count="121" type="stmt"/>
        <line num="24" count="140" type="stmt"/>
        <line num="25" count="4" type="stmt"/>
        <line num="27" count="4" type="cond" truecount="2" falsecount="0"/>
        <line num="33" count="2" type="stmt"/>
        <line num="40" count="1" type="stmt"/>
        <line num="41" count="1" type="stmt"/>
        <line num="44" count="1" type="stmt"/>
        <line num="45" count="1" type="stmt"/>
        <line num="49" count="2" type="stmt"/>
        <line num="53" count="140" type="stmt"/>
        <line num="54" count="2" type="stmt"/>
        <line num="55" count="2" type="stmt"/>
        <line num="58" count="140" type="stmt"/>
      </file>
      <file name="Navbar.tsx" path="C:\Users\purbo\Development\purbo-vite-personal-web\src\components\Navbar.tsx">
        <metrics statements="21" coveredstatements="21" conditionals="8" coveredconditionals="7" methods="7" coveredmethods="7"/>
        <line num="1" count="2" type="stmt"/>
        <line num="2" count="2" type="stmt"/>
        <line num="8" count="2" type="stmt"/>
        <line num="9" count="2" type="stmt"/>
        <line num="11" count="2" type="stmt"/>
        <line num="14" count="1" type="stmt"/>
        <line num="15" count="1" type="stmt"/>
        <line num="16" count="1" type="stmt"/>
        <line num="17" count="1" type="cond" truecount="1" falsecount="1"/>
        <line num="18" count="1" type="stmt"/>
        <line num="23" count="50" type="stmt"/>
        <line num="85" count="2" type="stmt"/>
        <line num="86" count="25" type="stmt"/>
        <line num="88" count="25" type="stmt"/>
        <line num="89" count="1" type="cond" truecount="2" falsecount="0"/>
        <line num="91" count="25" type="stmt"/>
        <line num="92" count="13" type="stmt"/>
        <line num="94" count="13" type="stmt"/>
        <line num="95" count="13" type="stmt"/>
        <line num="99" count="25" type="stmt"/>
        <line num="119" count="5" type="stmt"/>
      </file>
      <file name="SectionTitle.tsx" path="C:\Users\purbo\Development\purbo-vite-personal-web\src\components\SectionTitle.tsx">
        <metrics statements="3" coveredstatements="3" conditionals="2" coveredconditionals="2" methods="1" coveredmethods="1"/>
        <line num="1" count="2" type="stmt"/>
        <line num="8" count="37" type="stmt"/>
        <line num="19" count="2" type="stmt"/>
      </file>
      <file name="StepperWithIcon.tsx" path="C:\Users\purbo\Development\purbo-vite-personal-web\src\components\StepperWithIcon.tsx">
        <metrics statements="12" coveredstatements="12" conditionals="18" coveredconditionals="18" methods="9" coveredmethods="9"/>
        <line num="1" count="2" type="stmt"/>
        <line num="2" count="2" type="stmt"/>
        <line num="5" count="2" type="stmt"/>
        <line num="16" count="49" type="stmt"/>
        <line num="17" count="49" type="stmt"/>
        <line num="19" count="49" type="cond" truecount="2" falsecount="0"/>
        <line num="20" count="49" type="cond" truecount="2" falsecount="0"/>
        <line num="22" count="49" type="stmt"/>
        <line num="26" count="34" type="stmt"/>
        <line num="27" count="34" type="stmt"/>
        <line num="31" count="147" type="stmt"/>
        <line num="36" count="1" type="stmt"/>
      </file>
      <file name="Timeline.tsx" path="C:\Users\purbo\Development\purbo-vite-personal-web\src\components\Timeline.tsx">
        <metrics statements="11" coveredstatements="11" conditionals="31" coveredconditionals="31" methods="3" coveredmethods="3"/>
        <line num="1" count="2" type="stmt"/>
        <line num="10" count="2" type="stmt"/>
        <line num="11" count="2" type="stmt"/>
        <line num="12" count="2" type="stmt"/>
        <line num="15" count="2" type="stmt"/>
        <line num="16" count="140" type="stmt"/>
        <line num="17" count="20" type="stmt"/>
        <line num="27" count="20" type="stmt"/>
        <line num="31" count="140" type="stmt"/>
        <line num="32" count="140" type="cond" truecount="2" falsecount="0"/>
        <line num="33" count="140" type="stmt"/>
      </file>
      <file name="UniversityCard.tsx" path="C:\Users\purbo\Development\purbo-vite-personal-web\src\components\UniversityCard.tsx">
        <metrics statements="9" coveredstatements="9" conditionals="2" coveredconditionals="2" methods="4" coveredmethods="3"/>
        <line num="1" count="1" type="stmt"/>
        <line num="2" count="1" type="stmt"/>
        <line num="11" count="1" type="stmt"/>
        <line num="28" count="18" type="stmt"/>
        <line num="30" count="18" type="stmt"/>
        <line num="31" count="6" type="stmt"/>
        <line num="33" count="6" type="stmt"/>
        <line num="34" count="6" type="stmt"/>
        <line num="37" count="18" type="stmt"/>
      </file>
      <file name="index.ts" path="C:\Users\purbo\Development\purbo-vite-personal-web\src\components\index.ts">
        <metrics statements="7" coveredstatements="7" conditionals="0" coveredconditionals="0" methods="7" coveredmethods="7"/>
        <line num="1" count="13" type="stmt"/>
        <line num="2" count="13" type="stmt"/>
        <line num="3" count="13" type="stmt"/>
        <line num="4" count="13" type="stmt"/>
        <line num="5" count="13" type="stmt"/>
        <line num="6" count="13" type="stmt"/>
        <line num="7" count="37" type="stmt"/>
      </file>
    </package>
    <package name="src.hooks">
      <metrics statements="16" coveredstatements="16" conditionals="6" coveredconditionals="5" methods="4" coveredmethods="4"/>
      <file name="useInView.tsx" path="C:\Users\purbo\Development\purbo-vite-personal-web\src\hooks\useInView.tsx">
        <metrics statements="16" coveredstatements="16" conditionals="6" coveredconditionals="5" methods="4" coveredmethods="4"/>
        <line num="1" count="2" type="stmt"/>
        <line num="9" count="2" type="stmt"/>
        <line num="10" count="96" type="stmt"/>
        <line num="11" count="96" type="stmt"/>
        <line num="13" count="96" type="stmt"/>
        <line num="14" count="96" type="stmt"/>
        <line num="15" count="2" type="cond" truecount="1" falsecount="1"/>
        <line num="16" count="2" type="stmt"/>
        <line num="17" count="2" type="stmt"/>
        <line num="21" count="96" type="cond" truecount="2" falsecount="0"/>
        <line num="22" count="90" type="stmt"/>
        <line num="25" count="96" type="stmt"/>
        <line num="26" count="96" type="cond" truecount="2" falsecount="0"/>
        <line num="27" count="52" type="stmt"/>
        <line num="32" count="96" type="stmt"/>
        <line num="35" count="2" type="stmt"/>
      </file>
    </package>
    <package name="src.sections">
      <metrics statements="24" coveredstatements="24" conditionals="22" coveredconditionals="18" methods="10" coveredmethods="10"/>
      <file name="Contact.tsx" path="C:\Users\purbo\Development\purbo-vite-personal-web\src\sections\Contact.tsx">
        <metrics statements="3" coveredstatements="3" conditionals="4" coveredconditionals="3" methods="1" coveredmethods="1"/>
        <line num="1" count="1" type="stmt"/>
        <line num="9" count="1" type="stmt"/>
        <line num="10" count="12" type="stmt"/>
      </file>
      <file name="Education.tsx" path="C:\Users\purbo\Development\purbo-vite-personal-web\src\sections\Education.tsx">
        <metrics statements="6" coveredstatements="6" conditionals="4" coveredconditionals="3" methods="1" coveredmethods="1"/>
        <line num="1" count="1" type="stmt"/>
        <line num="2" count="1" type="stmt"/>
        <line num="3" count="1" type="stmt"/>
        <line num="11" count="1" type="stmt"/>
        <line num="12" count="12" type="stmt"/>
        <line num="14" count="12" type="stmt"/>
      </file>
      <file name="Experience.tsx" path="C:\Users\purbo\Development\purbo-vite-personal-web\src\sections\Experience.tsx">
        <metrics statements="3" coveredstatements="3" conditionals="4" coveredconditionals="3" methods="1" coveredmethods="1"/>
        <line num="1" count="1" type="stmt"/>
        <line num="9" count="1" type="stmt"/>
        <line num="10" count="12" type="stmt"/>
      </file>
      <file name="Footer.tsx" path="C:\Users\purbo\Development\purbo-vite-personal-web\src\sections\Footer.tsx">
        <metrics statements="4" coveredstatements="4" conditionals="2" coveredconditionals="2" methods="1" coveredmethods="1"/>
        <line num="1" count="1" type="stmt"/>
        <line num="3" count="1" type="stmt"/>
        <line num="4" count="12" type="stmt"/>
        <line num="15" count="1" type="stmt"/>
      </file>
      <file name="Home.tsx" path="C:\Users\purbo\Development\purbo-vite-personal-web\src\sections\Home.tsx">
        <metrics statements="3" coveredstatements="3" conditionals="8" coveredconditionals="7" methods="1" coveredmethods="1"/>
        <line num="1" count="1" type="stmt"/>
        <line num="12" count="1" type="stmt"/>
        <line num="13" count="12" type="stmt"/>
      </file>
      <file name="index.ts" path="C:\Users\purbo\Development\purbo-vite-personal-web\src\sections\index.ts">
        <metrics statements="5" coveredstatements="5" conditionals="0" coveredconditionals="0" methods="5" coveredmethods="5"/>
        <line num="1" count="13" type="stmt"/>
        <line num="2" count="13" type="stmt"/>
        <line num="3" count="13" type="stmt"/>
        <line num="4" count="13" type="stmt"/>
        <line num="5" count="13" type="stmt"/>
      </file>
    </package>
    <package name="src.utils">
      <metrics statements="6" coveredstatements="3" conditionals="16" coveredconditionals="5" methods="1" coveredmethods="1"/>
      <file name="env.ts" path="C:\Users\purbo\Development\purbo-vite-personal-web\src\utils\env.ts">
        <metrics statements="6" coveredstatements="3" conditionals="16" coveredconditionals="5" methods="1" coveredmethods="1"/>
        <line num="2" count="2" type="stmt"/>
        <line num="3" count="6" type="cond" truecount="4" falsecount="1"/>
        <line num="4" count="6" type="cond" truecount="1" falsecount="1"/>
        <line num="7" count="0" type="cond" truecount="0" falsecount="2"/>
        <line num="14" count="0" type="cond" truecount="0" falsecount="2"/>
        <line num="16" count="0" type="stmt"/>
      </file>
    </package>
  </project>
</coverage>
