{"C:\\Users\\purbo\\Development\\purbo-vite-personal-web\\src\\App.tsx": {"path":"C:\\Users\\purbo\\Development\\purbo-vite-personal-web\\src\\App.tsx","statementMap":{"0":{"start":{"line":6,"column":0},"end":{"line":6,"column":24}},"1":{"start":{"line":1,"column":0},"end":{"line":1,"column":44}},"2":{"start":{"line":2,"column":0},"end":{"line":2,"column":19}},"3":{"start":{"line":3,"column":0},"end":{"line":3,"column":74}},"4":{"start":{"line":4,"column":0},"end":{"line":4,"column":38}},"5":{"start":{"line":7,"column":42},"end":{"line":12,"column":4}},"6":{"start":{"line":8,"column":4},"end":{"line":10,"column":5}},"7":{"start":{"line":9,"column":6},"end":{"line":9,"column":57}},"8":{"start":{"line":11,"column":4},"end":{"line":11,"column":17}},"9":{"start":{"line":14,"column":25},"end":{"line":20,"column":3}},"10":{"start":{"line":15,"column":4},"end":{"line":19,"column":7}},"11":{"start":{"line":16,"column":19},"end":{"line":16,"column":24}},"12":{"start":{"line":17,"column":6},"end":{"line":17,"column":64}},"13":{"start":{"line":18,"column":6},"end":{"line":18,"column":18}},"14":{"start":{"line":22,"column":2},"end":{"line":24,"column":21}},"15":{"start":{"line":23,"column":4},"end":{"line":23,"column":70}},"16":{"start":{"line":26,"column":2},"end":{"line":87,"column":4}}},"fnMap":{"0":{"name":"App","decl":{"start":{"line":6,"column":24},"end":{"line":6,"column":27}},"loc":{"start":{"line":6,"column":27},"end":{"line":88,"column":1}}},"1":{"name":"(anonymous_1)","decl":{"start":{"line":7,"column":60},"end":{"line":7,"column":63}},"loc":{"start":{"line":7,"column":65},"end":{"line":12,"column":3}}},"2":{"name":"(anonymous_2)","decl":{"start":{"line":14,"column":25},"end":{"line":14,"column":28}},"loc":{"start":{"line":14,"column":30},"end":{"line":20,"column":3}}},"3":{"name":"(anonymous_3)","decl":{"start":{"line":15,"column":20},"end":{"line":15,"column":21}},"loc":{"start":{"line":15,"column":29},"end":{"line":19,"column":5}}},"4":{"name":"(anonymous_4)","decl":{"start":{"line":22,"column":12},"end":{"line":22,"column":15}},"loc":{"start":{"line":22,"column":17},"end":{"line":24,"column":3}}}},"branchMap":{"0":{"loc":{"start":{"line":8,"column":4},"end":{"line":10,"column":5}},"type":"if","locations":[{"start":{"line":8,"column":4},"end":{"line":10,"column":5}},{"start":{},"end":{}}]},"1":{"loc":{"start":{"line":17,"column":39},"end":{"line":17,"column":62}},"type":"cond-expr","locations":[{"start":{"line":17,"column":46},"end":{"line":17,"column":52}},{"start":{"line":17,"column":55},"end":{"line":17,"column":62}}]},"2":{"loc":{"start":{"line":23,"column":37},"end":{"line":23,"column":68}},"type":"cond-expr","locations":[{"start":{"line":23,"column":52},"end":{"line":23,"column":58}},{"start":{"line":23,"column":61},"end":{"line":23,"column":68}}]},"3":{"loc":{"start":{"line":29,"column":8},"end":{"line":29,"column":null}},"type":"cond-expr","locations":[{"start":{"line":29,"column":23},"end":{"line":29,"column":36}},{"start":{"line":29,"column":39},"end":{"line":29,"column":null}}]},"4":{"loc":{"start":{"line":34,"column":64},"end":{"line":34,"column":97}},"type":"cond-expr","locations":[{"start":{"line":34,"column":79},"end":{"line":34,"column":92}},{"start":{"line":34,"column":95},"end":{"line":34,"column":97}}]},"5":{"loc":{"start":{"line":35,"column":69},"end":{"line":35,"column":102}},"type":"cond-expr","locations":[{"start":{"line":35,"column":84},"end":{"line":35,"column":97}},{"start":{"line":35,"column":100},"end":{"line":35,"column":102}}]},"6":{"loc":{"start":{"line":36,"column":70},"end":{"line":36,"column":103}},"type":"cond-expr","locations":[{"start":{"line":36,"column":85},"end":{"line":36,"column":98}},{"start":{"line":36,"column":101},"end":{"line":36,"column":103}}]},"7":{"loc":{"start":{"line":37,"column":67},"end":{"line":37,"column":100}},"type":"cond-expr","locations":[{"start":{"line":37,"column":82},"end":{"line":37,"column":95}},{"start":{"line":37,"column":98},"end":{"line":37,"column":100}}]},"8":{"loc":{"start":{"line":41,"column":10},"end":{"line":41,"column":null}},"type":"cond-expr","locations":[{"start":{"line":41,"column":25},"end":{"line":41,"column":37}},{"start":{"line":41,"column":40},"end":{"line":41,"column":null}}]},"9":{"loc":{"start":{"line":54,"column":23},"end":{"line":54,"column":51}},"type":"cond-expr","locations":[{"start":{"line":54,"column":38},"end":{"line":54,"column":46}},{"start":{"line":54,"column":49},"end":{"line":54,"column":51}}]},"10":{"loc":{"start":{"line":68,"column":23},"end":{"line":68,"column":51}},"type":"cond-expr","locations":[{"start":{"line":68,"column":38},"end":{"line":68,"column":40}},{"start":{"line":68,"column":43},"end":{"line":68,"column":51}}]}},"s":{"0":1,"1":1,"2":1,"3":1,"4":1,"5":12,"6":6,"7":6,"8":0,"9":12,"10":6,"11":6,"12":6,"13":6,"14":12,"15":12,"16":12},"f":{"0":12,"1":6,"2":6,"3":6,"4":12},"b":{"0":[6,0],"1":[4,2],"2":[5,7],"3":[5,7],"4":[5,7],"5":[5,7],"6":[5,7],"7":[5,7],"8":[5,7],"9":[5,7],"10":[5,7]}}
,"C:\\Users\\purbo\\Development\\purbo-vite-personal-web\\src\\information.ts": {"path":"C:\\Users\\purbo\\Development\\purbo-vite-personal-web\\src\\information.ts","statementMap":{"0":{"start":{"line":1,"column":0},"end":{"line":1,"column":61}},"1":{"start":{"line":2,"column":0},"end":{"line":2,"column":50}},"2":{"start":{"line":3,"column":0},"end":{"line":3,"column":46}},"3":{"start":{"line":4,"column":0},"end":{"line":4,"column":60}},"4":{"start":{"line":5,"column":0},"end":{"line":5,"column":40}},"5":{"start":{"line":6,"column":0},"end":{"line":6,"column":40}},"6":{"start":{"line":10,"column":13},"end":{"line":10,"column":45}},"7":{"start":{"line":11,"column":13},"end":{"line":11,"column":40}},"8":{"start":{"line":12,"column":13},"end":{"line":12,"column":79}},"9":{"start":{"line":13,"column":13},"end":{"line":13,"column":53}},"10":{"start":{"line":16,"column":13},"end":{"line":50,"column":2}},"11":{"start":{"line":53,"column":13},"end":{"line":103,"column":2}},"12":{"start":{"line":106,"column":13},"end":{"line":107,"column":57}},"13":{"start":{"line":108,"column":13},"end":{"line":109,"column":48}},"14":{"start":{"line":110,"column":13},"end":{"line":110,"column":65}}},"fnMap":{},"branchMap":{},"s":{"0":3,"1":3,"2":3,"3":3,"4":3,"5":3,"6":3,"7":3,"8":3,"9":3,"10":3,"11":3,"12":3,"13":3,"14":3},"f":{},"b":{}}
,"C:\\Users\\purbo\\Development\\purbo-vite-personal-web\\src\\components\\FooterComponent.tsx": {"path":"C:\\Users\\purbo\\Development\\purbo-vite-personal-web\\src\\components\\FooterComponent.tsx","statementMap":{"0":{"start":{"line":12,"column":0},"end":{"line":12,"column":24}},"1":{"start":{"line":1,"column":0},"end":{"line":1,"column":54}},"2":{"start":{"line":2,"column":0},"end":{"line":2,"column":null}},"3":{"start":{"line":10,"column":20},"end":{"line":10,"column":44}},"4":{"start":{"line":17,"column":2},"end":{"line":73,"column":4}}},"fnMap":{"0":{"name":"FooterWithSocialLinks","decl":{"start":{"line":12,"column":24},"end":{"line":12,"column":45}},"loc":{"start":{"line":16,"column":1},"end":{"line":74,"column":1}}}},"branchMap":{"0":{"loc":{"start":{"line":24,"column":14},"end":{"line":24,"column":null}},"type":"cond-expr","locations":[{"start":{"line":24,"column":25},"end":{"line":24,"column":45}},{"start":{"line":24,"column":48},"end":{"line":24,"column":null}}]},"1":{"loc":{"start":{"line":42,"column":22},"end":{"line":42,"column":57}},"type":"cond-expr","locations":[{"start":{"line":42,"column":33},"end":{"line":42,"column":40}},{"start":{"line":42,"column":43},"end":{"line":42,"column":57}}]},"2":{"loc":{"start":{"line":58,"column":22},"end":{"line":58,"column":57}},"type":"cond-expr","locations":[{"start":{"line":58,"column":33},"end":{"line":58,"column":40}},{"start":{"line":58,"column":43},"end":{"line":58,"column":57}}]}},"s":{"0":1,"1":1,"2":1,"3":1,"4":12},"f":{"0":12},"b":{"0":[5,7],"1":[5,7],"2":[5,7]}}
,"C:\\Users\\purbo\\Development\\purbo-vite-personal-web\\src\\components\\Form.tsx": {"path":"C:\\Users\\purbo\\Development\\purbo-vite-personal-web\\src\\components\\Form.tsx","statementMap":{"0":{"start":{"line":6,"column":0},"end":{"line":6,"column":24}},"1":{"start":{"line":1,"column":0},"end":{"line":1,"column":57}},"2":{"start":{"line":2,"column":0},"end":{"line":2,"column":75}},"3":{"start":{"line":3,"column":0},"end":{"line":3,"column":34}},"4":{"start":{"line":4,"column":0},"end":{"line":4,"column":41}},"5":{"start":{"line":11,"column":34},"end":{"line":15,"column":4}},"6":{"start":{"line":17,"column":23},"end":{"line":22,"column":3}},"7":{"start":{"line":18,"column":4},"end":{"line":21,"column":7}},"8":{"start":{"line":24,"column":23},"end":{"line":51,"column":3}},"9":{"start":{"line":25,"column":4},"end":{"line":25,"column":23}},"10":{"start":{"line":27,"column":4},"end":{"line":50,"column":5}},"11":{"start":{"line":33,"column":6},"end":{"line":47,"column":8}},"12":{"start":{"line":40,"column":10},"end":{"line":40,"column":66}},"13":{"start":{"line":41,"column":10},"end":{"line":41,"column":46}},"14":{"start":{"line":44,"column":10},"end":{"line":44,"column":40}},"15":{"start":{"line":45,"column":10},"end":{"line":45,"column":67}},"16":{"start":{"line":49,"column":6},"end":{"line":49,"column":37}},"17":{"start":{"line":53,"column":24},"end":{"line":56,"column":3}},"18":{"start":{"line":54,"column":15},"end":{"line":54,"column":43}},"19":{"start":{"line":55,"column":4},"end":{"line":55,"column":26}},"20":{"start":{"line":58,"column":2},"end":{"line":142,"column":4}}},"fnMap":{"0":{"name":"SimpleRegistrationForm","decl":{"start":{"line":6,"column":24},"end":{"line":6,"column":46}},"loc":{"start":{"line":10,"column":1},"end":{"line":143,"column":1}}},"1":{"name":"(anonymous_2)","decl":{"start":{"line":17,"column":23},"end":{"line":17,"column":24}},"loc":{"start":{"line":17,"column":60},"end":{"line":22,"column":3}}},"2":{"name":"(anonymous_3)","decl":{"start":{"line":24,"column":23},"end":{"line":24,"column":24}},"loc":{"start":{"line":24,"column":57},"end":{"line":51,"column":3}}},"3":{"name":"(anonymous_4)","decl":{"start":{"line":39,"column":8},"end":{"line":39,"column":9}},"loc":{"start":{"line":39,"column":21},"end":{"line":42,"column":9}}},"4":{"name":"(anonymous_5)","decl":{"start":{"line":43,"column":8},"end":{"line":43,"column":9}},"loc":{"start":{"line":43,"column":16},"end":{"line":46,"column":9}}},"5":{"name":"(anonymous_6)","decl":{"start":{"line":53,"column":24},"end":{"line":53,"column":25}},"loc":{"start":{"line":53,"column":51},"end":{"line":56,"column":3}}}},"branchMap":{"0":{"loc":{"start":{"line":27,"column":4},"end":{"line":50,"column":5}},"type":"if","locations":[{"start":{"line":27,"column":4},"end":{"line":50,"column":5}},{"start":{"line":48,"column":11},"end":{"line":50,"column":5}}]},"1":{"loc":{"start":{"line":28,"column":6},"end":{"line":31,"column":35}},"type":"binary-expr","locations":[{"start":{"line":28,"column":6},"end":{"line":28,"column":26}},{"start":{"line":29,"column":6},"end":{"line":29,"column":27}},{"start":{"line":30,"column":6},"end":{"line":30,"column":29}},{"start":{"line":31,"column":6},"end":{"line":31,"column":35}}]},"2":{"loc":{"start":{"line":66,"column":34},"end":{"line":66,"column":62}},"type":"cond-expr","locations":[{"start":{"line":66,"column":45},"end":{"line":66,"column":57}},{"start":{"line":66,"column":60},"end":{"line":66,"column":62}}]},"3":{"loc":{"start":{"line":78,"column":32},"end":{"line":78,"column":63}},"type":"cond-expr","locations":[{"start":{"line":78,"column":43},"end":{"line":78,"column":58}},{"start":{"line":78,"column":61},"end":{"line":78,"column":63}}]},"4":{"loc":{"start":{"line":87,"column":14},"end":{"line":87,"column":null}},"type":"cond-expr","locations":[{"start":{"line":87,"column":25},"end":{"line":87,"column":40}},{"start":{"line":87,"column":43},"end":{"line":87,"column":null}}]},"5":{"loc":{"start":{"line":97,"column":32},"end":{"line":97,"column":63}},"type":"cond-expr","locations":[{"start":{"line":97,"column":43},"end":{"line":97,"column":58}},{"start":{"line":97,"column":61},"end":{"line":97,"column":63}}]},"6":{"loc":{"start":{"line":106,"column":14},"end":{"line":106,"column":null}},"type":"cond-expr","locations":[{"start":{"line":106,"column":25},"end":{"line":106,"column":40}},{"start":{"line":106,"column":43},"end":{"line":106,"column":null}}]},"7":{"loc":{"start":{"line":116,"column":32},"end":{"line":116,"column":63}},"type":"cond-expr","locations":[{"start":{"line":116,"column":43},"end":{"line":116,"column":58}},{"start":{"line":116,"column":61},"end":{"line":116,"column":63}}]},"8":{"loc":{"start":{"line":125,"column":14},"end":{"line":125,"column":null}},"type":"cond-expr","locations":[{"start":{"line":125,"column":25},"end":{"line":125,"column":40}},{"start":{"line":125,"column":43},"end":{"line":125,"column":null}}]},"9":{"loc":{"start":{"line":134,"column":29},"end":{"line":134,"column":69}},"type":"cond-expr","locations":[{"start":{"line":134,"column":40},"end":{"line":134,"column":64}},{"start":{"line":134,"column":67},"end":{"line":134,"column":69}}]}},"s":{"0":2,"1":2,"2":2,"3":2,"4":2,"5":140,"6":140,"7":121,"8":140,"9":4,"10":4,"11":2,"12":1,"13":1,"14":1,"15":1,"16":2,"17":140,"18":2,"19":2,"20":140},"f":{"0":140,"1":121,"2":4,"3":1,"4":1,"5":2},"b":{"0":[2,2],"1":[4,2,2,2],"2":[6,134],"3":[6,134],"4":[6,134],"5":[6,134],"6":[6,134],"7":[6,134],"8":[6,134],"9":[6,134]}}
,"C:\\Users\\purbo\\Development\\purbo-vite-personal-web\\src\\components\\Navbar.tsx": {"path":"C:\\Users\\purbo\\Development\\purbo-vite-personal-web\\src\\components\\Navbar.tsx","statementMap":{"0":{"start":{"line":85,"column":0},"end":{"line":85,"column":24}},"1":{"start":{"line":1,"column":0},"end":{"line":1,"column":44}},"2":{"start":{"line":2,"column":0},"end":{"line":2,"column":null}},"3":{"start":{"line":8,"column":0},"end":{"line":8,"column":67}},"4":{"start":{"line":9,"column":0},"end":{"line":9,"column":53}},"5":{"start":{"line":11,"column":27},"end":{"line":20,"column":1}},"6":{"start":{"line":14,"column":2},"end":{"line":14,"column":25}},"7":{"start":{"line":15,"column":19},"end":{"line":15,"column":69}},"8":{"start":{"line":16,"column":24},"end":{"line":16,"column":57}},"9":{"start":{"line":17,"column":2},"end":{"line":19,"column":3}},"10":{"start":{"line":18,"column":4},"end":{"line":18,"column":57}},"11":{"start":{"line":23,"column":2},"end":{"line":82,"column":4}},"12":{"start":{"line":86,"column":32},"end":{"line":86,"column":56}},"13":{"start":{"line":88,"column":29},"end":{"line":89,"column":49}},"14":{"start":{"line":89,"column":4},"end":{"line":89,"column":49}},"15":{"start":{"line":91,"column":2},"end":{"line":97,"column":9}},"16":{"start":{"line":92,"column":4},"end":{"line":92,"column":58}},"17":{"start":{"line":94,"column":4},"end":{"line":96,"column":6}},"18":{"start":{"line":95,"column":6},"end":{"line":95,"column":63}},"19":{"start":{"line":99,"column":2},"end":{"line":134,"column":4}},"20":{"start":{"line":119,"column":27},"end":{"line":119,"column":47}}},"fnMap":{"0":{"name":"(anonymous_0)","decl":{"start":{"line":11,"column":27},"end":{"line":11,"column":null}},"loc":{"start":{"line":13,"column":4},"end":{"line":20,"column":1}}},"1":{"name":"NavList","decl":{"start":{"line":22,"column":9},"end":{"line":22,"column":16}},"loc":{"start":{"line":22,"column":16},"end":{"line":83,"column":1}}},"2":{"name":"NavbarSimple","decl":{"start":{"line":85,"column":24},"end":{"line":85,"column":36}},"loc":{"start":{"line":85,"column":36},"end":{"line":135,"column":1}}},"3":{"name":"(anonymous_3)","decl":{"start":{"line":88,"column":29},"end":{"line":88,"column":32}},"loc":{"start":{"line":89,"column":4},"end":{"line":89,"column":49}}},"4":{"name":"(anonymous_4)","decl":{"start":{"line":91,"column":12},"end":{"line":91,"column":15}},"loc":{"start":{"line":91,"column":17},"end":{"line":97,"column":3}}},"5":{"name":"(anonymous_5)","decl":{"start":{"line":94,"column":11},"end":{"line":94,"column":14}},"loc":{"start":{"line":94,"column":16},"end":{"line":96,"column":5}}},"6":{"name":"(anonymous_6)","decl":{"start":{"line":119,"column":21},"end":{"line":119,"column":24}},"loc":{"start":{"line":119,"column":27},"end":{"line":119,"column":47}}}},"branchMap":{"0":{"loc":{"start":{"line":17,"column":2},"end":{"line":19,"column":3}},"type":"if","locations":[{"start":{"line":17,"column":2},"end":{"line":19,"column":3}},{"start":{},"end":{}}]},"1":{"loc":{"start":{"line":89,"column":4},"end":{"line":89,"column":49}},"type":"binary-expr","locations":[{"start":{"line":89,"column":4},"end":{"line":89,"column":28}},{"start":{"line":89,"column":32},"end":{"line":89,"column":49}}]},"2":{"loc":{"start":{"line":120,"column":24},"end":{"line":120,"column":72}},"type":"cond-expr","locations":[{"start":{"line":120,"column":34},"end":{"line":120,"column":52}},{"start":{"line":120,"column":55},"end":{"line":120,"column":72}}]},"3":{"loc":{"start":{"line":122,"column":13},"end":{"line":125,"column":null}},"type":"cond-expr","locations":[{"start":{"line":123,"column":14},"end":{"line":123,"column":63}},{"start":{"line":125,"column":14},"end":{"line":125,"column":63}}]}},"s":{"0":2,"1":2,"2":2,"3":2,"4":2,"5":2,"6":1,"7":1,"8":1,"9":1,"10":1,"11":50,"12":25,"13":25,"14":1,"15":25,"16":13,"17":13,"18":13,"19":25,"20":5},"f":{"0":1,"1":50,"2":25,"3":1,"4":13,"5":13,"6":5},"b":{"0":[1,0],"1":[1,1],"2":[3,22],"3":[3,22]}}
,"C:\\Users\\purbo\\Development\\purbo-vite-personal-web\\src\\components\\SectionTitle.tsx": {"path":"C:\\Users\\purbo\\Development\\purbo-vite-personal-web\\src\\components\\SectionTitle.tsx","statementMap":{"0":{"start":{"line":1,"column":21},"end":{"line":17,"column":1}},"1":{"start":{"line":8,"column":4},"end":{"line":16,"column":6}},"2":{"start":{"line":19,"column":0},"end":{"line":19,"column":28}}},"fnMap":{"0":{"name":"(anonymous_0)","decl":{"start":{"line":1,"column":21},"end":{"line":1,"column":22}},"loc":{"start":{"line":7,"column":5},"end":{"line":17,"column":1}}}},"branchMap":{"0":{"loc":{"start":{"line":11,"column":16},"end":{"line":11,"column":null}},"type":"cond-expr","locations":[{"start":{"line":11,"column":27},"end":{"line":11,"column":39}},{"start":{"line":11,"column":42},"end":{"line":11,"column":null}}]}},"s":{"0":2,"1":37,"2":2},"f":{"0":37},"b":{"0":[15,22]}}
,"C:\\Users\\purbo\\Development\\purbo-vite-personal-web\\src\\components\\StepperWithIcon.tsx": {"path":"C:\\Users\\purbo\\Development\\purbo-vite-personal-web\\src\\components\\StepperWithIcon.tsx","statementMap":{"0":{"start":{"line":5,"column":0},"end":{"line":5,"column":24}},"1":{"start":{"line":1,"column":0},"end":{"line":1,"column":40}},"2":{"start":{"line":2,"column":0},"end":{"line":2,"column":65}},"3":{"start":{"line":16,"column":40},"end":{"line":16,"column":64}},"4":{"start":{"line":17,"column":42},"end":{"line":17,"column":66}},"5":{"start":{"line":19,"column":23},"end":{"line":19,"column":75}},"6":{"start":{"line":19,"column":29},"end":{"line":19,"column":75}},"7":{"start":{"line":19,"column":67},"end":{"line":19,"column":74}},"8":{"start":{"line":20,"column":23},"end":{"line":20,"column":76}},"9":{"start":{"line":20,"column":29},"end":{"line":20,"column":76}},"10":{"start":{"line":20,"column":68},"end":{"line":20,"column":75}},"11":{"start":{"line":22,"column":4},"end":{"line":62,"column":6}},"12":{"start":{"line":26,"column":39},"end":{"line":26,"column":59}},"13":{"start":{"line":27,"column":40},"end":{"line":27,"column":61}},"14":{"start":{"line":31,"column":20},"end":{"line":32,"column":null}},"15":{"start":{"line":36,"column":39},"end":{"line":36,"column":57}}},"fnMap":{"0":{"name":"StepperWithIcon","decl":{"start":{"line":5,"column":24},"end":{"line":5,"column":39}},"loc":{"start":{"line":15,"column":1},"end":{"line":63,"column":1}}},"1":{"name":"(anonymous_7)","decl":{"start":{"line":19,"column":23},"end":{"line":19,"column":26}},"loc":{"start":{"line":19,"column":29},"end":{"line":19,"column":75}}},"2":{"name":"(anonymous_8)","decl":{"start":{"line":19,"column":58},"end":{"line":19,"column":59}},"loc":{"start":{"line":19,"column":67},"end":{"line":19,"column":74}}},"3":{"name":"(anonymous_9)","decl":{"start":{"line":20,"column":23},"end":{"line":20,"column":26}},"loc":{"start":{"line":20,"column":29},"end":{"line":20,"column":76}}},"4":{"name":"(anonymous_10)","decl":{"start":{"line":20,"column":59},"end":{"line":20,"column":60}},"loc":{"start":{"line":20,"column":68},"end":{"line":20,"column":75}}},"5":{"name":"(anonymous_11)","decl":{"start":{"line":26,"column":28},"end":{"line":26,"column":29}},"loc":{"start":{"line":26,"column":39},"end":{"line":26,"column":59}}},"6":{"name":"(anonymous_12)","decl":{"start":{"line":27,"column":29},"end":{"line":27,"column":30}},"loc":{"start":{"line":27,"column":40},"end":{"line":27,"column":61}}},"7":{"name":"(anonymous_13)","decl":{"start":{"line":30,"column":34},"end":{"line":30,"column":35}},"loc":{"start":{"line":31,"column":20},"end":{"line":32,"column":null}}},"8":{"name":"(anonymous_14)","decl":{"start":{"line":36,"column":33},"end":{"line":36,"column":36}},"loc":{"start":{"line":36,"column":39},"end":{"line":36,"column":57}}}},"branchMap":{"0":{"loc":{"start":{"line":19,"column":29},"end":{"line":19,"column":75}},"type":"binary-expr","locations":[{"start":{"line":19,"column":29},"end":{"line":19,"column":40}},{"start":{"line":19,"column":44},"end":{"line":19,"column":75}}]},"1":{"loc":{"start":{"line":20,"column":29},"end":{"line":20,"column":76}},"type":"binary-expr","locations":[{"start":{"line":20,"column":29},"end":{"line":20,"column":41}},{"start":{"line":20,"column":45},"end":{"line":20,"column":76}}]},"2":{"loc":{"start":{"line":28,"column":37},"end":{"line":28,"column":66}},"type":"cond-expr","locations":[{"start":{"line":28,"column":48},"end":{"line":28,"column":61}},{"start":{"line":28,"column":64},"end":{"line":28,"column":66}}]},"3":{"loc":{"start":{"line":33,"column":35},"end":{"line":33,"column":64}},"type":"cond-expr","locations":[{"start":{"line":33,"column":46},"end":{"line":33,"column":59}},{"start":{"line":33,"column":62},"end":{"line":33,"column":64}}]},"4":{"loc":{"start":{"line":34,"column":41},"end":{"line":34,"column":70}},"type":"cond-expr","locations":[{"start":{"line":34,"column":52},"end":{"line":34,"column":65}},{"start":{"line":34,"column":68},"end":{"line":34,"column":70}}]},"5":{"loc":{"start":{"line":35,"column":44},"end":{"line":35,"column":73}},"type":"cond-expr","locations":[{"start":{"line":35,"column":55},"end":{"line":35,"column":68}},{"start":{"line":35,"column":71},"end":{"line":35,"column":73}}]},"6":{"loc":{"start":{"line":47,"column":34},"end":{"line":47,"column":74}},"type":"cond-expr","locations":[{"start":{"line":47,"column":45},"end":{"line":47,"column":69}},{"start":{"line":47,"column":72},"end":{"line":47,"column":74}}]},"7":{"loc":{"start":{"line":54,"column":34},"end":{"line":54,"column":74}},"type":"cond-expr","locations":[{"start":{"line":54,"column":45},"end":{"line":54,"column":69}},{"start":{"line":54,"column":72},"end":{"line":54,"column":74}}]},"8":{"loc":{"start":{"line":55,"column":24},"end":{"line":55,"column":null}},"type":"cond-expr","locations":[{"start":{"line":55,"column":43},"end":{"line":55,"column":58}},{"start":{"line":55,"column":61},"end":{"line":55,"column":null}}]}},"s":{"0":2,"1":2,"2":2,"3":49,"4":49,"5":49,"6":1,"7":1,"8":49,"9":1,"10":1,"11":49,"12":34,"13":34,"14":147,"15":1},"f":{"0":49,"1":1,"2":1,"3":1,"4":1,"5":34,"6":34,"7":147,"8":1},"b":{"0":[1,1],"1":[1,1],"2":[10,39],"3":[30,117],"4":[30,117],"5":[30,117],"6":[10,39],"7":[10,39],"8":[44,5]}}
,"C:\\Users\\purbo\\Development\\purbo-vite-personal-web\\src\\components\\Timeline.tsx": {"path":"C:\\Users\\purbo\\Development\\purbo-vite-personal-web\\src\\components\\Timeline.tsx","statementMap":{"0":{"start":{"line":15,"column":0},"end":{"line":15,"column":24}},"1":{"start":{"line":1,"column":0},"end":{"line":1,"column":null}},"2":{"start":{"line":10,"column":0},"end":{"line":10,"column":75}},"3":{"start":{"line":11,"column":0},"end":{"line":11,"column":43}},"4":{"start":{"line":12,"column":0},"end":{"line":12,"column":45}},"5":{"start":{"line":16,"column":15},"end":{"line":16,"column":67}},"6":{"start":{"line":16,"column":37},"end":{"line":16,"column":66}},"7":{"start":{"line":17,"column":16},"end":{"line":25,"column":4}},"8":{"start":{"line":27,"column":2},"end":{"line":90,"column":4}},"9":{"start":{"line":31,"column":34},"end":{"line":31,"column":45}},"10":{"start":{"line":32,"column":31},"end":{"line":32,"column":76}},"11":{"start":{"line":33,"column":10},"end":{"line":86,"column":12}}},"fnMap":{"0":{"name":"TimelineWithIcon","decl":{"start":{"line":15,"column":24},"end":{"line":15,"column":40}},"loc":{"start":{"line":15,"column":76},"end":{"line":91,"column":1}}},"1":{"name":"(anonymous_2)","decl":{"start":{"line":16,"column":31},"end":{"line":16,"column":34}},"loc":{"start":{"line":16,"column":37},"end":{"line":16,"column":66}}},"2":{"name":"(anonymous_3)","decl":{"start":{"line":30,"column":25},"end":{"line":30,"column":26}},"loc":{"start":{"line":30,"column":67},"end":{"line":87,"column":9}}}},"branchMap":{"0":{"loc":{"start":{"line":18,"column":49},"end":{"line":18,"column":67}},"type":"cond-expr","locations":[{"start":{"line":18,"column":60},"end":{"line":18,"column":62}},{"start":{"line":18,"column":65},"end":{"line":18,"column":67}}]},"1":{"loc":{"start":{"line":19,"column":62},"end":{"line":19,"column":80}},"type":"cond-expr","locations":[{"start":{"line":19,"column":73},"end":{"line":19,"column":75}},{"start":{"line":19,"column":78},"end":{"line":19,"column":80}}]},"2":{"loc":{"start":{"line":20,"column":62},"end":{"line":20,"column":80}},"type":"cond-expr","locations":[{"start":{"line":20,"column":73},"end":{"line":20,"column":75}},{"start":{"line":20,"column":78},"end":{"line":20,"column":80}}]},"3":{"loc":{"start":{"line":21,"column":62},"end":{"line":21,"column":80}},"type":"cond-expr","locations":[{"start":{"line":21,"column":73},"end":{"line":21,"column":75}},{"start":{"line":21,"column":78},"end":{"line":21,"column":80}}]},"4":{"loc":{"start":{"line":22,"column":62},"end":{"line":22,"column":80}},"type":"cond-expr","locations":[{"start":{"line":22,"column":73},"end":{"line":22,"column":75}},{"start":{"line":22,"column":78},"end":{"line":22,"column":80}}]},"5":{"loc":{"start":{"line":23,"column":62},"end":{"line":23,"column":80}},"type":"cond-expr","locations":[{"start":{"line":23,"column":73},"end":{"line":23,"column":75}},{"start":{"line":23,"column":78},"end":{"line":23,"column":80}}]},"6":{"loc":{"start":{"line":24,"column":62},"end":{"line":24,"column":80}},"type":"cond-expr","locations":[{"start":{"line":24,"column":73},"end":{"line":24,"column":75}},{"start":{"line":24,"column":78},"end":{"line":24,"column":80}}]},"7":{"loc":{"start":{"line":32,"column":31},"end":{"line":32,"column":76}},"type":"binary-expr","locations":[{"start":{"line":32,"column":31},"end":{"line":32,"column":54}},{"start":{"line":32,"column":58},"end":{"line":32,"column":76}}]},"8":{"loc":{"start":{"line":38,"column":16},"end":{"line":38,"column":null}},"type":"cond-expr","locations":[{"start":{"line":38,"column":27},"end":{"line":38,"column":40}},{"start":{"line":38,"column":43},"end":{"line":38,"column":null}}]},"9":{"loc":{"start":{"line":41,"column":15},"end":{"line":42,"column":null}},"type":"binary-expr","locations":[{"start":{"line":41,"column":15},"end":{"line":41,"column":45}},{"start":{"line":41,"column":49},"end":{"line":41,"column":61}},{"start":{"line":42,"column":16},"end":{"line":42,"column":70}}]},"10":{"loc":{"start":{"line":46,"column":36},"end":{"line":46,"column":65}},"type":"cond-expr","locations":[{"start":{"line":46,"column":47},"end":{"line":46,"column":60}},{"start":{"line":46,"column":63},"end":{"line":46,"column":65}}]},"11":{"loc":{"start":{"line":54,"column":29},"end":{"line":54,"column":60}},"type":"cond-expr","locations":[{"start":{"line":54,"column":40},"end":{"line":54,"column":55}},{"start":{"line":54,"column":58},"end":{"line":54,"column":60}}]},"12":{"loc":{"start":{"line":63,"column":42},"end":{"line":63,"column":73}},"type":"cond-expr","locations":[{"start":{"line":63,"column":53},"end":{"line":63,"column":68}},{"start":{"line":63,"column":71},"end":{"line":63,"column":73}}]},"13":{"loc":{"start":{"line":70,"column":20},"end":{"line":70,"column":null}},"type":"cond-expr","locations":[{"start":{"line":70,"column":31},"end":{"line":70,"column":46}},{"start":{"line":70,"column":49},"end":{"line":70,"column":null}}]},"14":{"loc":{"start":{"line":78,"column":20},"end":{"line":78,"column":null}},"type":"cond-expr","locations":[{"start":{"line":78,"column":31},"end":{"line":78,"column":43}},{"start":{"line":78,"column":46},"end":{"line":78,"column":null}}]}},"s":{"0":2,"1":2,"2":2,"3":2,"4":2,"5":19,"6":133,"7":19,"8":19,"9":133,"10":133,"11":133},"f":{"0":19,"1":133,"2":133},"b":{"0":[8,11],"1":[8,11],"2":[8,11],"3":[8,11],"4":[8,11],"5":[8,11],"6":[8,11],"7":[133,114],"8":[48,85],"9":[133,114,41],"10":[56,77],"11":[56,77],"12":[56,77],"13":[56,77],"14":[56,77]}}
,"C:\\Users\\purbo\\Development\\purbo-vite-personal-web\\src\\components\\UniversityCard.tsx": {"path":"C:\\Users\\purbo\\Development\\purbo-vite-personal-web\\src\\components\\UniversityCard.tsx","statementMap":{"0":{"start":{"line":11,"column":0},"end":{"line":11,"column":24}},"1":{"start":{"line":1,"column":0},"end":{"line":1,"column":44}},"2":{"start":{"line":2,"column":0},"end":{"line":2,"column":null}},"3":{"start":{"line":28,"column":46},"end":{"line":28,"column":66}},"4":{"start":{"line":30,"column":2},"end":{"line":35,"column":67}},"5":{"start":{"line":31,"column":4},"end":{"line":31,"column":40}},"6":{"start":{"line":33,"column":20},"end":{"line":33,"column":64}},"7":{"start":{"line":33,"column":37},"end":{"line":33,"column":58}},"8":{"start":{"line":34,"column":4},"end":{"line":34,"column":39}},"9":{"start":{"line":34,"column":17},"end":{"line":34,"column":38}},"10":{"start":{"line":37,"column":2},"end":{"line":80,"column":4}}},"fnMap":{"0":{"name":"UniversityCard","decl":{"start":{"line":11,"column":24},"end":{"line":11,"column":38}},"loc":{"start":{"line":27,"column":1},"end":{"line":81,"column":1}}},"1":{"name":"(anonymous_1)","decl":{"start":{"line":30,"column":12},"end":{"line":30,"column":15}},"loc":{"start":{"line":30,"column":17},"end":{"line":35,"column":3}}},"2":{"name":"(anonymous_2)","decl":{"start":{"line":33,"column":31},"end":{"line":33,"column":34}},"loc":{"start":{"line":33,"column":37},"end":{"line":33,"column":58}}},"3":{"name":"(anonymous_3)","decl":{"start":{"line":34,"column":11},"end":{"line":34,"column":14}},"loc":{"start":{"line":34,"column":17},"end":{"line":34,"column":38}}}},"branchMap":{"0":{"loc":{"start":{"line":68,"column":9},"end":{"line":71,"column":null}},"type":"binary-expr","locations":[{"start":{"line":68,"column":9},"end":{"line":68,"column":19}},{"start":{"line":69,"column":10},"end":{"line":70,"column":null}}]}},"s":{"0":1,"1":1,"2":1,"3":18,"4":18,"5":6,"6":6,"7":0,"8":6,"9":6,"10":18},"f":{"0":18,"1":6,"2":0,"3":6},"b":{"0":[18,18]}}
,"C:\\Users\\purbo\\Development\\purbo-vite-personal-web\\src\\components\\index.ts": {"path":"C:\\Users\\purbo\\Development\\purbo-vite-personal-web\\src\\components\\index.ts","statementMap":{"0":{"start":{"line":1,"column":0},"end":{"line":1,"column":9}},"1":{"start":{"line":1,"column":9},"end":{"line":1,"column":26}},"2":{"start":{"line":2,"column":0},"end":{"line":2,"column":9}},"3":{"start":{"line":2,"column":9},"end":{"line":2,"column":35}},"4":{"start":{"line":3,"column":0},"end":{"line":3,"column":9}},"5":{"start":{"line":3,"column":9},"end":{"line":3,"column":34}},"6":{"start":{"line":4,"column":0},"end":{"line":4,"column":9}},"7":{"start":{"line":4,"column":9},"end":{"line":4,"column":28}},"8":{"start":{"line":5,"column":0},"end":{"line":5,"column":9}},"9":{"start":{"line":5,"column":9},"end":{"line":5,"column":24}},"10":{"start":{"line":6,"column":0},"end":{"line":6,"column":9}},"11":{"start":{"line":6,"column":9},"end":{"line":6,"column":35}},"12":{"start":{"line":7,"column":0},"end":{"line":7,"column":9}},"13":{"start":{"line":7,"column":9},"end":{"line":7,"column":32}}},"fnMap":{"0":{"name":"(anonymous_1)","decl":{"start":{"line":1,"column":9},"end":{"line":1,"column":16}},"loc":{"start":{"line":1,"column":9},"end":{"line":1,"column":26}}},"1":{"name":"(anonymous_2)","decl":{"start":{"line":2,"column":9},"end":{"line":2,"column":16}},"loc":{"start":{"line":2,"column":9},"end":{"line":2,"column":35}}},"2":{"name":"(anonymous_3)","decl":{"start":{"line":3,"column":9},"end":{"line":3,"column":16}},"loc":{"start":{"line":3,"column":9},"end":{"line":3,"column":34}}},"3":{"name":"(anonymous_4)","decl":{"start":{"line":4,"column":9},"end":{"line":4,"column":16}},"loc":{"start":{"line":4,"column":9},"end":{"line":4,"column":28}}},"4":{"name":"(anonymous_5)","decl":{"start":{"line":5,"column":9},"end":{"line":5,"column":16}},"loc":{"start":{"line":5,"column":9},"end":{"line":5,"column":24}}},"5":{"name":"(anonymous_6)","decl":{"start":{"line":6,"column":9},"end":{"line":6,"column":16}},"loc":{"start":{"line":6,"column":9},"end":{"line":6,"column":35}}},"6":{"name":"(anonymous_7)","decl":{"start":{"line":7,"column":9},"end":{"line":7,"column":16}},"loc":{"start":{"line":7,"column":9},"end":{"line":7,"column":32}}}},"branchMap":{},"s":{"0":1,"1":13,"2":1,"3":13,"4":1,"5":13,"6":1,"7":13,"8":1,"9":13,"10":1,"11":13,"12":1,"13":37},"f":{"0":12,"1":12,"2":12,"3":12,"4":12,"5":12,"6":36},"b":{}}
,"C:\\Users\\purbo\\Development\\purbo-vite-personal-web\\src\\hooks\\useInView.tsx": {"path":"C:\\Users\\purbo\\Development\\purbo-vite-personal-web\\src\\hooks\\useInView.tsx","statementMap":{"0":{"start":{"line":1,"column":0},"end":{"line":1,"column":52}},"1":{"start":{"line":9,"column":18},"end":{"line":33,"column":1}},"2":{"start":{"line":10,"column":36},"end":{"line":10,"column":60}},"3":{"start":{"line":11,"column":16},"end":{"line":11,"column":44}},"4":{"start":{"line":13,"column":4},"end":{"line":30,"column":18}},"5":{"start":{"line":14,"column":25},"end":{"line":19,"column":19}},"6":{"start":{"line":15,"column":12},"end":{"line":18,"column":13}},"7":{"start":{"line":16,"column":16},"end":{"line":16,"column":34}},"8":{"start":{"line":17,"column":16},"end":{"line":17,"column":49}},"9":{"start":{"line":21,"column":8},"end":{"line":23,"column":9}},"10":{"start":{"line":22,"column":12},"end":{"line":22,"column":42}},"11":{"start":{"line":25,"column":8},"end":{"line":29,"column":10}},"12":{"start":{"line":26,"column":12},"end":{"line":28,"column":13}},"13":{"start":{"line":27,"column":16},"end":{"line":27,"column":48}},"14":{"start":{"line":32,"column":4},"end":{"line":32,"column":27}},"15":{"start":{"line":35,"column":0},"end":{"line":35,"column":25}}},"fnMap":{"0":{"name":"(anonymous_0)","decl":{"start":{"line":9,"column":18},"end":{"line":9,"column":19}},"loc":{"start":{"line":9,"column":51},"end":{"line":33,"column":1}}},"1":{"name":"(anonymous_1)","decl":{"start":{"line":13,"column":14},"end":{"line":13,"column":17}},"loc":{"start":{"line":13,"column":19},"end":{"line":30,"column":5}}},"2":{"name":"(anonymous_2)","decl":{"start":{"line":14,"column":50},"end":{"line":14,"column":51}},"loc":{"start":{"line":14,"column":62},"end":{"line":19,"column":9}}},"3":{"name":"(anonymous_3)","decl":{"start":{"line":25,"column":15},"end":{"line":25,"column":18}},"loc":{"start":{"line":25,"column":20},"end":{"line":29,"column":9}}}},"branchMap":{"0":{"loc":{"start":{"line":15,"column":12},"end":{"line":18,"column":13}},"type":"if","locations":[{"start":{"line":15,"column":12},"end":{"line":18,"column":13}},{"start":{},"end":{}}]},"1":{"loc":{"start":{"line":21,"column":8},"end":{"line":23,"column":9}},"type":"if","locations":[{"start":{"line":21,"column":8},"end":{"line":23,"column":9}},{"start":{},"end":{}}]},"2":{"loc":{"start":{"line":26,"column":12},"end":{"line":28,"column":13}},"type":"if","locations":[{"start":{"line":26,"column":12},"end":{"line":28,"column":13}},{"start":{},"end":{}}]}},"s":{"0":2,"1":2,"2":96,"3":96,"4":96,"5":96,"6":2,"7":2,"8":2,"9":96,"10":90,"11":96,"12":96,"13":52,"14":96,"15":2},"f":{"0":96,"1":96,"2":2,"3":96},"b":{"0":[2,0],"1":[90,6],"2":[52,44]}}
,"C:\\Users\\purbo\\Development\\purbo-vite-personal-web\\src\\sections\\Contact.tsx": {"path":"C:\\Users\\purbo\\Development\\purbo-vite-personal-web\\src\\sections\\Contact.tsx","statementMap":{"0":{"start":{"line":9,"column":0},"end":{"line":9,"column":24}},"1":{"start":{"line":1,"column":0},"end":{"line":1,"column":51}},"2":{"start":{"line":10,"column":4},"end":{"line":22,"column":6}}},"fnMap":{"0":{"name":"Contact","decl":{"start":{"line":9,"column":24},"end":{"line":9,"column":31}},"loc":{"start":{"line":9,"column":78},"end":{"line":23,"column":1}}}},"branchMap":{"0":{"loc":{"start":{"line":11,"column":22},"end":{"line":11,"column":42}},"type":"cond-expr","locations":[{"start":{"line":11,"column":29},"end":{"line":11,"column":37}},{"start":{"line":11,"column":40},"end":{"line":11,"column":42}}]},"1":{"loc":{"start":{"line":15,"column":20},"end":{"line":15,"column":null}},"type":"cond-expr","locations":[{"start":{"line":15,"column":31},"end":{"line":15,"column":44}},{"start":{"line":15,"column":47},"end":{"line":15,"column":null}}]}},"s":{"0":1,"1":1,"2":12},"f":{"0":12},"b":{"0":[12,0],"1":[5,7]}}
,"C:\\Users\\purbo\\Development\\purbo-vite-personal-web\\src\\sections\\Education.tsx": {"path":"C:\\Users\\purbo\\Development\\purbo-vite-personal-web\\src\\sections\\Education.tsx","statementMap":{"0":{"start":{"line":11,"column":0},"end":{"line":11,"column":24}},"1":{"start":{"line":1,"column":0},"end":{"line":1,"column":26}},"2":{"start":{"line":2,"column":0},"end":{"line":2,"column":78}},"3":{"start":{"line":3,"column":0},"end":{"line":3,"column":46}},"4":{"start":{"line":12,"column":40},"end":{"line":12,"column":65}},"5":{"start":{"line":14,"column":4},"end":{"line":44,"column":6}}},"fnMap":{"0":{"name":"Education","decl":{"start":{"line":11,"column":24},"end":{"line":11,"column":33}},"loc":{"start":{"line":11,"column":82},"end":{"line":45,"column":1}}}},"branchMap":{"0":{"loc":{"start":{"line":15,"column":22},"end":{"line":15,"column":42}},"type":"cond-expr","locations":[{"start":{"line":15,"column":29},"end":{"line":15,"column":37}},{"start":{"line":15,"column":40},"end":{"line":15,"column":42}}]},"1":{"loc":{"start":{"line":19,"column":20},"end":{"line":19,"column":null}},"type":"cond-expr","locations":[{"start":{"line":19,"column":31},"end":{"line":19,"column":44}},{"start":{"line":19,"column":47},"end":{"line":19,"column":null}}]}},"s":{"0":1,"1":1,"2":1,"3":1,"4":12,"5":12},"f":{"0":12},"b":{"0":[12,0],"1":[5,7]}}
,"C:\\Users\\purbo\\Development\\purbo-vite-personal-web\\src\\sections\\Experience.tsx": {"path":"C:\\Users\\purbo\\Development\\purbo-vite-personal-web\\src\\sections\\Experience.tsx","statementMap":{"0":{"start":{"line":9,"column":0},"end":{"line":9,"column":24}},"1":{"start":{"line":1,"column":0},"end":{"line":1,"column":55}},"2":{"start":{"line":10,"column":4},"end":{"line":22,"column":6}}},"fnMap":{"0":{"name":"Experience","decl":{"start":{"line":9,"column":24},"end":{"line":9,"column":34}},"loc":{"start":{"line":9,"column":84},"end":{"line":23,"column":1}}}},"branchMap":{"0":{"loc":{"start":{"line":11,"column":22},"end":{"line":11,"column":42}},"type":"cond-expr","locations":[{"start":{"line":11,"column":29},"end":{"line":11,"column":37}},{"start":{"line":11,"column":40},"end":{"line":11,"column":42}}]},"1":{"loc":{"start":{"line":15,"column":20},"end":{"line":15,"column":null}},"type":"cond-expr","locations":[{"start":{"line":15,"column":31},"end":{"line":15,"column":44}},{"start":{"line":15,"column":47},"end":{"line":15,"column":null}}]}},"s":{"0":1,"1":1,"2":12},"f":{"0":12},"b":{"0":[12,0],"1":[5,7]}}
,"C:\\Users\\purbo\\Development\\purbo-vite-personal-web\\src\\sections\\Footer.tsx": {"path":"C:\\Users\\purbo\\Development\\purbo-vite-personal-web\\src\\sections\\Footer.tsx","statementMap":{"0":{"start":{"line":1,"column":0},"end":{"line":1,"column":48}},"1":{"start":{"line":3,"column":15},"end":{"line":13,"column":1}},"2":{"start":{"line":4,"column":4},"end":{"line":12,"column":6}},"3":{"start":{"line":15,"column":0},"end":{"line":15,"column":22}}},"fnMap":{"0":{"name":"(anonymous_0)","decl":{"start":{"line":3,"column":15},"end":{"line":3,"column":16}},"loc":{"start":{"line":3,"column":55},"end":{"line":13,"column":1}}}},"branchMap":{"0":{"loc":{"start":{"line":7,"column":16},"end":{"line":7,"column":null}},"type":"cond-expr","locations":[{"start":{"line":7,"column":27},"end":{"line":7,"column":40}},{"start":{"line":7,"column":43},"end":{"line":7,"column":null}}]}},"s":{"0":1,"1":1,"2":12,"3":1},"f":{"0":12},"b":{"0":[5,7]}}
,"C:\\Users\\purbo\\Development\\purbo-vite-personal-web\\src\\sections\\Home.tsx": {"path":"C:\\Users\\purbo\\Development\\purbo-vite-personal-web\\src\\sections\\Home.tsx","statementMap":{"0":{"start":{"line":12,"column":0},"end":{"line":12,"column":24}},"1":{"start":{"line":1,"column":0},"end":{"line":1,"column":null}},"2":{"start":{"line":13,"column":2},"end":{"line":44,"column":4}}},"fnMap":{"0":{"name":"Home","decl":{"start":{"line":12,"column":24},"end":{"line":12,"column":28}},"loc":{"start":{"line":12,"column":72},"end":{"line":45,"column":1}}}},"branchMap":{"0":{"loc":{"start":{"line":14,"column":18},"end":{"line":14,"column":38}},"type":"cond-expr","locations":[{"start":{"line":14,"column":25},"end":{"line":14,"column":33}},{"start":{"line":14,"column":36},"end":{"line":14,"column":38}}]},"1":{"loc":{"start":{"line":17,"column":10},"end":{"line":17,"column":null}},"type":"cond-expr","locations":[{"start":{"line":17,"column":21},"end":{"line":17,"column":36}},{"start":{"line":17,"column":39},"end":{"line":17,"column":null}}]},"2":{"loc":{"start":{"line":24,"column":14},"end":{"line":24,"column":null}},"type":"cond-expr","locations":[{"start":{"line":24,"column":25},"end":{"line":24,"column":40}},{"start":{"line":24,"column":43},"end":{"line":24,"column":null}}]},"3":{"loc":{"start":{"line":31,"column":14},"end":{"line":31,"column":null}},"type":"cond-expr","locations":[{"start":{"line":31,"column":25},"end":{"line":31,"column":40}},{"start":{"line":31,"column":43},"end":{"line":31,"column":null}}]}},"s":{"0":1,"1":1,"2":12},"f":{"0":12},"b":{"0":[12,0],"1":[5,7],"2":[5,7],"3":[5,7]}}
,"C:\\Users\\purbo\\Development\\purbo-vite-personal-web\\src\\sections\\index.ts": {"path":"C:\\Users\\purbo\\Development\\purbo-vite-personal-web\\src\\sections\\index.ts","statementMap":{"0":{"start":{"line":1,"column":0},"end":{"line":1,"column":9}},"1":{"start":{"line":1,"column":9},"end":{"line":1,"column":24}},"2":{"start":{"line":2,"column":0},"end":{"line":2,"column":9}},"3":{"start":{"line":2,"column":9},"end":{"line":2,"column":29}},"4":{"start":{"line":3,"column":0},"end":{"line":3,"column":9}},"5":{"start":{"line":3,"column":9},"end":{"line":3,"column":30}},"6":{"start":{"line":4,"column":0},"end":{"line":4,"column":9}},"7":{"start":{"line":4,"column":9},"end":{"line":4,"column":27}},"8":{"start":{"line":5,"column":0},"end":{"line":5,"column":9}},"9":{"start":{"line":5,"column":9},"end":{"line":5,"column":26}}},"fnMap":{"0":{"name":"(anonymous_1)","decl":{"start":{"line":1,"column":9},"end":{"line":1,"column":16}},"loc":{"start":{"line":1,"column":9},"end":{"line":1,"column":24}}},"1":{"name":"(anonymous_2)","decl":{"start":{"line":2,"column":9},"end":{"line":2,"column":16}},"loc":{"start":{"line":2,"column":9},"end":{"line":2,"column":29}}},"2":{"name":"(anonymous_3)","decl":{"start":{"line":3,"column":9},"end":{"line":3,"column":16}},"loc":{"start":{"line":3,"column":9},"end":{"line":3,"column":30}}},"3":{"name":"(anonymous_4)","decl":{"start":{"line":4,"column":9},"end":{"line":4,"column":16}},"loc":{"start":{"line":4,"column":9},"end":{"line":4,"column":27}}},"4":{"name":"(anonymous_5)","decl":{"start":{"line":5,"column":9},"end":{"line":5,"column":16}},"loc":{"start":{"line":5,"column":9},"end":{"line":5,"column":26}}}},"branchMap":{},"s":{"0":1,"1":13,"2":1,"3":13,"4":1,"5":13,"6":1,"7":13,"8":1,"9":13},"f":{"0":12,"1":12,"2":12,"3":12,"4":12},"b":{}}
,"C:\\Users\\purbo\\Development\\purbo-vite-personal-web\\src\\utils\\env.ts": {"path":"C:\\Users\\purbo\\Development\\purbo-vite-personal-web\\src\\utils\\env.ts","statementMap":{"0":{"start":{"line":2,"column":25},"end":{"line":17,"column":1}},"1":{"start":{"line":3,"column":4},"end":{"line":5,"column":5}},"2":{"start":{"line":4,"column":8},"end":{"line":4,"column":38}},"3":{"start":{"line":7,"column":4},"end":{"line":15,"column":5}},"4":{"start":{"line":14,"column":8},"end":{"line":14,"column":70}},"5":{"start":{"line":16,"column":4},"end":{"line":16,"column":14}},"6":{"start":{"line":2,"column":13},"end":{"line":2,"column":25}}},"fnMap":{"0":{"name":"(anonymous_0)","decl":{"start":{"line":2,"column":25},"end":{"line":2,"column":26}},"loc":{"start":{"line":2,"column":49},"end":{"line":17,"column":1}}}},"branchMap":{"0":{"loc":{"start":{"line":3,"column":4},"end":{"line":5,"column":5}},"type":"if","locations":[{"start":{"line":3,"column":4},"end":{"line":5,"column":5}},{"start":{},"end":{}}]},"1":{"loc":{"start":{"line":3,"column":8},"end":{"line":3,"column":73}},"type":"binary-expr","locations":[{"start":{"line":3,"column":8},"end":{"line":3,"column":38}},{"start":{"line":3,"column":42},"end":{"line":3,"column":53}},{"start":{"line":3,"column":57},"end":{"line":3,"column":73}}]},"2":{"loc":{"start":{"line":4,"column":15},"end":{"line":4,"column":37}},"type":"binary-expr","locations":[{"start":{"line":4,"column":15},"end":{"line":4,"column":31}},{"start":{"line":4,"column":35},"end":{"line":4,"column":37}}]},"3":{"loc":{"start":{"line":7,"column":4},"end":{"line":15,"column":5}},"type":"if","locations":[{"start":{"line":7,"column":4},"end":{"line":15,"column":5}},{"start":{},"end":{}}]},"4":{"loc":{"start":{"line":8,"column":8},"end":{"line":12,"column":56}},"type":"binary-expr","locations":[{"start":{"line":8,"column":8},"end":{"line":8,"column":37}},{"start":{"line":9,"column":8},"end":{"line":9,"column":56}},{"start":{"line":10,"column":10},"end":{"line":10,"column":47}},{"start":{"line":11,"column":10},"end":{"line":11,"column":51}},{"start":{"line":12,"column":10},"end":{"line":12,"column":56}}]},"5":{"loc":{"start":{"line":14,"column":17},"end":{"line":14,"column":69}},"type":"binary-expr","locations":[{"start":{"line":14,"column":17},"end":{"line":14,"column":63}},{"start":{"line":14,"column":67},"end":{"line":14,"column":69}}]}},"s":{"0":2,"1":6,"2":6,"3":0,"4":0,"5":0,"6":2},"f":{"0":6},"b":{"0":[6,0],"1":[6,6,6],"2":[6,0],"3":[0,0],"4":[0,0,0,0,0],"5":[0,0]}}
}
