{"C:\\Users\\purbo\\Development\\soar\\admin-dashboard-task\\src\\App.tsx": {"path":"C:\\Users\\purbo\\Development\\soar\\admin-dashboard-task\\src\\App.tsx","statementMap":{"0":{"start":{"line":8,"column":22},"end":{"line":22,"column":1}},"1":{"start":{"line":11,"column":2},"end":{"line":21,"column":4}}},"fnMap":{"0":{"name":"(anonymous_0)","decl":{"start":{"line":8,"column":22},"end":{"line":8,"column":25}},"loc":{"start":{"line":8,"column":27},"end":{"line":22,"column":1}}}},"branchMap":{},"s":{"0":0,"1":0},"f":{"0":0},"b":{}}
,"C:\\Users\\purbo\\Development\\soar\\admin-dashboard-task\\src\\main.tsx": {"path":"C:\\Users\\purbo\\Development\\soar\\admin-dashboard-task\\src\\main.tsx","statementMap":{"0":{"start":{"line":6,"column":0},"end":{"line":10,"column":null}}},"fnMap":{},"branchMap":{},"s":{"0":0},"f":{},"b":{}}
,"C:\\Users\\purbo\\Development\\soar\\admin-dashboard-task\\src\\components\\common\\Avatar.tsx": {"path":"C:\\Users\\purbo\\Development\\soar\\admin-dashboard-task\\src\\components\\common\\Avatar.tsx","statementMap":{"0":{"start":{"line":2,"column":0},"end":{"line":2,"column":33}},"1":{"start":{"line":3,"column":0},"end":{"line":3,"column":64}},"2":{"start":{"line":16,"column":38},"end":{"line":83,"column":1}},"3":{"start":{"line":24,"column":34},"end":{"line":24,"column":70}},"4":{"start":{"line":25,"column":38},"end":{"line":25,"column":53}},"5":{"start":{"line":28,"column":21},"end":{"line":34,"column":4}},"6":{"start":{"line":37,"column":23},"end":{"line":41,"column":4}},"7":{"start":{"line":44,"column":22},"end":{"line":49,"column":3}},"8":{"start":{"line":45,"column":4},"end":{"line":48,"column":5}},"9":{"start":{"line":46,"column":6},"end":{"line":46,"column":24}},"10":{"start":{"line":47,"column":6},"end":{"line":47,"column":26}},"11":{"start":{"line":52,"column":20},"end":{"line":52,"column":58}},"12":{"start":{"line":54,"column":2},"end":{"line":82,"column":4}},"13":{"start":{"line":85,"column":0},"end":{"line":85,"column":22}}},"fnMap":{"0":{"name":"(anonymous_0)","decl":{"start":{"line":16,"column":38},"end":{"line":16,"column":39}},"loc":{"start":{"line":23,"column":5},"end":{"line":83,"column":1}}},"1":{"name":"(anonymous_1)","decl":{"start":{"line":44,"column":22},"end":{"line":44,"column":25}},"loc":{"start":{"line":44,"column":27},"end":{"line":49,"column":3}}}},"branchMap":{"0":{"loc":{"start":{"line":19,"column":2},"end":{"line":19,"column":13}},"type":"default-arg","locations":[{"start":{"line":19,"column":9},"end":{"line":19,"column":13}}]},"1":{"loc":{"start":{"line":20,"column":2},"end":{"line":20,"column":16}},"type":"default-arg","locations":[{"start":{"line":20,"column":14},"end":{"line":20,"column":16}}]},"2":{"loc":{"start":{"line":24,"column":58},"end":{"line":24,"column":69}},"type":"binary-expr","locations":[{"start":{"line":24,"column":58},"end":{"line":24,"column":61}},{"start":{"line":24,"column":65},"end":{"line":24,"column":69}}]},"3":{"loc":{"start":{"line":45,"column":4},"end":{"line":48,"column":5}},"type":"if","locations":[{"start":{"line":45,"column":4},"end":{"line":48,"column":5}}]},"4":{"loc":{"start":{"line":52,"column":20},"end":{"line":52,"column":58}},"type":"binary-expr","locations":[{"start":{"line":52,"column":20},"end":{"line":52,"column":28}},{"start":{"line":52,"column":32},"end":{"line":52,"column":58}}]},"5":{"loc":{"start":{"line":56,"column":42},"end":{"line":56,"column":73}},"type":"cond-expr","locations":[{"start":{"line":56,"column":52},"end":{"line":56,"column":68}},{"start":{"line":56,"column":71},"end":{"line":56,"column":73}}]},"6":{"loc":{"start":{"line":70,"column":7},"end":{"line":79,"column":null}},"type":"binary-expr","locations":[{"start":{"line":70,"column":7},"end":{"line":70,"column":13}},{"start":{"line":71,"column":8},"end":{"line":78,"column":null}}]}},"s":{"0":1,"1":1,"2":1,"3":4,"4":4,"5":4,"6":4,"7":4,"8":0,"9":0,"10":0,"11":4,"12":4,"13":1},"f":{"0":4,"1":0},"b":{"0":[0],"1":[4],"2":[4,4],"3":[0],"4":[4,4],"5":[0,4],"6":[4,0]}}
,"C:\\Users\\purbo\\Development\\soar\\admin-dashboard-task\\src\\components\\common\\Button.tsx": {"path":"C:\\Users\\purbo\\Development\\soar\\admin-dashboard-task\\src\\components\\common\\Button.tsx","statementMap":{"0":{"start":{"line":17,"column":38},"end":{"line":90,"column":1}},"1":{"start":{"line":30,"column":4},"end":{"line":30,"column":94}},"2":{"start":{"line":33,"column":24},"end":{"line":38,"column":4}},"3":{"start":{"line":40,"column":21},"end":{"line":44,"column":4}},"4":{"start":{"line":46,"column":25},"end":{"line":46,"column":56}},"5":{"start":{"line":49,"column":4},"end":{"line":67,"column":null}},"6":{"start":{"line":71,"column":2},"end":{"line":89,"column":4}}},"fnMap":{"0":{"name":"(anonymous_0)","decl":{"start":{"line":17,"column":38},"end":{"line":17,"column":39}},"loc":{"start":{"line":28,"column":5},"end":{"line":90,"column":1}}}},"branchMap":{"0":{"loc":{"start":{"line":18,"column":2},"end":{"line":18,"column":21}},"type":"default-arg","locations":[{"start":{"line":18,"column":12},"end":{"line":18,"column":21}}]},"1":{"loc":{"start":{"line":19,"column":2},"end":{"line":19,"column":13}},"type":"default-arg","locations":[{"start":{"line":19,"column":9},"end":{"line":19,"column":13}}]},"2":{"loc":{"start":{"line":20,"column":2},"end":{"line":20,"column":19}},"type":"default-arg","locations":[{"start":{"line":20,"column":14},"end":{"line":20,"column":19}}]},"3":{"loc":{"start":{"line":23,"column":2},"end":{"line":23,"column":19}},"type":"default-arg","locations":[{"start":{"line":23,"column":14},"end":{"line":23,"column":19}}]},"4":{"loc":{"start":{"line":25,"column":2},"end":{"line":25,"column":16}},"type":"default-arg","locations":[{"start":{"line":25,"column":14},"end":{"line":25,"column":16}}]},"5":{"loc":{"start":{"line":76,"column":10},"end":{"line":76,"column":52}},"type":"cond-expr","locations":[{"start":{"line":76,"column":31},"end":{"line":76,"column":47}},{"start":{"line":76,"column":50},"end":{"line":76,"column":52}}]},"6":{"loc":{"start":{"line":77,"column":10},"end":{"line":77,"column":53}},"type":"cond-expr","locations":[{"start":{"line":77,"column":34},"end":{"line":77,"column":48}},{"start":{"line":77,"column":51},"end":{"line":77,"column":53}}]},"7":{"loc":{"start":{"line":77,"column":10},"end":{"line":77,"column":31}},"type":"binary-expr","locations":[{"start":{"line":77,"column":10},"end":{"line":77,"column":18}},{"start":{"line":77,"column":22},"end":{"line":77,"column":31}}]},"8":{"loc":{"start":{"line":78,"column":10},"end":{"line":78,"column":35}},"type":"cond-expr","locations":[{"start":{"line":78,"column":22},"end":{"line":78,"column":30}},{"start":{"line":78,"column":33},"end":{"line":78,"column":35}}]},"9":{"loc":{"start":{"line":81,"column":16},"end":{"line":81,"column":37}},"type":"binary-expr","locations":[{"start":{"line":81,"column":16},"end":{"line":81,"column":24}},{"start":{"line":81,"column":28},"end":{"line":81,"column":37}}]},"10":{"loc":{"start":{"line":84,"column":7},"end":{"line":84,"column":36}},"type":"binary-expr","locations":[{"start":{"line":84,"column":7},"end":{"line":84,"column":16}},{"start":{"line":84,"column":20},"end":{"line":84,"column":36}}]},"11":{"loc":{"start":{"line":85,"column":7},"end":{"line":85,"column":73}},"type":"binary-expr","locations":[{"start":{"line":85,"column":7},"end":{"line":85,"column":17}},{"start":{"line":85,"column":21},"end":{"line":85,"column":29}},{"start":{"line":85,"column":33},"end":{"line":85,"column":73}}]},"12":{"loc":{"start":{"line":87,"column":7},"end":{"line":87,"column":75}},"type":"binary-expr","locations":[{"start":{"line":87,"column":7},"end":{"line":87,"column":17}},{"start":{"line":87,"column":21},"end":{"line":87,"column":30}},{"start":{"line":87,"column":34},"end":{"line":87,"column":75}}]}},"s":{"0":0,"1":0,"2":0,"3":0,"4":0,"5":0,"6":0},"f":{"0":0},"b":{"0":[0],"1":[0],"2":[0],"3":[0],"4":[0],"5":[0,0],"6":[0,0],"7":[0,0],"8":[0,0],"9":[0,0],"10":[0,0],"11":[0,0,0],"12":[0,0,0]}}
,"C:\\Users\\purbo\\Development\\soar\\admin-dashboard-task\\src\\components\\common\\Card.tsx": {"path":"C:\\Users\\purbo\\Development\\soar\\admin-dashboard-task\\src\\components\\common\\Card.tsx","statementMap":{"0":{"start":{"line":12,"column":34},"end":{"line":30,"column":1}},"1":{"start":{"line":19,"column":2},"end":{"line":29,"column":4}}},"fnMap":{"0":{"name":"(anonymous_0)","decl":{"start":{"line":12,"column":34},"end":{"line":12,"column":35}},"loc":{"start":{"line":18,"column":5},"end":{"line":30,"column":1}}}},"branchMap":{"0":{"loc":{"start":{"line":16,"column":2},"end":{"line":16,"column":16}},"type":"default-arg","locations":[{"start":{"line":16,"column":14},"end":{"line":16,"column":16}}]},"1":{"loc":{"start":{"line":17,"column":2},"end":{"line":17,"column":19}},"type":"default-arg","locations":[{"start":{"line":17,"column":14},"end":{"line":17,"column":19}}]},"2":{"loc":{"start":{"line":21,"column":7},"end":{"line":25,"column":null}},"type":"binary-expr","locations":[{"start":{"line":21,"column":7},"end":{"line":21,"column":12}},{"start":{"line":22,"column":8},"end":{"line":24,"column":null}}]},"3":{"loc":{"start":{"line":24,"column":11},"end":{"line":24,"column":40}},"type":"binary-expr","locations":[{"start":{"line":24,"column":11},"end":{"line":24,"column":17}},{"start":{"line":24,"column":21},"end":{"line":24,"column":40}}]},"4":{"loc":{"start":{"line":27,"column":22},"end":{"line":27,"column":49}},"type":"cond-expr","locations":[{"start":{"line":27,"column":34},"end":{"line":27,"column":36}},{"start":{"line":27,"column":39},"end":{"line":27,"column":49}}]}},"s":{"0":0,"1":0},"f":{"0":0},"b":{"0":[0],"1":[0],"2":[0,0],"3":[0,0],"4":[0,0]}}
,"C:\\Users\\purbo\\Development\\soar\\admin-dashboard-task\\src\\components\\common\\Input.tsx": {"path":"C:\\Users\\purbo\\Development\\soar\\admin-dashboard-task\\src\\components\\common\\Input.tsx","statementMap":{"0":{"start":{"line":14,"column":36},"end":{"line":75,"column":1}},"1":{"start":{"line":27,"column":18},"end":{"line":27,"column":77}},"2":{"start":{"line":29,"column":2},"end":{"line":74,"column":4}}},"fnMap":{"0":{"name":"(anonymous_0)","decl":{"start":{"line":14,"column":36},"end":{"line":14,"column":37}},"loc":{"start":{"line":25,"column":5},"end":{"line":75,"column":1}}}},"branchMap":{"0":{"loc":{"start":{"line":20,"column":2},"end":{"line":20,"column":18}},"type":"default-arg","locations":[{"start":{"line":20,"column":14},"end":{"line":20,"column":18}}]},"1":{"loc":{"start":{"line":21,"column":2},"end":{"line":21,"column":16}},"type":"default-arg","locations":[{"start":{"line":21,"column":14},"end":{"line":21,"column":16}}]},"2":{"loc":{"start":{"line":27,"column":18},"end":{"line":27,"column":77}},"type":"binary-expr","locations":[{"start":{"line":27,"column":18},"end":{"line":27,"column":20}},{"start":{"line":27,"column":24},"end":{"line":27,"column":77}}]},"3":{"loc":{"start":{"line":30,"column":23},"end":{"line":30,"column":48}},"type":"cond-expr","locations":[{"start":{"line":30,"column":35},"end":{"line":30,"column":43}},{"start":{"line":30,"column":46},"end":{"line":30,"column":48}}]},"4":{"loc":{"start":{"line":31,"column":7},"end":{"line":37,"column":null}},"type":"binary-expr","locations":[{"start":{"line":31,"column":7},"end":{"line":31,"column":12}},{"start":{"line":32,"column":8},"end":{"line":36,"column":null}}]},"5":{"loc":{"start":{"line":41,"column":9},"end":{"line":44,"column":null}},"type":"binary-expr","locations":[{"start":{"line":41,"column":9},"end":{"line":41,"column":17}},{"start":{"line":42,"column":10},"end":{"line":43,"column":null}}]},"6":{"loc":{"start":{"line":50,"column":20},"end":{"line":50,"column":57}},"type":"binary-expr","locations":[{"start":{"line":50,"column":20},"end":{"line":50,"column":41}},{"start":{"line":50,"column":45},"end":{"line":50,"column":57}}]},"7":{"loc":{"start":{"line":51,"column":12},"end":{"line":51,"column":null}},"type":"cond-expr","locations":[{"start":{"line":51,"column":20},"end":{"line":51,"column":36}},{"start":{"line":51,"column":39},"end":{"line":51,"column":null}}]},"8":{"loc":{"start":{"line":54,"column":14},"end":{"line":54,"column":41}},"type":"cond-expr","locations":[{"start":{"line":54,"column":25},"end":{"line":54,"column":32}},{"start":{"line":54,"column":35},"end":{"line":54,"column":41}}]},"9":{"loc":{"start":{"line":54,"column":45},"end":{"line":54,"column":73}},"type":"cond-expr","locations":[{"start":{"line":54,"column":57},"end":{"line":54,"column":64}},{"start":{"line":54,"column":67},"end":{"line":54,"column":73}}]},"10":{"loc":{"start":{"line":61,"column":9},"end":{"line":64,"column":null}},"type":"binary-expr","locations":[{"start":{"line":61,"column":9},"end":{"line":61,"column":18}},{"start":{"line":62,"column":10},"end":{"line":63,"column":null}}]},"11":{"loc":{"start":{"line":68,"column":7},"end":{"line":72,"column":14}},"type":"cond-expr","locations":[{"start":{"line":69,"column":8},"end":{"line":69,"column":55}},{"start":{"line":70,"column":10},"end":{"line":72,"column":14}}]},"12":{"loc":{"start":{"line":70,"column":10},"end":{"line":72,"column":14}},"type":"cond-expr","locations":[{"start":{"line":71,"column":8},"end":{"line":71,"column":55}},{"start":{"line":72,"column":10},"end":{"line":72,"column":14}}]}},"s":{"0":0,"1":0,"2":0},"f":{"0":0},"b":{"0":[0],"1":[0],"2":[0,0],"3":[0,0],"4":[0,0],"5":[0,0],"6":[0,0],"7":[0,0],"8":[0,0],"9":[0,0],"10":[0,0],"11":[0,0],"12":[0,0]}}
,"C:\\Users\\purbo\\Development\\soar\\admin-dashboard-task\\src\\components\\common\\Skeleton.tsx": {"path":"C:\\Users\\purbo\\Development\\soar\\admin-dashboard-task\\src\\components\\common\\Skeleton.tsx","statementMap":{"0":{"start":{"line":10,"column":42},"end":{"line":29,"column":1}},"1":{"start":{"line":17,"column":25},"end":{"line":21,"column":4}},"2":{"start":{"line":23,"column":2},"end":{"line":28,"column":4}},"3":{"start":{"line":38,"column":57},"end":{"line":55,"column":1}},"4":{"start":{"line":44,"column":2},"end":{"line":54,"column":4}},"5":{"start":{"line":47,"column":8},"end":{"line":48,"column":null}}},"fnMap":{"0":{"name":"(anonymous_0)","decl":{"start":{"line":10,"column":42},"end":{"line":10,"column":43}},"loc":{"start":{"line":16,"column":5},"end":{"line":29,"column":1}}},"1":{"name":"(anonymous_1)","decl":{"start":{"line":38,"column":57},"end":{"line":38,"column":58}},"loc":{"start":{"line":43,"column":5},"end":{"line":55,"column":1}}},"2":{"name":"(anonymous_2)","decl":{"start":{"line":46,"column":29},"end":{"line":46,"column":30}},"loc":{"start":{"line":47,"column":8},"end":{"line":48,"column":null}}}},"branchMap":{"0":{"loc":{"start":{"line":11,"column":2},"end":{"line":11,"column":17}},"type":"default-arg","locations":[{"start":{"line":11,"column":11},"end":{"line":11,"column":17}}]},"1":{"loc":{"start":{"line":12,"column":2},"end":{"line":12,"column":16}},"type":"default-arg","locations":[{"start":{"line":12,"column":10},"end":{"line":12,"column":16}}]},"2":{"loc":{"start":{"line":13,"column":2},"end":{"line":13,"column":26}},"type":"default-arg","locations":[{"start":{"line":13,"column":17},"end":{"line":13,"column":26}}]},"3":{"loc":{"start":{"line":14,"column":2},"end":{"line":14,"column":16}},"type":"default-arg","locations":[{"start":{"line":14,"column":14},"end":{"line":14,"column":16}}]},"4":{"loc":{"start":{"line":15,"column":2},"end":{"line":15,"column":21}},"type":"default-arg","locations":[{"start":{"line":15,"column":14},"end":{"line":15,"column":21}}]},"5":{"loc":{"start":{"line":39,"column":2},"end":{"line":39,"column":11}},"type":"default-arg","locations":[{"start":{"line":39,"column":10},"end":{"line":39,"column":11}}]},"6":{"loc":{"start":{"line":40,"column":2},"end":{"line":40,"column":20}},"type":"default-arg","locations":[{"start":{"line":40,"column":12},"end":{"line":40,"column":20}}]},"7":{"loc":{"start":{"line":41,"column":2},"end":{"line":41,"column":16}},"type":"default-arg","locations":[{"start":{"line":41,"column":14},"end":{"line":41,"column":16}}]},"8":{"loc":{"start":{"line":42,"column":2},"end":{"line":42,"column":21}},"type":"default-arg","locations":[{"start":{"line":42,"column":14},"end":{"line":42,"column":21}}]},"9":{"loc":{"start":{"line":49,"column":17},"end":{"line":49,"column":49}},"type":"cond-expr","locations":[{"start":{"line":49,"column":35},"end":{"line":49,"column":40}},{"start":{"line":49,"column":43},"end":{"line":49,"column":49}}]}},"s":{"0":0,"1":0,"2":0,"3":0,"4":0,"5":0},"f":{"0":0,"1":0,"2":0},"b":{"0":[0],"1":[0],"2":[0],"3":[0],"4":[0],"5":[0],"6":[0],"7":[0],"8":[0],"9":[0,0]}}
,"C:\\Users\\purbo\\Development\\soar\\admin-dashboard-task\\src\\components\\common\\Tabs.tsx": {"path":"C:\\Users\\purbo\\Development\\soar\\admin-dashboard-task\\src\\components\\common\\Tabs.tsx","statementMap":{"0":{"start":{"line":11,"column":39},"end":{"line":13,"column":1}},"1":{"start":{"line":12,"column":2},"end":{"line":12,"column":31}},"2":{"start":{"line":22,"column":34},"end":{"line":66,"column":1}},"3":{"start":{"line":28,"column":36},"end":{"line":28,"column":56}},"4":{"start":{"line":29,"column":20},"end":{"line":30,"column":null}},"5":{"start":{"line":33,"column":26},"end":{"line":36,"column":3}},"6":{"start":{"line":34,"column":4},"end":{"line":34,"column":24}},"7":{"start":{"line":35,"column":4},"end":{"line":35,"column":34}},"8":{"start":{"line":35,"column":18},"end":{"line":35,"column":34}},"9":{"start":{"line":38,"column":2},"end":{"line":65,"column":4}},"10":{"start":{"line":43,"column":12},"end":{"line":44,"column":null}},"11":{"start":{"line":54,"column":29},"end":{"line":54,"column":74}}},"fnMap":{"0":{"name":"(anonymous_0)","decl":{"start":{"line":11,"column":39},"end":{"line":11,"column":40}},"loc":{"start":{"line":11,"column":56},"end":{"line":13,"column":1}}},"1":{"name":"(anonymous_1)","decl":{"start":{"line":22,"column":34},"end":{"line":22,"column":35}},"loc":{"start":{"line":27,"column":5},"end":{"line":66,"column":1}}},"2":{"name":"(anonymous_2)","decl":{"start":{"line":33,"column":26},"end":{"line":33,"column":27}},"loc":{"start":{"line":33,"column":44},"end":{"line":36,"column":3}}},"3":{"name":"(anonymous_3)","decl":{"start":{"line":42,"column":25},"end":{"line":42,"column":26}},"loc":{"start":{"line":43,"column":12},"end":{"line":44,"column":null}}},"4":{"name":"(anonymous_4)","decl":{"start":{"line":54,"column":23},"end":{"line":54,"column":26}},"loc":{"start":{"line":54,"column":29},"end":{"line":54,"column":74}}}},"branchMap":{"0":{"loc":{"start":{"line":24,"column":2},"end":{"line":24,"column":16}},"type":"default-arg","locations":[{"start":{"line":24,"column":15},"end":{"line":24,"column":16}}]},"1":{"loc":{"start":{"line":26,"column":2},"end":{"line":26,"column":16}},"type":"default-arg","locations":[{"start":{"line":26,"column":14},"end":{"line":26,"column":16}}]},"2":{"loc":{"start":{"line":35,"column":4},"end":{"line":35,"column":34}},"type":"if","locations":[{"start":{"line":35,"column":4},"end":{"line":35,"column":34}}]},"3":{"loc":{"start":{"line":46,"column":16},"end":{"line":48,"column":null}},"type":"cond-expr","locations":[{"start":{"line":47,"column":20},"end":{"line":47,"column":45}},{"start":{"line":48,"column":20},"end":{"line":48,"column":null}}]},"4":{"loc":{"start":{"line":50,"column":16},"end":{"line":52,"column":null}},"type":"cond-expr","locations":[{"start":{"line":51,"column":20},"end":{"line":51,"column":51}},{"start":{"line":52,"column":20},"end":{"line":52,"column":null}}]},"5":{"loc":{"start":{"line":54,"column":29},"end":{"line":54,"column":74}},"type":"binary-expr","locations":[{"start":{"line":54,"column":29},"end":{"line":54,"column":48}},{"start":{"line":54,"column":52},"end":{"line":54,"column":74}}]}},"s":{"0":0,"1":0,"2":0,"3":0,"4":0,"5":0,"6":0,"7":0,"8":0,"9":0,"10":0,"11":0},"f":{"0":0,"1":0,"2":0,"3":0,"4":0},"b":{"0":[0],"1":[0],"2":[0],"3":[0,0],"4":[0,0],"5":[0,0]}}
,"C:\\Users\\purbo\\Development\\soar\\admin-dashboard-task\\src\\components\\common\\Toast.tsx": {"path":"C:\\Users\\purbo\\Development\\soar\\admin-dashboard-task\\src\\components\\common\\Toast.tsx","statementMap":{"0":{"start":{"line":11,"column":36},"end":{"line":69,"column":1}},"1":{"start":{"line":13,"column":2},"end":{"line":19,"column":16}},"2":{"start":{"line":14,"column":18},"end":{"line":16,"column":12}},"3":{"start":{"line":15,"column":6},"end":{"line":15,"column":16}},"4":{"start":{"line":18,"column":4},"end":{"line":18,"column":37}},"5":{"start":{"line":18,"column":17},"end":{"line":18,"column":36}},"6":{"start":{"line":22,"column":17},"end":{"line":27,"column":4}},"7":{"start":{"line":30,"column":16},"end":{"line":51,"column":4}},"8":{"start":{"line":53,"column":2},"end":{"line":68,"column":4}}},"fnMap":{"0":{"name":"(anonymous_0)","decl":{"start":{"line":11,"column":36},"end":{"line":11,"column":37}},"loc":{"start":{"line":11,"column":67},"end":{"line":69,"column":1}}},"1":{"name":"(anonymous_1)","decl":{"start":{"line":13,"column":12},"end":{"line":13,"column":15}},"loc":{"start":{"line":13,"column":17},"end":{"line":19,"column":3}}},"2":{"name":"(anonymous_2)","decl":{"start":{"line":14,"column":29},"end":{"line":14,"column":32}},"loc":{"start":{"line":14,"column":34},"end":{"line":16,"column":5}}},"3":{"name":"(anonymous_3)","decl":{"start":{"line":18,"column":11},"end":{"line":18,"column":14}},"loc":{"start":{"line":18,"column":17},"end":{"line":18,"column":36}}}},"branchMap":{},"s":{"0":0,"1":0,"2":0,"3":0,"4":0,"5":0,"6":0,"7":0,"8":0},"f":{"0":0,"1":0,"2":0,"3":0},"b":{}}
,"C:\\Users\\purbo\\Development\\soar\\admin-dashboard-task\\src\\components\\dashboard\\BalanceHistory.tsx": {"path":"C:\\Users\\purbo\\Development\\soar\\admin-dashboard-task\\src\\components\\dashboard\\BalanceHistory.tsx","statementMap":{"0":{"start":{"line":23,"column":0},"end":{"line":32,"column":2}},"1":{"start":{"line":38,"column":54},"end":{"line":134,"column":1}},"2":{"start":{"line":39,"column":19},"end":{"line":39,"column":36}},"3":{"start":{"line":42,"column":20},"end":{"line":47,"column":null}},"4":{"start":{"line":51,"column":2},"end":{"line":70,"column":13}},"5":{"start":{"line":52,"column":18},"end":{"line":52,"column":34}},"6":{"start":{"line":54,"column":4},"end":{"line":69,"column":5}},"7":{"start":{"line":55,"column":18},"end":{"line":55,"column":27}},"8":{"start":{"line":56,"column":6},"end":{"line":68,"column":7}},"9":{"start":{"line":57,"column":25},"end":{"line":57,"column":66}},"10":{"start":{"line":60,"column":8},"end":{"line":67,"column":9}},"11":{"start":{"line":65,"column":10},"end":{"line":65,"column":60}},"12":{"start":{"line":66,"column":10},"end":{"line":66,"column":25}},"13":{"start":{"line":72,"column":18},"end":{"line":120,"column":4}},"14":{"start":{"line":86,"column":12},"end":{"line":86,"column":66}},"15":{"start":{"line":105,"column":12},"end":{"line":105,"column":55}},"16":{"start":{"line":122,"column":2},"end":{"line":133,"column":4}}},"fnMap":{"0":{"name":"(anonymous_0)","decl":{"start":{"line":38,"column":54},"end":{"line":38,"column":55}},"loc":{"start":{"line":38,"column":67},"end":{"line":134,"column":1}}},"1":{"name":"(anonymous_1)","decl":{"start":{"line":51,"column":12},"end":{"line":51,"column":15}},"loc":{"start":{"line":51,"column":17},"end":{"line":70,"column":3}}},"2":{"name":"(anonymous_2)","decl":{"start":{"line":84,"column":17},"end":{"line":84,"column":27}},"loc":{"start":{"line":84,"column":39},"end":{"line":87,"column":11}}},"3":{"name":"(anonymous_3)","decl":{"start":{"line":104,"column":20},"end":{"line":104,"column":30}},"loc":{"start":{"line":104,"column":40},"end":{"line":106,"column":11}}}},"branchMap":{"0":{"loc":{"start":{"line":54,"column":4},"end":{"line":69,"column":5}},"type":"if","locations":[{"start":{"line":54,"column":4},"end":{"line":69,"column":5}}]},"1":{"loc":{"start":{"line":56,"column":6},"end":{"line":68,"column":7}},"type":"if","locations":[{"start":{"line":56,"column":6},"end":{"line":68,"column":7}}]},"2":{"loc":{"start":{"line":60,"column":8},"end":{"line":67,"column":9}},"type":"if","locations":[{"start":{"line":60,"column":8},"end":{"line":67,"column":9}}]},"3":{"loc":{"start":{"line":61,"column":10},"end":{"line":63,"column":40}},"type":"binary-expr","locations":[{"start":{"line":61,"column":10},"end":{"line":61,"column":20}},{"start":{"line":62,"column":10},"end":{"line":62,"column":29}},{"start":{"line":63,"column":10},"end":{"line":63,"column":40}}]}},"s":{"0":0,"1":0,"2":0,"3":0,"4":0,"5":0,"6":0,"7":0,"8":0,"9":0,"10":0,"11":0,"12":0,"13":0,"14":0,"15":0,"16":0},"f":{"0":0,"1":0,"2":0,"3":0},"b":{"0":[0],"1":[0],"2":[0],"3":[0,0,0]}}
,"C:\\Users\\purbo\\Development\\soar\\admin-dashboard-task\\src\\components\\dashboard\\CardDisplay.tsx": {"path":"C:\\Users\\purbo\\Development\\soar\\admin-dashboard-task\\src\\components\\dashboard\\CardDisplay.tsx","statementMap":{"0":{"start":{"line":8,"column":48},"end":{"line":46,"column":1}},"1":{"start":{"line":10,"column":24},"end":{"line":10,"column":57}},"2":{"start":{"line":12,"column":2},"end":{"line":45,"column":4}}},"fnMap":{"0":{"name":"(anonymous_0)","decl":{"start":{"line":8,"column":48},"end":{"line":8,"column":49}},"loc":{"start":{"line":8,"column":61},"end":{"line":46,"column":1}}}},"branchMap":{"0":{"loc":{"start":{"line":15,"column":9},"end":{"line":21,"column":null}},"type":"cond-expr","locations":[{"start":{"line":16,"column":10},"end":{"line":16,"column":66}},{"start":{"line":18,"column":10},"end":{"line":20,"column":null}}]}},"s":{"0":0,"1":0,"2":0},"f":{"0":0},"b":{"0":[0,0]}}
,"C:\\Users\\purbo\\Development\\soar\\admin-dashboard-task\\src\\components\\dashboard\\CardSection.tsx": {"path":"C:\\Users\\purbo\\Development\\soar\\admin-dashboard-task\\src\\components\\dashboard\\CardSection.tsx","statementMap":{"0":{"start":{"line":12,"column":48},"end":{"line":121,"column":1}},"1":{"start":{"line":13,"column":19},"end":{"line":13,"column":32}},"2":{"start":{"line":14,"column":23},"end":{"line":14,"column":59}},"3":{"start":{"line":16,"column":2},"end":{"line":120,"column":4}},"4":{"start":{"line":27,"column":10},"end":{"line":115,"column":null}}},"fnMap":{"0":{"name":"(anonymous_0)","decl":{"start":{"line":12,"column":48},"end":{"line":12,"column":49}},"loc":{"start":{"line":12,"column":62},"end":{"line":121,"column":1}}},"1":{"name":"(anonymous_1)","decl":{"start":{"line":26,"column":26},"end":{"line":26,"column":27}},"loc":{"start":{"line":27,"column":10},"end":{"line":115,"column":null}}}},"branchMap":{"0":{"loc":{"start":{"line":14,"column":23},"end":{"line":14,"column":59}},"type":"cond-expr","locations":[{"start":{"line":14,"column":34},"end":{"line":14,"column":51}},{"start":{"line":14,"column":54},"end":{"line":14,"column":59}}]},"1":{"loc":{"start":{"line":27,"column":10},"end":{"line":115,"column":null}},"type":"cond-expr","locations":[{"start":{"line":28,"column":12},"end":{"line":29,"column":null}},{"start":{"line":72,"column":12},"end":{"line":73,"column":null}}]}},"s":{"0":0,"1":0,"2":0,"3":0,"4":0},"f":{"0":0,"1":0},"b":{"0":[0,0],"1":[0,0]}}
,"C:\\Users\\purbo\\Development\\soar\\admin-dashboard-task\\src\\components\\dashboard\\ExpenseStatistics.tsx": {"path":"C:\\Users\\purbo\\Development\\soar\\admin-dashboard-task\\src\\components\\dashboard\\ExpenseStatistics.tsx","statementMap":{"0":{"start":{"line":8,"column":0},"end":{"line":8,"column":46}},"1":{"start":{"line":22,"column":60},"end":{"line":167,"column":1}},"2":{"start":{"line":25,"column":19},"end":{"line":25,"column":36}},"3":{"start":{"line":26,"column":46},"end":{"line":26,"column":75}},"4":{"start":{"line":28,"column":20},"end":{"line":31,"column":null}},"5":{"start":{"line":29,"column":33},"end":{"line":29,"column":46}},"6":{"start":{"line":30,"column":33},"end":{"line":30,"column":52}},"7":{"start":{"line":31,"column":33},"end":{"line":31,"column":47}},"8":{"start":{"line":34,"column":31},"end":{"line":42,"column":4}},"9":{"start":{"line":36,"column":51},"end":{"line":41,"column":6}},"10":{"start":{"line":44,"column":18},"end":{"line":71,"column":4}},"11":{"start":{"line":52,"column":12},"end":{"line":52,"column":43}},"12":{"start":{"line":63,"column":8},"end":{"line":68,"column":9}},"13":{"start":{"line":67,"column":10},"end":{"line":67,"column":36}},"14":{"start":{"line":74,"column":34},"end":{"line":119,"column":3}},"15":{"start":{"line":75,"column":4},"end":{"line":75,"column":34}},"16":{"start":{"line":75,"column":27},"end":{"line":75,"column":34}},"17":{"start":{"line":77,"column":18},"end":{"line":77,"column":34}},"18":{"start":{"line":78,"column":39},"end":{"line":78,"column":41}},"19":{"start":{"line":81,"column":20},"end":{"line":81,"column":68}},"20":{"start":{"line":82,"column":20},"end":{"line":82,"column":68}},"21":{"start":{"line":85,"column":17},"end":{"line":85,"column":40}},"22":{"start":{"line":86,"column":19},"end":{"line":86,"column":78}},"23":{"start":{"line":89,"column":4},"end":{"line":116,"column":7}},"24":{"start":{"line":91,"column":25},"end":{"line":91,"column":39}},"25":{"start":{"line":92,"column":23},"end":{"line":92,"column":35}},"26":{"start":{"line":93,"column":26},"end":{"line":93,"column":53}},"27":{"start":{"line":97,"column":33},"end":{"line":97,"column":46}},"28":{"start":{"line":100,"column":16},"end":{"line":100,"column":68}},"29":{"start":{"line":101,"column":16},"end":{"line":101,"column":68}},"30":{"start":{"line":104,"column":23},"end":{"line":104,"column":40}},"31":{"start":{"line":106,"column":6},"end":{"line":115,"column":9}},"32":{"start":{"line":118,"column":4},"end":{"line":118,"column":33}},"33":{"start":{"line":122,"column":2},"end":{"line":131,"column":9}},"34":{"start":{"line":123,"column":25},"end":{"line":125,"column":5}},"35":{"start":{"line":124,"column":6},"end":{"line":124,"column":28}},"36":{"start":{"line":127,"column":4},"end":{"line":127,"column":52}},"37":{"start":{"line":128,"column":4},"end":{"line":130,"column":6}},"38":{"start":{"line":129,"column":6},"end":{"line":129,"column":57}},"39":{"start":{"line":133,"column":2},"end":{"line":166,"column":4}},"40":{"start":{"line":145,"column":14},"end":{"line":146,"column":null}}},"fnMap":{"0":{"name":"(anonymous_0)","decl":{"start":{"line":22,"column":60},"end":{"line":22,"column":61}},"loc":{"start":{"line":24,"column":5},"end":{"line":167,"column":1}}},"1":{"name":"(anonymous_1)","decl":{"start":{"line":29,"column":19},"end":{"line":29,"column":20}},"loc":{"start":{"line":29,"column":33},"end":{"line":29,"column":46}}},"2":{"name":"(anonymous_2)","decl":{"start":{"line":30,"column":19},"end":{"line":30,"column":20}},"loc":{"start":{"line":30,"column":33},"end":{"line":30,"column":52}}},"3":{"name":"(anonymous_3)","decl":{"start":{"line":31,"column":19},"end":{"line":31,"column":20}},"loc":{"start":{"line":31,"column":33},"end":{"line":31,"column":47}}},"4":{"name":"(anonymous_4)","decl":{"start":{"line":36,"column":37},"end":{"line":36,"column":38}},"loc":{"start":{"line":36,"column":51},"end":{"line":41,"column":6}}},"5":{"name":"(anonymous_5)","decl":{"start":{"line":51,"column":17},"end":{"line":51,"column":27}},"loc":{"start":{"line":51,"column":39},"end":{"line":53,"column":11}}},"6":{"name":"(anonymous_6)","decl":{"start":{"line":61,"column":18},"end":{"line":61,"column":null}},"loc":{"start":{"line":61,"column":18},"end":{"line":69,"column":7}}},"7":{"name":"(anonymous_7)","decl":{"start":{"line":74,"column":34},"end":{"line":74,"column":37}},"loc":{"start":{"line":74,"column":39},"end":{"line":119,"column":3}}},"8":{"name":"(anonymous_8)","decl":{"start":{"line":89,"column":22},"end":{"line":89,"column":23}},"loc":{"start":{"line":89,"column":50},"end":{"line":116,"column":5}}},"9":{"name":"(anonymous_9)","decl":{"start":{"line":122,"column":12},"end":{"line":122,"column":15}},"loc":{"start":{"line":122,"column":17},"end":{"line":131,"column":3}}},"10":{"name":"(anonymous_10)","decl":{"start":{"line":123,"column":25},"end":{"line":123,"column":28}},"loc":{"start":{"line":123,"column":30},"end":{"line":125,"column":5}}},"11":{"name":"(anonymous_11)","decl":{"start":{"line":128,"column":11},"end":{"line":128,"column":14}},"loc":{"start":{"line":128,"column":16},"end":{"line":130,"column":5}}},"12":{"name":"(anonymous_12)","decl":{"start":{"line":144,"column":32},"end":{"line":144,"column":33}},"loc":{"start":{"line":145,"column":14},"end":{"line":146,"column":null}}}},"branchMap":{"0":{"loc":{"start":{"line":63,"column":8},"end":{"line":68,"column":9}},"type":"if","locations":[{"start":{"line":63,"column":8},"end":{"line":68,"column":9}}]},"1":{"loc":{"start":{"line":64,"column":10},"end":{"line":65,"column":53}},"type":"binary-expr","locations":[{"start":{"line":64,"column":10},"end":{"line":64,"column":37}},{"start":{"line":65,"column":10},"end":{"line":65,"column":53}}]},"2":{"loc":{"start":{"line":75,"column":4},"end":{"line":75,"column":34}},"type":"if","locations":[{"start":{"line":75,"column":4},"end":{"line":75,"column":34}}]}},"s":{"0":0,"1":0,"2":0,"3":0,"4":0,"5":0,"6":0,"7":0,"8":0,"9":0,"10":0,"11":0,"12":0,"13":0,"14":0,"15":0,"16":0,"17":0,"18":0,"19":0,"20":0,"21":0,"22":0,"23":0,"24":0,"25":0,"26":0,"27":0,"28":0,"29":0,"30":0,"31":0,"32":0,"33":0,"34":0,"35":0,"36":0,"37":0,"38":0,"39":0,"40":0},"f":{"0":0,"1":0,"2":0,"3":0,"4":0,"5":0,"6":0,"7":0,"8":0,"9":0,"10":0,"11":0,"12":0},"b":{"0":[0],"1":[0,0],"2":[0]}}
,"C:\\Users\\purbo\\Development\\soar\\admin-dashboard-task\\src\\components\\dashboard\\QuickTransfer.tsx": {"path":"C:\\Users\\purbo\\Development\\soar\\admin-dashboard-task\\src\\components\\dashboard\\QuickTransfer.tsx","statementMap":{"0":{"start":{"line":16,"column":52},"end":{"line":206,"column":1}},"1":{"start":{"line":20,"column":48},"end":{"line":20,"column":77}},"2":{"start":{"line":21,"column":30},"end":{"line":21,"column":50}},"3":{"start":{"line":22,"column":46},"end":{"line":22,"column":61}},"4":{"start":{"line":23,"column":50},"end":{"line":23,"column":65}},"5":{"start":{"line":25,"column":29},"end":{"line":25,"column":57}},"6":{"start":{"line":28,"column":2},"end":{"line":43,"column":17}},"7":{"start":{"line":29,"column":24},"end":{"line":35,"column":5}},"8":{"start":{"line":30,"column":24},"end":{"line":30,"column":50}},"9":{"start":{"line":31,"column":6},"end":{"line":34,"column":7}},"10":{"start":{"line":33,"column":8},"end":{"line":33,"column":75}},"11":{"start":{"line":38,"column":4},"end":{"line":38,"column":18}},"12":{"start":{"line":41,"column":4},"end":{"line":41,"column":51}},"13":{"start":{"line":42,"column":4},"end":{"line":42,"column":67}},"14":{"start":{"line":42,"column":17},"end":{"line":42,"column":66}},"15":{"start":{"line":46,"column":28},"end":{"line":51,"column":3}},"16":{"start":{"line":47,"column":22},"end":{"line":47,"column":48}},"17":{"start":{"line":48,"column":4},"end":{"line":50,"column":5}},"18":{"start":{"line":49,"column":6},"end":{"line":49,"column":60}},"19":{"start":{"line":53,"column":30},"end":{"line":55,"column":3}},"20":{"start":{"line":54,"column":4},"end":{"line":54,"column":59}},"21":{"start":{"line":57,"column":29},"end":{"line":60,"column":3}},"22":{"start":{"line":58,"column":18},"end":{"line":58,"column":56}},"23":{"start":{"line":59,"column":4},"end":{"line":59,"column":21}},"24":{"start":{"line":62,"column":25},"end":{"line":76,"column":3}},"25":{"start":{"line":63,"column":4},"end":{"line":63,"column":51}},"26":{"start":{"line":63,"column":44},"end":{"line":63,"column":51}},"27":{"start":{"line":65,"column":4},"end":{"line":65,"column":28}},"28":{"start":{"line":66,"column":4},"end":{"line":75,"column":5}},"29":{"start":{"line":67,"column":22},"end":{"line":67,"column":75}},"30":{"start":{"line":68,"column":6},"end":{"line":72,"column":7}},"31":{"start":{"line":70,"column":8},"end":{"line":70,"column":22}},"32":{"start":{"line":71,"column":8},"end":{"line":71,"column":33}},"33":{"start":{"line":74,"column":6},"end":{"line":74,"column":31}},"34":{"start":{"line":80,"column":4},"end":{"line":83,"column":26}},"35":{"start":{"line":84,"column":22},"end":{"line":84,"column":73}},"36":{"start":{"line":87,"column":29},"end":{"line":89,"column":10}},"37":{"start":{"line":88,"column":27},"end":{"line":88,"column":51}},"38":{"start":{"line":91,"column":2},"end":{"line":205,"column":4}},"39":{"start":{"line":105,"column":14},"end":{"line":106,"column":null}},"40":{"start":{"line":112,"column":31},"end":{"line":112,"column":62}}},"fnMap":{"0":{"name":"(anonymous_0)","decl":{"start":{"line":16,"column":52},"end":{"line":16,"column":53}},"loc":{"start":{"line":19,"column":5},"end":{"line":206,"column":1}}},"1":{"name":"(anonymous_1)","decl":{"start":{"line":28,"column":12},"end":{"line":28,"column":15}},"loc":{"start":{"line":28,"column":17},"end":{"line":43,"column":3}}},"2":{"name":"(anonymous_2)","decl":{"start":{"line":29,"column":24},"end":{"line":29,"column":27}},"loc":{"start":{"line":29,"column":29},"end":{"line":35,"column":5}}},"3":{"name":"(anonymous_3)","decl":{"start":{"line":42,"column":11},"end":{"line":42,"column":14}},"loc":{"start":{"line":42,"column":17},"end":{"line":42,"column":66}}},"4":{"name":"(anonymous_4)","decl":{"start":{"line":46,"column":28},"end":{"line":46,"column":31}},"loc":{"start":{"line":46,"column":33},"end":{"line":51,"column":3}}},"5":{"name":"(anonymous_5)","decl":{"start":{"line":53,"column":30},"end":{"line":53,"column":31}},"loc":{"start":{"line":53,"column":45},"end":{"line":55,"column":3}}},"6":{"name":"(anonymous_6)","decl":{"start":{"line":57,"column":29},"end":{"line":57,"column":30}},"loc":{"start":{"line":57,"column":72},"end":{"line":60,"column":3}}},"7":{"name":"(anonymous_7)","decl":{"start":{"line":62,"column":25},"end":{"line":62,"column":30}},"loc":{"start":{"line":62,"column":36},"end":{"line":76,"column":3}}},"8":{"name":"(anonymous_8)","decl":{"start":{"line":88,"column":20},"end":{"line":88,"column":21}},"loc":{"start":{"line":88,"column":27},"end":{"line":88,"column":51}}},"9":{"name":"(anonymous_9)","decl":{"start":{"line":104,"column":26},"end":{"line":104,"column":27}},"loc":{"start":{"line":105,"column":14},"end":{"line":106,"column":null}}},"10":{"name":"(anonymous_10)","decl":{"start":{"line":112,"column":25},"end":{"line":112,"column":28}},"loc":{"start":{"line":112,"column":31},"end":{"line":112,"column":62}}}},"branchMap":{"0":{"loc":{"start":{"line":31,"column":6},"end":{"line":34,"column":7}},"type":"if","locations":[{"start":{"line":31,"column":6},"end":{"line":34,"column":7}}]},"1":{"loc":{"start":{"line":48,"column":4},"end":{"line":50,"column":5}},"type":"if","locations":[{"start":{"line":48,"column":4},"end":{"line":50,"column":5}}]},"2":{"loc":{"start":{"line":54,"column":23},"end":{"line":54,"column":57}},"type":"cond-expr","locations":[{"start":{"line":54,"column":48},"end":{"line":54,"column":52}},{"start":{"line":54,"column":55},"end":{"line":54,"column":57}}]},"3":{"loc":{"start":{"line":63,"column":4},"end":{"line":63,"column":51}},"type":"if","locations":[{"start":{"line":63,"column":4},"end":{"line":63,"column":51}}]},"4":{"loc":{"start":{"line":63,"column":8},"end":{"line":63,"column":42}},"type":"binary-expr","locations":[{"start":{"line":63,"column":8},"end":{"line":63,"column":24}},{"start":{"line":63,"column":28},"end":{"line":63,"column":42}}]},"5":{"loc":{"start":{"line":68,"column":6},"end":{"line":72,"column":7}},"type":"if","locations":[{"start":{"line":68,"column":6},"end":{"line":72,"column":7}}]},"6":{"loc":{"start":{"line":80,"column":4},"end":{"line":83,"column":26}},"type":"binary-expr","locations":[{"start":{"line":80,"column":4},"end":{"line":80,"column":10}},{"start":{"line":81,"column":4},"end":{"line":81,"column":22}},{"start":{"line":82,"column":4},"end":{"line":82,"column":30}},{"start":{"line":83,"column":4},"end":{"line":83,"column":26}}]},"7":{"loc":{"start":{"line":84,"column":22},"end":{"line":84,"column":73}},"type":"binary-expr","locations":[{"start":{"line":84,"column":22},"end":{"line":84,"column":37}},{"start":{"line":84,"column":41},"end":{"line":84,"column":54}},{"start":{"line":84,"column":58},"end":{"line":84,"column":73}}]},"8":{"loc":{"start":{"line":87,"column":29},"end":{"line":89,"column":10}},"type":"cond-expr","locations":[{"start":{"line":88,"column":6},"end":{"line":88,"column":52}},{"start":{"line":89,"column":6},"end":{"line":89,"column":10}}]},"9":{"loc":{"start":{"line":108,"column":18},"end":{"line":110,"column":null}},"type":"cond-expr","locations":[{"start":{"line":109,"column":22},"end":{"line":109,"column":47}},{"start":{"line":110,"column":22},"end":{"line":110,"column":null}}]},"10":{"loc":{"start":{"line":119,"column":20},"end":{"line":119,"column":null}},"type":"cond-expr","locations":[{"start":{"line":119,"column":53},"end":{"line":119,"column":75}},{"start":{"line":119,"column":78},"end":{"line":119,"column":null}}]},"11":{"loc":{"start":{"line":133,"column":11},"end":{"line":152,"column":null}},"type":"binary-expr","locations":[{"start":{"line":133,"column":11},"end":{"line":133,"column":27}},{"start":{"line":134,"column":12},"end":{"line":151,"column":null}}]},"12":{"loc":{"start":{"line":166,"column":14},"end":{"line":168,"column":27}},"type":"cond-expr","locations":[{"start":{"line":167,"column":18},"end":{"line":167,"column":47}},{"start":{"line":168,"column":18},"end":{"line":168,"column":27}}]},"13":{"loc":{"start":{"line":166,"column":14},"end":{"line":166,"column":38}},"type":"binary-expr","locations":[{"start":{"line":166,"column":14},"end":{"line":166,"column":20}},{"start":{"line":166,"column":24},"end":{"line":166,"column":38}}]},"14":{"loc":{"start":{"line":197,"column":9},"end":{"line":201,"column":null}},"type":"binary-expr","locations":[{"start":{"line":197,"column":9},"end":{"line":197,"column":15}},{"start":{"line":197,"column":19},"end":{"line":197,"column":41}},{"start":{"line":197,"column":45},"end":{"line":197,"column":63}},{"start":{"line":198,"column":10},"end":{"line":200,"column":null}}]}},"s":{"0":0,"1":0,"2":0,"3":0,"4":0,"5":0,"6":0,"7":0,"8":0,"9":0,"10":0,"11":0,"12":0,"13":0,"14":0,"15":0,"16":0,"17":0,"18":0,"19":0,"20":0,"21":0,"22":0,"23":0,"24":0,"25":0,"26":0,"27":0,"28":0,"29":0,"30":0,"31":0,"32":0,"33":0,"34":0,"35":0,"36":0,"37":0,"38":0,"39":0,"40":0},"f":{"0":0,"1":0,"2":0,"3":0,"4":0,"5":0,"6":0,"7":0,"8":0,"9":0,"10":0},"b":{"0":[0],"1":[0],"2":[0,0],"3":[0],"4":[0,0],"5":[0],"6":[0,0,0,0],"7":[0,0,0],"8":[0,0],"9":[0,0],"10":[0,0],"11":[0,0],"12":[0,0],"13":[0,0],"14":[0,0,0,0]}}
,"C:\\Users\\purbo\\Development\\soar\\admin-dashboard-task\\src\\components\\dashboard\\RecentTransactions.tsx": {"path":"C:\\Users\\purbo\\Development\\soar\\admin-dashboard-task\\src\\components\\dashboard\\RecentTransactions.tsx","statementMap":{"0":{"start":{"line":12,"column":62},"end":{"line":76,"column":1}},"1":{"start":{"line":15,"column":37},"end":{"line":26,"column":3}},"2":{"start":{"line":16,"column":4},"end":{"line":25,"column":5}},"3":{"start":{"line":18,"column":8},"end":{"line":18,"column":74}},"4":{"start":{"line":20,"column":8},"end":{"line":20,"column":78}},"5":{"start":{"line":22,"column":8},"end":{"line":22,"column":74}},"6":{"start":{"line":24,"column":8},"end":{"line":24,"column":74}},"7":{"start":{"line":28,"column":2},"end":{"line":75,"column":4}},"8":{"start":{"line":40,"column":14},"end":{"line":42,"column":53}},"9":{"start":{"line":44,"column":12},"end":{"line":70,"column":14}}},"fnMap":{"0":{"name":"(anonymous_0)","decl":{"start":{"line":12,"column":62},"end":{"line":12,"column":63}},"loc":{"start":{"line":14,"column":5},"end":{"line":76,"column":1}}},"1":{"name":"(anonymous_1)","decl":{"start":{"line":15,"column":37},"end":{"line":15,"column":38}},"loc":{"start":{"line":15,"column":54},"end":{"line":26,"column":3}}},"2":{"name":"(anonymous_2)","decl":{"start":{"line":37,"column":28},"end":{"line":37,"column":29}},"loc":{"start":{"line":37,"column":44},"end":{"line":71,"column":11}}}},"branchMap":{"0":{"loc":{"start":{"line":16,"column":4},"end":{"line":25,"column":5}},"type":"switch","locations":[{"start":{"line":17,"column":6},"end":{"line":18,"column":74}},{"start":{"line":19,"column":6},"end":{"line":20,"column":78}},{"start":{"line":21,"column":6},"end":{"line":22,"column":74}},{"start":{"line":23,"column":6},"end":{"line":24,"column":74}}]},"1":{"loc":{"start":{"line":40,"column":14},"end":{"line":42,"column":53}},"type":"cond-expr","locations":[{"start":{"line":41,"column":18},"end":{"line":41,"column":52}},{"start":{"line":42,"column":18},"end":{"line":42,"column":53}}]},"2":{"loc":{"start":{"line":62,"column":20},"end":{"line":64,"column":null}},"type":"cond-expr","locations":[{"start":{"line":63,"column":24},"end":{"line":63,"column":40}},{"start":{"line":64,"column":24},"end":{"line":64,"column":null}}]}},"s":{"0":0,"1":0,"2":0,"3":0,"4":0,"5":0,"6":0,"7":0,"8":0,"9":0},"f":{"0":0,"1":0,"2":0},"b":{"0":[0,0,0,0],"1":[0,0],"2":[0,0]}}
,"C:\\Users\\purbo\\Development\\soar\\admin-dashboard-task\\src\\components\\dashboard\\WeeklyActivityChart.tsx": {"path":"C:\\Users\\purbo\\Development\\soar\\admin-dashboard-task\\src\\components\\dashboard\\WeeklyActivityChart.tsx","statementMap":{"0":{"start":{"line":15,"column":0},"end":{"line":22,"column":2}},"1":{"start":{"line":28,"column":64},"end":{"line":107,"column":1}},"2":{"start":{"line":30,"column":20},"end":{"line":41,"column":4}},"3":{"start":{"line":43,"column":18},"end":{"line":93,"column":4}},"4":{"start":{"line":61,"column":12},"end":{"line":61,"column":55}},"5":{"start":{"line":86,"column":12},"end":{"line":88,"column":16}},"6":{"start":{"line":95,"column":2},"end":{"line":106,"column":4}}},"fnMap":{"0":{"name":"(anonymous_0)","decl":{"start":{"line":28,"column":64},"end":{"line":28,"column":65}},"loc":{"start":{"line":28,"column":77},"end":{"line":107,"column":1}}},"1":{"name":"(anonymous_1)","decl":{"start":{"line":60,"column":20},"end":{"line":60,"column":30}},"loc":{"start":{"line":60,"column":40},"end":{"line":62,"column":11}}},"2":{"name":"(anonymous_2)","decl":{"start":{"line":84,"column":17},"end":{"line":84,"column":27}},"loc":{"start":{"line":84,"column":39},"end":{"line":89,"column":11}}}},"branchMap":{},"s":{"0":0,"1":0,"2":0,"3":0,"4":0,"5":0,"6":0},"f":{"0":0,"1":0,"2":0},"b":{}}
,"C:\\Users\\purbo\\Development\\soar\\admin-dashboard-task\\src\\components\\layout\\AuthLayout.tsx": {"path":"C:\\Users\\purbo\\Development\\soar\\admin-dashboard-task\\src\\components\\layout\\AuthLayout.tsx","statementMap":{"0":{"start":{"line":10,"column":46},"end":{"line":36,"column":1}},"1":{"start":{"line":11,"column":2},"end":{"line":35,"column":4}}},"fnMap":{"0":{"name":"(anonymous_0)","decl":{"start":{"line":10,"column":46},"end":{"line":10,"column":47}},"loc":{"start":{"line":10,"column":80},"end":{"line":36,"column":1}}}},"branchMap":{"0":{"loc":{"start":{"line":22,"column":9},"end":{"line":25,"column":null}},"type":"binary-expr","locations":[{"start":{"line":22,"column":9},"end":{"line":22,"column":17}},{"start":{"line":23,"column":10},"end":{"line":24,"column":null}}]}},"s":{"0":0,"1":0},"f":{"0":0},"b":{"0":[0,0]}}
,"C:\\Users\\purbo\\Development\\soar\\admin-dashboard-task\\src\\components\\layout\\Header.tsx": {"path":"C:\\Users\\purbo\\Development\\soar\\admin-dashboard-task\\src\\components\\layout\\Header.tsx","statementMap":{"0":{"start":{"line":2,"column":0},"end":{"line":2,"column":41}},"1":{"start":{"line":3,"column":0},"end":{"line":3,"column":53}},"2":{"start":{"line":4,"column":0},"end":{"line":4,"column":53}},"3":{"start":{"line":5,"column":0},"end":{"line":5,"column":62}},"4":{"start":{"line":6,"column":0},"end":{"line":6,"column":69}},"5":{"start":{"line":7,"column":0},"end":{"line":7,"column":38}},"6":{"start":{"line":8,"column":0},"end":{"line":8,"column":57}},"7":{"start":{"line":9,"column":0},"end":{"line":9,"column":76}},"8":{"start":{"line":16,"column":44},"end":{"line":27,"column":2}},"9":{"start":{"line":29,"column":38},"end":{"line":358,"column":1}},"10":{"start":{"line":30,"column":40},"end":{"line":30,"column":52}},"11":{"start":{"line":31,"column":44},"end":{"line":31,"column":59}},"12":{"start":{"line":32,"column":30},"end":{"line":32,"column":44}},"13":{"start":{"line":33,"column":22},"end":{"line":33,"column":50}},"14":{"start":{"line":34,"column":19},"end":{"line":34,"column":32}},"15":{"start":{"line":35,"column":19},"end":{"line":35,"column":32}},"16":{"start":{"line":36,"column":19},"end":{"line":36,"column":32}},"17":{"start":{"line":39,"column":23},"end":{"line":59,"column":3}},"18":{"start":{"line":41,"column":4},"end":{"line":43,"column":5}},"19":{"start":{"line":42,"column":6},"end":{"line":42,"column":44}},"20":{"start":{"line":47,"column":25},"end":{"line":47,"column":69}},"21":{"start":{"line":49,"column":4},"end":{"line":55,"column":5}},"22":{"start":{"line":50,"column":19},"end":{"line":50,"column":47}},"23":{"start":{"line":51,"column":6},"end":{"line":53,"column":7}},"24":{"start":{"line":52,"column":8},"end":{"line":52,"column":33}},"25":{"start":{"line":54,"column":6},"end":{"line":54,"column":25}},"26":{"start":{"line":58,"column":4},"end":{"line":58,"column":22}},"27":{"start":{"line":62,"column":20},"end":{"line":62,"column":34}},"28":{"start":{"line":65,"column":2},"end":{"line":67,"column":5}},"29":{"start":{"line":66,"column":4},"end":{"line":66,"column":28}},"30":{"start":{"line":69,"column":23},"end":{"line":72,"column":3}},"31":{"start":{"line":70,"column":4},"end":{"line":70,"column":13}},"32":{"start":{"line":75,"column":2},"end":{"line":182,"column":3}},"33":{"start":{"line":76,"column":4},"end":{"line":181,"column":6}},"34":{"start":{"line":105,"column":29},"end":{"line":105,"column":61}},"35":{"start":{"line":130,"column":35},"end":{"line":130,"column":58}},"36":{"start":{"line":137,"column":35},"end":{"line":137,"column":58}},"37":{"start":{"line":174,"column":31},"end":{"line":174,"column":61}},"38":{"start":{"line":184,"column":2},"end":{"line":357,"column":4}},"39":{"start":{"line":236,"column":31},"end":{"line":236,"column":61}},"40":{"start":{"line":263,"column":27},"end":{"line":263,"column":59}},"41":{"start":{"line":289,"column":33},"end":{"line":289,"column":56}},"42":{"start":{"line":309,"column":33},"end":{"line":309,"column":56}},"43":{"start":{"line":360,"column":0},"end":{"line":360,"column":22}}},"fnMap":{"0":{"name":"(anonymous_1)","decl":{"start":{"line":29,"column":38},"end":{"line":29,"column":39}},"loc":{"start":{"line":29,"column":58},"end":{"line":358,"column":1}}},"1":{"name":"(anonymous_2)","decl":{"start":{"line":39,"column":23},"end":{"line":39,"column":26}},"loc":{"start":{"line":39,"column":28},"end":{"line":59,"column":3}}},"2":{"name":"(anonymous_3)","decl":{"start":{"line":65,"column":31},"end":{"line":65,"column":34}},"loc":{"start":{"line":65,"column":36},"end":{"line":67,"column":3}}},"3":{"name":"(anonymous_4)","decl":{"start":{"line":69,"column":23},"end":{"line":69,"column":26}},"loc":{"start":{"line":69,"column":28},"end":{"line":72,"column":3}}},"4":{"name":"(anonymous_5)","decl":{"start":{"line":105,"column":23},"end":{"line":105,"column":26}},"loc":{"start":{"line":105,"column":29},"end":{"line":105,"column":61}}},"5":{"name":"(anonymous_6)","decl":{"start":{"line":130,"column":29},"end":{"line":130,"column":32}},"loc":{"start":{"line":130,"column":35},"end":{"line":130,"column":58}}},"6":{"name":"(anonymous_7)","decl":{"start":{"line":137,"column":29},"end":{"line":137,"column":32}},"loc":{"start":{"line":137,"column":35},"end":{"line":137,"column":58}}},"7":{"name":"(anonymous_8)","decl":{"start":{"line":174,"column":24},"end":{"line":174,"column":25}},"loc":{"start":{"line":174,"column":31},"end":{"line":174,"column":61}}},"8":{"name":"(anonymous_9)","decl":{"start":{"line":236,"column":24},"end":{"line":236,"column":25}},"loc":{"start":{"line":236,"column":31},"end":{"line":236,"column":61}}},"9":{"name":"(anonymous_10)","decl":{"start":{"line":263,"column":21},"end":{"line":263,"column":24}},"loc":{"start":{"line":263,"column":27},"end":{"line":263,"column":59}}},"10":{"name":"(anonymous_11)","decl":{"start":{"line":289,"column":27},"end":{"line":289,"column":30}},"loc":{"start":{"line":289,"column":33},"end":{"line":289,"column":56}}},"11":{"name":"(anonymous_12)","decl":{"start":{"line":309,"column":27},"end":{"line":309,"column":30}},"loc":{"start":{"line":309,"column":33},"end":{"line":309,"column":56}}}},"branchMap":{"0":{"loc":{"start":{"line":41,"column":4},"end":{"line":43,"column":5}},"type":"if","locations":[{"start":{"line":41,"column":4},"end":{"line":43,"column":5}}]},"1":{"loc":{"start":{"line":51,"column":6},"end":{"line":53,"column":7}},"type":"if","locations":[{"start":{"line":51,"column":6},"end":{"line":53,"column":7}}]},"2":{"loc":{"start":{"line":75,"column":2},"end":{"line":182,"column":3}},"type":"if","locations":[{"start":{"line":75,"column":2},"end":{"line":182,"column":3}}]},"3":{"loc":{"start":{"line":110,"column":21},"end":{"line":110,"column":44}},"type":"binary-expr","locations":[{"start":{"line":110,"column":21},"end":{"line":110,"column":34}},{"start":{"line":110,"column":38},"end":{"line":110,"column":44}}]},"4":{"loc":{"start":{"line":116,"column":13},"end":{"line":148,"column":null}},"type":"binary-expr","locations":[{"start":{"line":116,"column":13},"end":{"line":116,"column":26}},{"start":{"line":117,"column":14},"end":{"line":147,"column":null}}]},"5":{"loc":{"start":{"line":121,"column":23},"end":{"line":121,"column":46}},"type":"binary-expr","locations":[{"start":{"line":121,"column":23},"end":{"line":121,"column":36}},{"start":{"line":121,"column":40},"end":{"line":121,"column":46}}]},"6":{"loc":{"start":{"line":124,"column":23},"end":{"line":124,"column":59}},"type":"binary-expr","locations":[{"start":{"line":124,"column":23},"end":{"line":124,"column":37}},{"start":{"line":124,"column":41},"end":{"line":124,"column":59}}]},"7":{"loc":{"start":{"line":188,"column":9},"end":{"line":208,"column":null}},"type":"binary-expr","locations":[{"start":{"line":188,"column":9},"end":{"line":188,"column":17}},{"start":{"line":189,"column":10},"end":{"line":207,"column":null}}]},"8":{"loc":{"start":{"line":268,"column":19},"end":{"line":268,"column":42}},"type":"binary-expr","locations":[{"start":{"line":268,"column":19},"end":{"line":268,"column":32}},{"start":{"line":268,"column":36},"end":{"line":268,"column":42}}]},"9":{"loc":{"start":{"line":270,"column":22},"end":{"line":270,"column":52}},"type":"cond-expr","locations":[{"start":{"line":270,"column":32},"end":{"line":270,"column":40}},{"start":{"line":270,"column":43},"end":{"line":270,"column":52}}]},"10":{"loc":{"start":{"line":275,"column":11},"end":{"line":352,"column":null}},"type":"binary-expr","locations":[{"start":{"line":275,"column":11},"end":{"line":275,"column":24}},{"start":{"line":276,"column":12},"end":{"line":351,"column":null}}]},"11":{"loc":{"start":{"line":280,"column":21},"end":{"line":280,"column":44}},"type":"binary-expr","locations":[{"start":{"line":280,"column":21},"end":{"line":280,"column":34}},{"start":{"line":280,"column":38},"end":{"line":280,"column":44}}]},"12":{"loc":{"start":{"line":283,"column":21},"end":{"line":283,"column":57}},"type":"binary-expr","locations":[{"start":{"line":283,"column":21},"end":{"line":283,"column":35}},{"start":{"line":283,"column":39},"end":{"line":283,"column":57}}]}},"s":{"0":1,"1":1,"2":1,"3":1,"4":1,"5":1,"6":1,"7":1,"8":1,"9":1,"10":4,"11":4,"12":4,"13":4,"14":4,"15":4,"16":4,"17":4,"18":4,"19":4,"20":0,"21":0,"22":0,"23":0,"24":0,"25":0,"26":0,"27":4,"28":4,"29":0,"30":4,"31":0,"32":4,"33":0,"34":0,"35":0,"36":0,"37":0,"38":4,"39":0,"40":0,"41":0,"42":0,"43":1},"f":{"0":4,"1":4,"2":0,"3":0,"4":0,"5":0,"6":0,"7":0,"8":0,"9":0,"10":0,"11":0},"b":{"0":[4],"1":[0],"2":[0],"3":[0,0],"4":[0,0],"5":[0,0],"6":[0,0],"7":[4,0],"8":[4,4],"9":[0,4],"10":[4,0],"11":[0,0],"12":[0,0]}}
,"C:\\Users\\purbo\\Development\\soar\\admin-dashboard-task\\src\\components\\layout\\MainLayout.tsx": {"path":"C:\\Users\\purbo\\Development\\soar\\admin-dashboard-task\\src\\components\\layout\\MainLayout.tsx","statementMap":{"0":{"start":{"line":2,"column":0},"end":{"line":2,"column":44}},"1":{"start":{"line":3,"column":0},"end":{"line":3,"column":32}},"2":{"start":{"line":4,"column":0},"end":{"line":4,"column":44}},"3":{"start":{"line":5,"column":0},"end":{"line":5,"column":30}},"4":{"start":{"line":11,"column":46},"end":{"line":41,"column":1}},"5":{"start":{"line":12,"column":56},"end":{"line":12,"column":71}},"6":{"start":{"line":14,"column":30},"end":{"line":16,"column":3}},"7":{"start":{"line":15,"column":4},"end":{"line":15,"column":49}},"8":{"start":{"line":18,"column":2},"end":{"line":40,"column":4}},"9":{"start":{"line":28,"column":23},"end":{"line":28,"column":52}},"10":{"start":{"line":43,"column":0},"end":{"line":43,"column":26}}},"fnMap":{"0":{"name":"(anonymous_1)","decl":{"start":{"line":11,"column":46},"end":{"line":11,"column":47}},"loc":{"start":{"line":11,"column":63},"end":{"line":41,"column":1}}},"1":{"name":"(anonymous_2)","decl":{"start":{"line":14,"column":30},"end":{"line":14,"column":33}},"loc":{"start":{"line":14,"column":35},"end":{"line":16,"column":3}}},"2":{"name":"(anonymous_3)","decl":{"start":{"line":28,"column":17},"end":{"line":28,"column":20}},"loc":{"start":{"line":28,"column":23},"end":{"line":28,"column":52}}}},"branchMap":{},"s":{"0":1,"1":1,"2":1,"3":1,"4":1,"5":4,"6":4,"7":0,"8":4,"9":0,"10":1},"f":{"0":4,"1":0,"2":0},"b":{}}
,"C:\\Users\\purbo\\Development\\soar\\admin-dashboard-task\\src\\components\\layout\\MobileSidebar.tsx": {"path":"C:\\Users\\purbo\\Development\\soar\\admin-dashboard-task\\src\\components\\layout\\MobileSidebar.tsx","statementMap":{"0":{"start":{"line":2,"column":0},"end":{"line":2,"column":43}},"1":{"start":{"line":3,"column":0},"end":{"line":3,"column":32}},"2":{"start":{"line":10,"column":52},"end":{"line":82,"column":1}},"3":{"start":{"line":11,"column":21},"end":{"line":11,"column":49}},"4":{"start":{"line":14,"column":2},"end":{"line":25,"column":24}},"5":{"start":{"line":15,"column":31},"end":{"line":19,"column":5}},"6":{"start":{"line":16,"column":6},"end":{"line":18,"column":7}},"7":{"start":{"line":17,"column":8},"end":{"line":17,"column":18}},"8":{"start":{"line":21,"column":4},"end":{"line":21,"column":63}},"9":{"start":{"line":22,"column":4},"end":{"line":24,"column":6}},"10":{"start":{"line":23,"column":6},"end":{"line":23,"column":68}},"11":{"start":{"line":28,"column":2},"end":{"line":38,"column":15}},"12":{"start":{"line":29,"column":4},"end":{"line":33,"column":5}},"13":{"start":{"line":30,"column":6},"end":{"line":30,"column":46}},"14":{"start":{"line":32,"column":6},"end":{"line":32,"column":44}},"15":{"start":{"line":35,"column":4},"end":{"line":37,"column":6}},"16":{"start":{"line":36,"column":6},"end":{"line":36,"column":44}},"17":{"start":{"line":40,"column":2},"end":{"line":40,"column":27}},"18":{"start":{"line":40,"column":15},"end":{"line":40,"column":27}},"19":{"start":{"line":42,"column":2},"end":{"line":81,"column":4}},"20":{"start":{"line":84,"column":0},"end":{"line":84,"column":29}}},"fnMap":{"0":{"name":"(anonymous_1)","decl":{"start":{"line":10,"column":52},"end":{"line":10,"column":53}},"loc":{"start":{"line":10,"column":76},"end":{"line":82,"column":1}}},"1":{"name":"(anonymous_2)","decl":{"start":{"line":14,"column":12},"end":{"line":14,"column":15}},"loc":{"start":{"line":14,"column":17},"end":{"line":25,"column":3}}},"2":{"name":"(anonymous_3)","decl":{"start":{"line":15,"column":31},"end":{"line":15,"column":32}},"loc":{"start":{"line":15,"column":53},"end":{"line":19,"column":5}}},"3":{"name":"(anonymous_4)","decl":{"start":{"line":22,"column":11},"end":{"line":22,"column":14}},"loc":{"start":{"line":22,"column":16},"end":{"line":24,"column":5}}},"4":{"name":"(anonymous_5)","decl":{"start":{"line":28,"column":12},"end":{"line":28,"column":15}},"loc":{"start":{"line":28,"column":17},"end":{"line":38,"column":3}}},"5":{"name":"(anonymous_6)","decl":{"start":{"line":35,"column":11},"end":{"line":35,"column":14}},"loc":{"start":{"line":35,"column":16},"end":{"line":37,"column":5}}}},"branchMap":{"0":{"loc":{"start":{"line":16,"column":6},"end":{"line":18,"column":7}},"type":"if","locations":[{"start":{"line":16,"column":6},"end":{"line":18,"column":7}}]},"1":{"loc":{"start":{"line":16,"column":10},"end":{"line":16,"column":92}},"type":"binary-expr","locations":[{"start":{"line":16,"column":10},"end":{"line":16,"column":16}},{"start":{"line":16,"column":20},"end":{"line":16,"column":38}},{"start":{"line":16,"column":42},"end":{"line":16,"column":92}}]},"2":{"loc":{"start":{"line":29,"column":4},"end":{"line":33,"column":5}},"type":"if","locations":[{"start":{"line":29,"column":4},"end":{"line":33,"column":5}},{"start":{"line":31,"column":11},"end":{"line":33,"column":5}}]},"3":{"loc":{"start":{"line":40,"column":2},"end":{"line":40,"column":27}},"type":"if","locations":[{"start":{"line":40,"column":2},"end":{"line":40,"column":27}}]},"4":{"loc":{"start":{"line":46,"column":94},"end":{"line":46,"column":130}},"type":"cond-expr","locations":[{"start":{"line":46,"column":103},"end":{"line":46,"column":116}},{"start":{"line":46,"column":119},"end":{"line":46,"column":130}}]},"5":{"loc":{"start":{"line":54,"column":10},"end":{"line":54,"column":null}},"type":"cond-expr","locations":[{"start":{"line":54,"column":19},"end":{"line":54,"column":34}},{"start":{"line":54,"column":37},"end":{"line":54,"column":null}}]}},"s":{"0":1,"1":1,"2":1,"3":4,"4":4,"5":4,"6":0,"7":0,"8":4,"9":4,"10":4,"11":4,"12":4,"13":0,"14":4,"15":4,"16":4,"17":4,"18":4,"19":0,"20":1},"f":{"0":4,"1":4,"2":0,"3":4,"4":4,"5":4},"b":{"0":[0],"1":[0,0,0],"2":[0,4],"3":[4],"4":[0,0],"5":[0,0]}}
,"C:\\Users\\purbo\\Development\\soar\\admin-dashboard-task\\src\\components\\layout\\PageHeader.tsx": {"path":"C:\\Users\\purbo\\Development\\soar\\admin-dashboard-task\\src\\components\\layout\\PageHeader.tsx","statementMap":{"0":{"start":{"line":10,"column":46},"end":{"line":30,"column":1}},"1":{"start":{"line":11,"column":2},"end":{"line":29,"column":4}}},"fnMap":{"0":{"name":"(anonymous_0)","decl":{"start":{"line":10,"column":46},"end":{"line":10,"column":47}},"loc":{"start":{"line":10,"column":79},"end":{"line":30,"column":1}}}},"branchMap":{"0":{"loc":{"start":{"line":17,"column":9},"end":{"line":20,"column":null}},"type":"binary-expr","locations":[{"start":{"line":17,"column":9},"end":{"line":17,"column":17}},{"start":{"line":18,"column":10},"end":{"line":19,"column":null}}]},"1":{"loc":{"start":{"line":23,"column":7},"end":{"line":26,"column":null}},"type":"binary-expr","locations":[{"start":{"line":23,"column":7},"end":{"line":23,"column":14}},{"start":{"line":24,"column":8},"end":{"line":25,"column":null}}]}},"s":{"0":0,"1":0},"f":{"0":0},"b":{"0":[0,0],"1":[0,0]}}
,"C:\\Users\\purbo\\Development\\soar\\admin-dashboard-task\\src\\components\\layout\\Sidebar.tsx": {"path":"C:\\Users\\purbo\\Development\\soar\\admin-dashboard-task\\src\\components\\layout\\Sidebar.tsx","statementMap":{"0":{"start":{"line":2,"column":0},"end":{"line":2,"column":53}},"1":{"start":{"line":3,"column":0},"end":{"line":3,"column":51}},"2":{"start":{"line":6,"column":24},"end":{"line":16,"column":2}},"3":{"start":{"line":18,"column":26},"end":{"line":362,"column":1}},"4":{"start":{"line":19,"column":19},"end":{"line":19,"column":32}},"5":{"start":{"line":22,"column":21},"end":{"line":319,"column":3}},"6":{"start":{"line":23,"column":4},"end":{"line":318,"column":5}},"7":{"start":{"line":25,"column":8},"end":{"line":38,"column":10}},"8":{"start":{"line":40,"column":8},"end":{"line":69,"column":10}},"9":{"start":{"line":71,"column":8},"end":{"line":95,"column":10}},"10":{"start":{"line":97,"column":8},"end":{"line":141,"column":10}},"11":{"start":{"line":143,"column":8},"end":{"line":168,"column":10}},"12":{"start":{"line":170,"column":8},"end":{"line":198,"column":10}},"13":{"start":{"line":200,"column":8},"end":{"line":240,"column":10}},"14":{"start":{"line":242,"column":8},"end":{"line":278,"column":10}},"15":{"start":{"line":280,"column":8},"end":{"line":300,"column":10}},"16":{"start":{"line":302,"column":8},"end":{"line":317,"column":10}},"17":{"start":{"line":321,"column":2},"end":{"line":361,"column":4}},"18":{"start":{"line":335,"column":29},"end":{"line":335,"column":60}},"19":{"start":{"line":337,"column":12},"end":{"line":356,"column":14}},"20":{"start":{"line":364,"column":0},"end":{"line":364,"column":23}}},"fnMap":{"0":{"name":"(anonymous_1)","decl":{"start":{"line":18,"column":26},"end":{"line":18,"column":29}},"loc":{"start":{"line":18,"column":31},"end":{"line":362,"column":1}}},"1":{"name":"(anonymous_2)","decl":{"start":{"line":22,"column":21},"end":{"line":22,"column":22}},"loc":{"start":{"line":22,"column":42},"end":{"line":319,"column":3}}},"2":{"name":"(anonymous_3)","decl":{"start":{"line":334,"column":31},"end":{"line":334,"column":32}},"loc":{"start":{"line":334,"column":40},"end":{"line":357,"column":11}}}},"branchMap":{"0":{"loc":{"start":{"line":23,"column":4},"end":{"line":318,"column":5}},"type":"switch","locations":[{"start":{"line":24,"column":6},"end":{"line":38,"column":10}},{"start":{"line":39,"column":6},"end":{"line":69,"column":10}},{"start":{"line":70,"column":6},"end":{"line":95,"column":10}},{"start":{"line":96,"column":6},"end":{"line":141,"column":10}},{"start":{"line":142,"column":6},"end":{"line":168,"column":10}},{"start":{"line":169,"column":6},"end":{"line":198,"column":10}},{"start":{"line":199,"column":6},"end":{"line":240,"column":10}},{"start":{"line":241,"column":6},"end":{"line":278,"column":10}},{"start":{"line":279,"column":6},"end":{"line":300,"column":10}},{"start":{"line":301,"column":6},"end":{"line":317,"column":10}}]},"1":{"loc":{"start":{"line":340,"column":17},"end":{"line":341,"column":null}},"type":"binary-expr","locations":[{"start":{"line":340,"column":17},"end":{"line":340,"column":25}},{"start":{"line":341,"column":18},"end":{"line":341,"column":113}}]},"2":{"loc":{"start":{"line":347,"column":20},"end":{"line":349,"column":null}},"type":"cond-expr","locations":[{"start":{"line":348,"column":24},"end":{"line":348,"column":60}},{"start":{"line":349,"column":24},"end":{"line":349,"column":null}}]}},"s":{"0":1,"1":1,"2":1,"3":1,"4":4,"5":4,"6":36,"7":4,"8":4,"9":4,"10":4,"11":4,"12":4,"13":4,"14":4,"15":4,"16":0,"17":4,"18":36,"19":36,"20":1},"f":{"0":4,"1":36,"2":36},"b":{"0":[4,4,4,4,4,4,4,4,4,0],"1":[36,4],"2":[4,32]}}
,"C:\\Users\\purbo\\Development\\soar\\admin-dashboard-task\\src\\components\\providers\\NotificationProvider.tsx": {"path":"C:\\Users\\purbo\\Development\\soar\\admin-dashboard-task\\src\\components\\providers\\NotificationProvider.tsx","statementMap":{"0":{"start":{"line":10,"column":28},"end":{"line":10,"column":90}},"1":{"start":{"line":12,"column":38},"end":{"line":18,"column":1}},"2":{"start":{"line":13,"column":18},"end":{"line":13,"column":49}},"3":{"start":{"line":14,"column":2},"end":{"line":16,"column":3}},"4":{"start":{"line":15,"column":4},"end":{"line":15,"column":89}},"5":{"start":{"line":17,"column":2},"end":{"line":17,"column":17}},"6":{"start":{"line":24,"column":66},"end":{"line":42,"column":1}},"7":{"start":{"line":25,"column":65},"end":{"line":25,"column":82}},"8":{"start":{"line":27,"column":2},"end":{"line":41,"column":4}},"9":{"start":{"line":32,"column":10},"end":{"line":33,"column":null}},"10":{"start":{"line":36,"column":27},"end":{"line":36,"column":62}}},"fnMap":{"0":{"name":"(anonymous_0)","decl":{"start":{"line":12,"column":38},"end":{"line":12,"column":67}},"loc":{"start":{"line":12,"column":69},"end":{"line":18,"column":1}}},"1":{"name":"(anonymous_1)","decl":{"start":{"line":24,"column":66},"end":{"line":24,"column":67}},"loc":{"start":{"line":24,"column":83},"end":{"line":42,"column":1}}},"2":{"name":"(anonymous_2)","decl":{"start":{"line":31,"column":27},"end":{"line":31,"column":28}},"loc":{"start":{"line":32,"column":10},"end":{"line":33,"column":null}}},"3":{"name":"(anonymous_3)","decl":{"start":{"line":36,"column":21},"end":{"line":36,"column":24}},"loc":{"start":{"line":36,"column":27},"end":{"line":36,"column":62}}}},"branchMap":{"0":{"loc":{"start":{"line":14,"column":2},"end":{"line":16,"column":3}},"type":"if","locations":[{"start":{"line":14,"column":2},"end":{"line":16,"column":3}}]}},"s":{"0":0,"1":0,"2":0,"3":0,"4":0,"5":0,"6":0,"7":0,"8":0,"9":0,"10":0},"f":{"0":0,"1":0,"2":0,"3":0},"b":{"0":[0]}}
,"C:\\Users\\purbo\\Development\\soar\\admin-dashboard-task\\src\\components\\settings\\EditProfile.tsx": {"path":"C:\\Users\\purbo\\Development\\soar\\admin-dashboard-task\\src\\components\\settings\\EditProfile.tsx","statementMap":{"0":{"start":{"line":13,"column":30},"end":{"line":531,"column":1}},"1":{"start":{"line":14,"column":48},"end":{"line":14,"column":62}},"2":{"start":{"line":15,"column":30},"end":{"line":15,"column":54}},"3":{"start":{"line":16,"column":19},"end":{"line":16,"column":32}},"4":{"start":{"line":19,"column":15},"end":{"line":60,"column":4}},"5":{"start":{"line":29,"column":10},"end":{"line":29,"column":61}},"6":{"start":{"line":63,"column":2},"end":{"line":75,"column":29}},"7":{"start":{"line":64,"column":4},"end":{"line":74,"column":5}},"8":{"start":{"line":65,"column":6},"end":{"line":65,"column":38}},"9":{"start":{"line":66,"column":6},"end":{"line":66,"column":40}},"10":{"start":{"line":67,"column":6},"end":{"line":67,"column":46}},"11":{"start":{"line":68,"column":6},"end":{"line":68,"column":42}},"12":{"start":{"line":69,"column":6},"end":{"line":69,"column":58}},"13":{"start":{"line":70,"column":6},"end":{"line":70,"column":68}},"14":{"start":{"line":71,"column":6},"end":{"line":71,"column":38}},"15":{"start":{"line":72,"column":6},"end":{"line":72,"column":56}},"16":{"start":{"line":73,"column":6},"end":{"line":73,"column":44}},"17":{"start":{"line":77,"column":23},"end":{"line":84,"column":4}},"18":{"start":{"line":78,"column":4},"end":{"line":83,"column":5}},"19":{"start":{"line":79,"column":6},"end":{"line":79,"column":34}},"20":{"start":{"line":80,"column":6},"end":{"line":80,"column":66}},"21":{"start":{"line":82,"column":6},"end":{"line":82,"column":59}},"22":{"start":{"line":87,"column":42},"end":{"line":87,"column":79}},"23":{"start":{"line":89,"column":28},"end":{"line":99,"column":3}},"24":{"start":{"line":90,"column":18},"end":{"line":90,"column":32}},"25":{"start":{"line":91,"column":4},"end":{"line":98,"column":5}},"26":{"start":{"line":92,"column":21},"end":{"line":92,"column":37}},"27":{"start":{"line":93,"column":6},"end":{"line":96,"column":8}},"28":{"start":{"line":94,"column":23},"end":{"line":94,"column":49}},"29":{"start":{"line":95,"column":8},"end":{"line":95,"column":32}},"30":{"start":{"line":97,"column":6},"end":{"line":97,"column":37}},"31":{"start":{"line":102,"column":20},"end":{"line":139,"column":3}},"32":{"start":{"line":103,"column":4},"end":{"line":138,"column":6}},"33":{"start":{"line":142,"column":2},"end":{"line":374,"column":3}},"34":{"start":{"line":143,"column":4},"end":{"line":373,"column":6}},"35":{"start":{"line":376,"column":2},"end":{"line":530,"column":4}}},"fnMap":{"0":{"name":"(anonymous_0)","decl":{"start":{"line":13,"column":30},"end":{"line":13,"column":33}},"loc":{"start":{"line":13,"column":35},"end":{"line":531,"column":1}}},"1":{"name":"(anonymous_1)","decl":{"start":{"line":28,"column":18},"end":{"line":28,"column":19}},"loc":{"start":{"line":29,"column":10},"end":{"line":29,"column":61}}},"2":{"name":"(anonymous_2)","decl":{"start":{"line":63,"column":12},"end":{"line":63,"column":15}},"loc":{"start":{"line":63,"column":17},"end":{"line":75,"column":3}}},"3":{"name":"(anonymous_3)","decl":{"start":{"line":77,"column":41},"end":{"line":77,"column":46}},"loc":{"start":{"line":77,"column":58},"end":{"line":84,"column":3}}},"4":{"name":"(anonymous_4)","decl":{"start":{"line":89,"column":28},"end":{"line":89,"column":29}},"loc":{"start":{"line":89,"column":71},"end":{"line":99,"column":3}}},"5":{"name":"(anonymous_5)","decl":{"start":{"line":93,"column":22},"end":{"line":93,"column":23}},"loc":{"start":{"line":93,"column":28},"end":{"line":96,"column":7}}},"6":{"name":"(anonymous_6)","decl":{"start":{"line":102,"column":20},"end":{"line":102,"column":21}},"loc":{"start":{"line":102,"column":77},"end":{"line":139,"column":3}}}},"branchMap":{"0":{"loc":{"start":{"line":21,"column":20},"end":{"line":21,"column":39}},"type":"binary-expr","locations":[{"start":{"line":21,"column":20},"end":{"line":21,"column":33}},{"start":{"line":21,"column":37},"end":{"line":21,"column":39}}]},"1":{"loc":{"start":{"line":25,"column":20},"end":{"line":25,"column":40}},"type":"binary-expr","locations":[{"start":{"line":25,"column":20},"end":{"line":25,"column":34}},{"start":{"line":25,"column":38},"end":{"line":25,"column":40}}]},"2":{"loc":{"start":{"line":29,"column":10},"end":{"line":29,"column":61}},"type":"binary-expr","locations":[{"start":{"line":29,"column":10},"end":{"line":29,"column":29}},{"start":{"line":29,"column":33},"end":{"line":29,"column":61}}]},"3":{"loc":{"start":{"line":33,"column":20},"end":{"line":33,"column":43}},"type":"binary-expr","locations":[{"start":{"line":33,"column":20},"end":{"line":33,"column":37}},{"start":{"line":33,"column":41},"end":{"line":33,"column":43}}]},"4":{"loc":{"start":{"line":37,"column":20},"end":{"line":37,"column":38}},"type":"binary-expr","locations":[{"start":{"line":37,"column":20},"end":{"line":37,"column":32}},{"start":{"line":37,"column":36},"end":{"line":37,"column":38}}]},"5":{"loc":{"start":{"line":41,"column":20},"end":{"line":41,"column":49}},"type":"binary-expr","locations":[{"start":{"line":41,"column":20},"end":{"line":41,"column":43}},{"start":{"line":41,"column":47},"end":{"line":41,"column":49}}]},"6":{"loc":{"start":{"line":45,"column":20},"end":{"line":45,"column":51}},"type":"binary-expr","locations":[{"start":{"line":45,"column":20},"end":{"line":45,"column":45}},{"start":{"line":45,"column":49},"end":{"line":45,"column":51}}]},"7":{"loc":{"start":{"line":49,"column":20},"end":{"line":49,"column":39}},"type":"binary-expr","locations":[{"start":{"line":49,"column":20},"end":{"line":49,"column":33}},{"start":{"line":49,"column":37},"end":{"line":49,"column":39}}]},"8":{"loc":{"start":{"line":53,"column":20},"end":{"line":53,"column":45}},"type":"binary-expr","locations":[{"start":{"line":53,"column":20},"end":{"line":53,"column":39}},{"start":{"line":53,"column":43},"end":{"line":53,"column":45}}]},"9":{"loc":{"start":{"line":57,"column":20},"end":{"line":57,"column":42}},"type":"binary-expr","locations":[{"start":{"line":57,"column":20},"end":{"line":57,"column":36}},{"start":{"line":57,"column":40},"end":{"line":57,"column":42}}]},"10":{"loc":{"start":{"line":64,"column":4},"end":{"line":74,"column":5}},"type":"if","locations":[{"start":{"line":64,"column":4},"end":{"line":74,"column":5}}]},"11":{"loc":{"start":{"line":68,"column":24},"end":{"line":68,"column":41}},"type":"binary-expr","locations":[{"start":{"line":68,"column":24},"end":{"line":68,"column":35}},{"start":{"line":68,"column":39},"end":{"line":68,"column":41}}]},"12":{"loc":{"start":{"line":70,"column":37},"end":{"line":70,"column":67}},"type":"binary-expr","locations":[{"start":{"line":70,"column":37},"end":{"line":70,"column":61}},{"start":{"line":70,"column":65},"end":{"line":70,"column":67}}]},"13":{"loc":{"start":{"line":72,"column":31},"end":{"line":72,"column":55}},"type":"binary-expr","locations":[{"start":{"line":72,"column":31},"end":{"line":72,"column":49}},{"start":{"line":72,"column":53},"end":{"line":72,"column":55}}]},"14":{"loc":{"start":{"line":87,"column":51},"end":{"line":87,"column":78}},"type":"binary-expr","locations":[{"start":{"line":87,"column":51},"end":{"line":87,"column":72}},{"start":{"line":87,"column":76},"end":{"line":87,"column":78}}]},"15":{"loc":{"start":{"line":91,"column":4},"end":{"line":98,"column":5}},"type":"if","locations":[{"start":{"line":91,"column":4},"end":{"line":98,"column":5}}]},"16":{"loc":{"start":{"line":91,"column":8},"end":{"line":91,"column":25}},"type":"binary-expr","locations":[{"start":{"line":91,"column":8},"end":{"line":91,"column":13}},{"start":{"line":91,"column":17},"end":{"line":91,"column":25}}]},"17":{"loc":{"start":{"line":116,"column":14},"end":{"line":116,"column":null}},"type":"cond-expr","locations":[{"start":{"line":116,"column":22},"end":{"line":116,"column":38}},{"start":{"line":116,"column":41},"end":{"line":116,"column":null}}]},"18":{"loc":{"start":{"line":136,"column":9},"end":{"line":136,"column":70}},"type":"binary-expr","locations":[{"start":{"line":136,"column":9},"end":{"line":136,"column":14}},{"start":{"line":136,"column":18},"end":{"line":136,"column":70}}]},"19":{"loc":{"start":{"line":142,"column":2},"end":{"line":374,"column":3}},"type":"if","locations":[{"start":{"line":142,"column":2},"end":{"line":374,"column":3}}]},"20":{"loc":{"start":{"line":150,"column":21},"end":{"line":150,"column":58}},"type":"binary-expr","locations":[{"start":{"line":150,"column":21},"end":{"line":150,"column":33}},{"start":{"line":150,"column":37},"end":{"line":150,"column":58}}]},"21":{"loc":{"start":{"line":151,"column":21},"end":{"line":151,"column":44}},"type":"binary-expr","locations":[{"start":{"line":151,"column":21},"end":{"line":151,"column":34}},{"start":{"line":151,"column":38},"end":{"line":151,"column":44}}]},"22":{"loc":{"start":{"line":196,"column":16},"end":{"line":198,"column":null}},"type":"cond-expr","locations":[{"start":{"line":197,"column":20},"end":{"line":197,"column":36}},{"start":{"line":198,"column":20},"end":{"line":198,"column":null}}]},"23":{"loc":{"start":{"line":196,"column":16},"end":{"line":196,"column":53}},"type":"binary-expr","locations":[{"start":{"line":196,"column":16},"end":{"line":196,"column":33}},{"start":{"line":196,"column":37},"end":{"line":196,"column":53}}]},"24":{"loc":{"start":{"line":201,"column":13},"end":{"line":202,"column":null}},"type":"binary-expr","locations":[{"start":{"line":201,"column":13},"end":{"line":201,"column":30}},{"start":{"line":201,"column":34},"end":{"line":201,"column":50}},{"start":{"line":202,"column":14},"end":{"line":202,"column":77}}]},"25":{"loc":{"start":{"line":217,"column":16},"end":{"line":219,"column":null}},"type":"cond-expr","locations":[{"start":{"line":218,"column":20},"end":{"line":218,"column":36}},{"start":{"line":219,"column":20},"end":{"line":219,"column":null}}]},"26":{"loc":{"start":{"line":217,"column":16},"end":{"line":217,"column":61}},"type":"binary-expr","locations":[{"start":{"line":217,"column":16},"end":{"line":217,"column":37}},{"start":{"line":217,"column":41},"end":{"line":217,"column":61}}]},"27":{"loc":{"start":{"line":222,"column":13},"end":{"line":225,"column":null}},"type":"binary-expr","locations":[{"start":{"line":222,"column":13},"end":{"line":222,"column":34}},{"start":{"line":222,"column":38},"end":{"line":222,"column":58}},{"start":{"line":223,"column":14},"end":{"line":224,"column":null}}]},"28":{"loc":{"start":{"line":240,"column":16},"end":{"line":242,"column":null}},"type":"cond-expr","locations":[{"start":{"line":241,"column":20},"end":{"line":241,"column":36}},{"start":{"line":242,"column":20},"end":{"line":242,"column":null}}]},"29":{"loc":{"start":{"line":240,"column":16},"end":{"line":240,"column":55}},"type":"binary-expr","locations":[{"start":{"line":240,"column":16},"end":{"line":240,"column":34}},{"start":{"line":240,"column":38},"end":{"line":240,"column":55}}]},"30":{"loc":{"start":{"line":245,"column":13},"end":{"line":246,"column":null}},"type":"binary-expr","locations":[{"start":{"line":245,"column":13},"end":{"line":245,"column":31}},{"start":{"line":245,"column":35},"end":{"line":245,"column":52}},{"start":{"line":246,"column":14},"end":{"line":246,"column":78}}]},"31":{"loc":{"start":{"line":366,"column":22},"end":{"line":366,"column":69}},"type":"binary-expr","locations":[{"start":{"line":366,"column":22},"end":{"line":366,"column":31}},{"start":{"line":366,"column":35},"end":{"line":366,
[...]
":27}},"12":{"start":{"line":37,"column":25},"end":{"line":44,"column":3}},"13":{"start":{"line":38,"column":4},"end":{"line":43,"column":37}},"14":{"start":{"line":39,"column":23},"end":{"line":39,"column":40}},"15":{"start":{"line":40,"column":6},"end":{"line":40,"column":48}},"16":{"start":{"line":41,"column":6},"end":{"line":41,"column":34}},"17":{"start":{"line":42,"column":6},"end":{"line":42,"column":20}},"18":{"start":{"line":37,"column":15},"end":{"line":37,"column":25}},"19":{"start":{"line":49,"column":24},"end":{"line":58,"column":3}},"20":{"start":{"line":50,"column":4},"end":{"line":57,"column":7}},"21":{"start":{"line":51,"column":21},"end":{"line":51,"column":27}},"22":{"start":{"line":52,"column":21},"end":{"line":52,"column":27}},"23":{"start":{"line":54,"column":6},"end":{"line":54,"column":59}},"24":{"start":{"line":54,"column":27},"end":{"line":54,"column":59}},"25":{"start":{"line":55,"column":6},"end":{"line":55,"column":59}},"26":{"start":{"line":55,"column":27},"end":{"line":55,"column":59}},"27":{"start":{"line":56,"column":6},"end":{"line":56,"column":15}},"28":{"start":{"line":49,"column":15},"end":{"line":49,"column":24}},"29":{"start":{"line":63,"column":28},"end":{"line":70,"column":3}},"30":{"start":{"line":64,"column":4},"end":{"line":69,"column":20}},"31":{"start":{"line":65,"column":6},"end":{"line":67,"column":7}},"32":{"start":{"line":66,"column":8},"end":{"line":66,"column":43}},"33":{"start":{"line":68,"column":6},"end":{"line":68,"column":17}},"34":{"start":{"line":63,"column":15},"end":{"line":63,"column":28}},"35":{"start":{"line":75,"column":26},"end":{"line":80,"column":3}},"36":{"start":{"line":76,"column":4},"end":{"line":79,"column":16}},"37":{"start":{"line":77,"column":18},"end":{"line":77,"column":32}},"38":{"start":{"line":78,"column":6},"end":{"line":78,"column":48}},"39":{"start":{"line":75,"column":15},"end":{"line":75,"column":26}},"40":{"start":{"line":85,"column":26},"end":{"line":94,"column":3}},"41":{"start":{"line":86,"column":19},"end":{"line":86,"column":72}},"42":{"start":{"line":87,"column":4},"end":{"line":93,"column":13}},"43":{"start":{"line":85,"column":15},"end":{"line":85,"column":26}}},"fnMap":{"0":{"name":"(anonymous_0)","decl":{"start":{"line":8,"column":26},"end":{"line":8,"column":27}},"loc":{"start":{"line":8,"column":60},"end":{"line":10,"column":3}}},"1":{"name":"(anonymous_1)","decl":{"start":{"line":15,"column":26},"end":{"line":15,"column":null}},"loc":{"start":{"line":18,"column":42},"end":{"line":25,"column":3}}},"2":{"name":"(anonymous_2)","decl":{"start":{"line":21,"column":11},"end":{"line":21,"column":31}},"loc":{"start":{"line":21,"column":53},"end":{"line":24,"column":5}}},"3":{"name":"(anonymous_3)","decl":{"start":{"line":23,"column":27},"end":{"line":23,"column":30}},"loc":{"start":{"line":23,"column":33},"end":{"line":23,"column":55}}},"4":{"name":"(anonymous_4)","decl":{"start":{"line":30,"column":27},"end":{"line":30,"column":31}},"loc":{"start":{"line":30,"column":44},"end":{"line":32,"column":3}}},"5":{"name":"(anonymous_5)","decl":{"start":{"line":37,"column":25},"end":{"line":37,"column":29}},"loc":{"start":{"line":37,"column":81},"end":{"line":44,"column":3}}},"6":{"name":"(anonymous_6)","decl":{"start":{"line":38,"column":24},"end":{"line":38,"column":25}},"loc":{"start":{"line":38,"column":41},"end":{"line":43,"column":5}}},"7":{"name":"(anonymous_7)","decl":{"start":{"line":49,"column":24},"end":{"line":49,"column":28}},"loc":{"start":{"line":49,"column":92},"end":{"line":58,"column":3}}},"8":{"name":"(anonymous_8)","decl":{"start":{"line":50,"column":27},"end":{"line":50,"column":28}},"loc":{"start":{"line":50,"column":36},"end":{"line":57,"column":5}}},"9":{"name":"(anonymous_9)","decl":{"start":{"line":63,"column":28},"end":{"line":63,"column":32}},"loc":{"start":{"line":63,"column":67},"end":{"line":70,"column":3}}},"10":{"name":"(anonymous_10)","decl":{"start":{"line":64,"column":24},"end":{"line":64,"column":25}},"loc":{"start":{"line":64,"column":38},"end":{"line":69,"column":5}}},"11":{"name":"(anonymous_11)","decl":{"start":{"line":75,"column":26},"end":{"line":75,"column":27}},"loc":{"start":{"line":75,"column":70},"end":{"line":80,"column":3}}},"12":{"name":"(anonymous_12)","decl":{"start":{"line":76,"column":31},"end":{"line":76,"column":32}},"loc":{"start":{"line":76,"column":35},"end":{"line":79,"column":5}}},"13":{"name":"(anonymous_13)","decl":{"start":{"line":85,"column":26},"end":{"line":85,"column":27}},"loc":{"start":{"line":85,"column":86},"end":{"line":94,"column":3}}}},"branchMap":{"0":{"loc":{"start":{"line":8,"column":27},"end":{"line":8,"column":48}},"type":"default-arg","locations":[{"start":{"line":8,"column":44},"end":{"line":8,"column":48}}]},"1":{"loc":{"start":{"line":40,"column":25},"end":{"line":40,"column":47}},"type":"binary-expr","locations":[{"start":{"line":40,"column":25},"end":{"line":40,"column":41}},{"start":{"line":40,"column":45},"end":{"line":40,"column":47}}]},"2":{"loc":{"start":{"line":49,"column":54},"end":{"line":49,"column":83}},"type":"default-arg","locations":[{"start":{"line":49,"column":78},"end":{"line":49,"column":83}}]},"3":{"loc":{"start":{"line":54,"column":6},"end":{"line":54,"column":59}},"type":"if","locations":[{"start":{"line":54,"column":6},"end":{"line":54,"column":59}}]},"4":{"loc":{"start":{"line":54,"column":34},"end":{"line":54,"column":58}},"type":"cond-expr","locations":[{"start":{"line":54,"column":52},"end":{"line":54,"column":54}},{"start":{"line":54,"column":57},"end":{"line":54,"column":58}}]},"5":{"loc":{"start":{"line":55,"column":6},"end":{"line":55,"column":59}},"type":"if","locations":[{"start":{"line":55,"column":6},"end":{"line":55,"column":59}}]},"6":{"loc":{"start":{"line":55,"column":34},"end":{"line":55,"column":58}},"type":"cond-expr","locations":[{"start":{"line":55,"column":52},"end":{"line":55,"column":53}},{"start":{"line":55,"column":56},"end":{"line":55,"column":58}}]},"7":{"loc":{"start":{"line":65,"column":6},"end":{"line":67,"column":7}},"type":"if","locations":[{"start":{"line":65,"column":6},"end":{"line":67,"column":7}}]},"8":{"loc":{"start":{"line":78,"column":13},"end":{"line":78,"column":47}},"type":"cond-expr","locations":[{"start":{"line":78,"column":32},"end":{"line":78,"column":41}},{"start":{"line":78,"column":44},"end":{"line":78,"column":47}}]},"9":{"loc":{"start":{"line":87,"column":11},"end":{"line":93,"column":12}},"type":"cond-expr","locations":[{"start":{"line":88,"column":8},"end":{"line":92,"column":null}},{"start":{"line":93,"column":8},"end":{"line":93,"column":12}}]}},"s":{"0":1,"1":4,"2":1,"3":1,"4":3,"5":5,"6":5,"7":3,"8":1,"9":1,"10":3,"11":1,"12":1,"13":3,"14":7,"15":7,"16":7,"17":7,"18":1,"19":1,"20":5,"21":19,"22":19,"23":19,"24":8,"25":11,"26":11,"27":0,"28":1,"29":1,"30":4,"31":14,"32":7,"33":14,"34":1,"35":1,"36":7,"37":21,"38":21,"39":1,"40":1,"41":9,"42":9,"43":1},"f":{"0":4,"1":3,"2":5,"3":3,"4":3,"5":3,"6":7,"7":5,"8":19,"9":4,"10":14,"11":7,"12":21,"13":9},"b":{"0":[3],"1":[7,4],"2":[3],"3":[8],"4":[5,3],"5":[11],"6":[6,5],"7":[7],"8":[15,6],"9":[6,3]}}
,"C:\\Users\\purbo\\Development\\soar\\admin-dashboard-task\\src\\utils\\storage.ts": {"path":"C:\\Users\\purbo\\Development\\soar\\admin-dashboard-task\\src\\utils\\storage.ts","statementMap":{"0":{"start":{"line":5,"column":15},"end":{"line":5,"column":33}},"1":{"start":{"line":10,"column":29},"end":{"line":17,"column":1}},"2":{"start":{"line":11,"column":2},"end":{"line":16,"column":3}},"3":{"start":{"line":12,"column":28},"end":{"line":12,"column":49}},"4":{"start":{"line":13,"column":4},"end":{"line":13,"column":61}},"5":{"start":{"line":15,"column":4},"end":{"line":15,"column":58}},"6":{"start":{"line":10,"column":13},"end":{"line":10,"column":29}},"7":{"start":{"line":22,"column":30},"end":{"line":31,"column":1}},"8":{"start":{"line":23,"column":2},"end":{"line":30,"column":3}},"9":{"start":{"line":24,"column":28},"end":{"line":24,"column":67}},"10":{"start":{"line":25,"column":4},"end":{"line":25,"column":54}},"11":{"start":{"line":25,"column":34},"end":{"line":25,"column":54}},"12":{"start":{"line":26,"column":4},"end":{"line":26,"column":44}},"13":{"start":{"line":28,"column":4},"end":{"line":28,"column":61}},"14":{"start":{"line":29,"column":4},"end":{"line":29,"column":24}},"15":{"start":{"line":22,"column":13},"end":{"line":22,"column":30}},"16":{"start":{"line":36,"column":33},"end":{"line":42,"column":1}},"17":{"start":{"line":37,"column":2},"end":{"line":41,"column":3}},"18":{"start":{"line":38,"column":4},"end":{"line":38,"column":47}},"19":{"start":{"line":40,"column":4},"end":{"line":40,"column":62}},"20":{"start":{"line":36,"column":13},"end":{"line":36,"column":33}},"21":{"start":{"line":47,"column":31},"end":{"line":57,"column":1}},"22":{"start":{"line":48,"column":2},"end":{"line":56,"column":3}},"23":{"start":{"line":49,"column":4},"end":{"line":53,"column":7}},"24":{"start":{"line":50,"column":6},"end":{"line":52,"column":7}},"25":{"start":{"line":51,"column":8},"end":{"line":51,"column":37}},"26":{"start":{"line":55,"column":4},"end":{"line":55,"column":56}},"27":{"start":{"line":47,"column":13},"end":{"line":47,"column":31}},"28":{"start":{"line":62,"column":36},"end":{"line":69,"column":1}},"29":{"start":{"line":63,"column":2},"end":{"line":68,"column":3}},"30":{"start":{"line":64,"column":28},"end":{"line":64,"column":49}},"31":{"start":{"line":65,"column":4},"end":{"line":65,"column":63}},"32":{"start":{"line":67,"column":4},"end":{"line":67,"column":60}},"33":{"start":{"line":62,"column":13},"end":{"line":62,"column":36}},"34":{"start":{"line":74,"column":37},"end":{"line":83,"column":1}},"35":{"start":{"line":75,"column":2},"end":{"line":82,"column":3}},"36":{"start":{"line":76,"column":28},"end":{"line":76,"column":69}},"37":{"start":{"line":77,"column":4},"end":{"line":77,"column":54}},"38":{"start":{"line":77,"column":34},"end":{"line":77,"column":54}},"39":{"start":{"line":78,"column":4},"end":{"line":78,"column":44}},"40":{"start":{"line":80,"column":4},"end":{"line":80,"column":63}},"41":{"start":{"line":81,"column":4},"end":{"line":81,"column":24}},"42":{"start":{"line":74,"column":13},"end":{"line":74,"column":37}}},"fnMap":{"0":{"name":"(anonymous_0)","decl":{"start":{"line":10,"column":29},"end":{"line":10,"column":33}},"loc":{"start":{"line":10,"column":64},"end":{"line":17,"column":1}}},"1":{"name":"(anonymous_1)","decl":{"start":{"line":22,"column":30},"end":{"line":22,"column":34}},"loc":{"start":{"line":22,"column":69},"end":{"line":31,"column":1}}},"2":{"name":"(anonymous_2)","decl":{"start":{"line":36,"column":33},"end":{"line":36,"column":34}},"loc":{"start":{"line":36,"column":55},"end":{"line":42,"column":1}}},"3":{"name":"(anonymous_3)","decl":{"start":{"line":47,"column":31},"end":{"line":47,"column":40}},"loc":{"start":{"line":47,"column":42},"end":{"line":57,"column":1}}},"4":{"name":"(anonymous_4)","decl":{"start":{"line":49,"column":38},"end":{"line":49,"column":41}},"loc":{"start":{"line":49,"column":44},"end":{"line":53,"column":5}}},"5":{"name":"(anonymous_5)","decl":{"start":{"line":62,"column":36},"end":{"line":62,"column":40}},"loc":{"start":{"line":62,"column":71},"end":{"line":69,"column":1}}},"6":{"name":"(anonymous_6)","decl":{"start":{"line":74,"column":37},"end":{"line":74,"column":41}},"loc":{"start":{"line":74,"column":76},"end":{"line":83,"column":1}}}},"branchMap":{"0":{"loc":{"start":{"line":25,"column":4},"end":{"line":25,"column":54}},"type":"if","locations":[{"start":{"line":25,"column":4},"end":{"line":25,"column":54}}]},"1":{"loc":{"start":{"line":50,"column":6},"end":{"line":52,"column":7}},"type":"if","locations":[{"start":{"line":50,"column":6},"end":{"line":52,"column":7}}]},"2":{"loc":{"start":{"line":77,"column":4},"end":{"line":77,"column":54}},"type":"if","locations":[{"start":{"line":77,"column":4},"end":{"line":77,"column":54}}]}},"s":{"0":1,"1":1,"2":10,"3":10,"4":10,"5":0,"6":1,"7":1,"8":7,"9":7,"10":7,"11":0,"12":7,"13":7,"14":7,"15":1,"16":1,"17":3,"18":3,"19":0,"20":1,"21":1,"22":3,"23":3,"24":12,"25":0,"26":0,"27":1,"28":1,"29":4,"30":4,"31":4,"32":0,"33":1,"34":1,"35":4,"36":4,"37":4,"38":0,"39":4,"40":4,"41":4,"42":1},"f":{"0":10,"1":7,"2":3,"3":3,"4":12,"5":4,"6":4},"b":{"0":[0],"1":[0],"2":[0]}}
,"C:\\Users\\purbo\\Development\\soar\\admin-dashboard-task\\src\\utils\\validators.ts": {"path":"C:\\Users\\purbo\\Development\\soar\\admin-dashboard-task\\src\\utils\\validators.ts","statementMap":{"0":{"start":{"line":8,"column":28},"end":{"line":11,"column":3}},"1":{"start":{"line":9,"column":15},"end":{"line":9,"column":65}},"2":{"start":{"line":10,"column":4},"end":{"line":10,"column":48}},"3":{"start":{"line":8,"column":13},"end":{"line":8,"column":28}},"4":{"start":{"line":16,"column":28},"end":{"line":18,"column":3}},"5":{"start":{"line":17,"column":4},"end":{"line":17,"column":35}},"6":{"start":{"line":16,"column":15},"end":{"line":16,"column":28}},"7":{"start":{"line":27,"column":34},"end":{"line":34,"column":3}},"8":{"start":{"line":28,"column":4},"end":{"line":33,"column":6}},"9":{"start":{"line":27,"column":15},"end":{"line":27,"column":34}},"10":{"start":{"line":44,"column":37},"end":{"line":60,"column":3}},"11":{"start":{"line":45,"column":4},"end":{"line":45,"column":28}},"12":{"start":{"line":45,"column":19},"end":{"line":45,"column":28}},"13":{"start":{"line":46,"column":4},"end":{"line":46,"column":38}},"14":{"start":{"line":46,"column":29},"end":{"line":46,"column":38}},"15":{"start":{"line":48,"column":16},"end":{"line":48,"column":17}},"16":{"start":{"line":51,"column":4},"end":{"line":51,"column":41}},"17":{"start":{"line":51,"column":30},"end":{"line":51,"column":41}},"18":{"start":{"line":54,"column":4},"end":{"line":54,"column":43}},"19":{"start":{"line":54,"column":32},"end":{"line":54,"column":43}},"20":{"start":{"line":55,"column":4},"end":{"line":55,"column":43}},"21":{"start":{"line":55,"column":32},"end":{"line":55,"column":43}},"22":{"start":{"line":56,"column":4},"end":{"line":56,"column":40}},"23":{"start":{"line":56,"column":29},"end":{"line":56,"column":40}},"24":{"start":{"line":57,"column":4},"end":{"line":57,"column":50}},"25":{"start":{"line":57,"column":39},"end":{"line":57,"column":50}},"26":{"start":{"line":59,"column":4},"end":{"line":59,"column":50}},"27":{"start":{"line":44,"column":15},"end":{"line":44,"column":37}},"28":{"start":{"line":65,"column":35},"end":{"line":92,"column":3}},"29":{"start":{"line":67,"column":18},"end":{"line":67,"column":47}},"30":{"start":{"line":69,"column":4},"end":{"line":69,"column":29}},"31":{"start":{"line":69,"column":16},"end":{"line":69,"column":29}},"32":{"start":{"line":72,"column":4},"end":{"line":72,"column":61}},"33":{"start":{"line":72,"column":48},"end":{"line":72,"column":61}},"34":{"start":{"line":75,"column":14},"end":{"line":75,"column":15}},"35":{"start":{"line":76,"column":23},"end":{"line":76,"column":28}},"36":{"start":{"line":79,"column":4},"end":{"line":89,"column":5}},"37":{"start":{"line":79,"column":17},"end":{"line":79,"column":33}},"38":{"start":{"line":80,"column":18},"end":{"line":80,"column":43}},"39":{"start":{"line":82,"column":6},"end":{"line":85,"column":7}},"40":{"start":{"line":83,"column":8},"end":{"line":83,"column":19}},"41":{"start":{"line":84,"column":8},"end":{"line":84,"column":34}},"42":{"start":{"line":84,"column":23},"end":{"line":84,"column":34}},"43":{"start":{"line":87,"column":6},"end":{"line":87,"column":19}},"44":{"start":{"line":88,"column":6},"end":{"line":88,"column":35}},"45":{"start":{"line":91,"column":4},"end":{"line":91,"column":28}},"46":{"start":{"line":65,"column":15},"end":{"line":65,"column":35}},"47":{"start":{"line":97,"column":36},"end":{"line":101,"column":3}},"48":{"start":{"line":99,"column":20},"end":{"line":99,"column":45}},"49":{"start":{"line":100,"column":4},"end":{"line":100,"column":82}},"50":{"start":{"line":97,"column":15},"end":{"line":97,"column":36}}},"fnMap":{"0":{"name":"(anonymous_0)","decl":{"start":{"line":8,"column":28},"end":{"line":8,"column":29}},"loc":{"start":{"line":8,"column":55},"end":{"line":11,"column":3}}},"1":{"name":"(anonymous_1)","decl":{"start":{"line":16,"column":28},"end":{"line":16,"column":29}},"loc":{"start":{"line":16,"column":55},"end":{"line":18,"column":3}}},"2":{"name":"(anonymous_2)","decl":{"start":{"line":27,"column":34},"end":{"line":27,"column":35}},"loc":{"start":{"line":27,"column":64},"end":{"line":34,"column":3}}},"3":{"name":"(anonymous_3)","decl":{"start":{"line":44,"column":37},"end":{"line":44,"column":38}},"loc":{"start":{"line":44,"column":66},"end":{"line":60,"column":3}}},"4":{"name":"(anonymous_4)","decl":{"start":{"line":65,"column":35},"end":{"line":65,"column":36}},"loc":{"start":{"line":65,"column":67},"end":{"line":92,"column":3}}},"5":{"name":"(anonymous_5)","decl":{"start":{"line":97,"column":36},"end":{"line":97,"column":37}},"loc":{"start":{"line":97,"column":63},"end":{"line":101,"column":3}}}},"branchMap":{"0":{"loc":{"start":{"line":29,"column":6},"end":{"line":32,"column":25}},"type":"binary-expr","locations":[{"start":{"line":29,"column":6},"end":{"line":29,"column":26}},{"start":{"line":30,"column":6},"end":{"line":30,"column":28}},{"start":{"line":31,"column":6},"end":{"line":31,"column":28}},{"start":{"line":32,"column":6},"end":{"line":32,"column":25}}]},"1":{"loc":{"start":{"line":45,"column":4},"end":{"line":45,"column":28}},"type":"if","locations":[{"start":{"line":45,"column":4},"end":{"line":45,"column":28}}]},"2":{"loc":{"start":{"line":46,"column":4},"end":{"line":46,"column":38}},"type":"if","locations":[{"start":{"line":46,"column":4},"end":{"line":46,"column":38}}]},"3":{"loc":{"start":{"line":51,"column":4},"end":{"line":51,"column":41}},"type":"if","locations":[{"start":{"line":51,"column":4},"end":{"line":51,"column":41}}]},"4":{"loc":{"start":{"line":54,"column":4},"end":{"line":54,"column":43}},"type":"if","locations":[{"start":{"line":54,"column":4},"end":{"line":54,"column":43}}]},"5":{"loc":{"start":{"line":55,"column":4},"end":{"line":55,"column":43}},"type":"if","locations":[{"start":{"line":55,"column":4},"end":{"line":55,"column":43}}]},"6":{"loc":{"start":{"line":56,"column":4},"end":{"line":56,"column":40}},"type":"if","locations":[{"start":{"line":56,"column":4},"end":{"line":56,"column":40}}]},"7":{"loc":{"start":{"line":57,"column":4},"end":{"line":57,"column":50}},"type":"if","locations":[{"start":{"line":57,"column":4},"end":{"line":57,"column":50}}]},"8":{"loc":{"start":{"line":69,"column":4},"end":{"line":69,"column":29}},"type":"if","locations":[{"start":{"line":69,"column":4},"end":{"line":69,"column":29}}]},"9":{"loc":{"start":{"line":72,"column":4},"end":{"line":72,"column":61}},"type":"if","locations":[{"start":{"line":72,"column":4},"end":{"line":72,"column":61}}]},"10":{"loc":{"start":{"line":72,"column":8},"end":{"line":72,"column":46}},"type":"binary-expr","locations":[{"start":{"line":72,"column":8},"end":{"line":72,"column":25}},{"start":{"line":72,"column":29},"end":{"line":72,"column":46}}]},"11":{"loc":{"start":{"line":82,"column":6},"end":{"line":85,"column":7}},"type":"if","locations":[{"start":{"line":82,"column":6},"end":{"line":85,"column":7}}]},"12":{"loc":{"start":{"line":84,"column":8},"end":{"line":84,"column":34}},"type":"if","locations":[{"start":{"line":84,"column":8},"end":{"line":84,"column":34}}]}},"s":{"0":1,"1":28,"2":28,"3":1,"4":1,"5":9,"6":1,"7":1,"8":22,"9":1,"10":1,"11":16,"12":1,"13":15,"14":3,"15":12,"16":12,"17":11,"18":12,"19":9,"20":12,"21":9,"22":12,"23":9,"24":12,"25":5,"26":12,"27":1,"28":1,"29":20,"30":20,"31":2,"32":18,"33":6,"34":12,"35":12,"36":12,"37":12,"38":189,"39":189,"40":93,"41":93,"42":31,"43":189,"44":189,"45":12,"46":1,"47":1,"48":22,"49":22,"50":1},"f":{"0":28,"1":9,"2":22,"3":16,"4":20,"5":22},"b":{"0":[22,19,15,12],"1":[1],"2":[3],"3":[11],"4":[9],"5":[9],"6":[9],"7":[5],"8":[2],"9":[6],"10":[18,14],"11":[93],"12":[31]}}
}
