TN:
SF:src\App.tsx
FN:8,(anonymous_0)
FNF:1
FNH:0
FNDA:0,(anonymous_0)
DA:8,0
DA:11,0
LF:2
LH:0
BRF:0
BRH:0
end_of_record
TN:
SF:src\main.tsx
FNF:0
FNH:0
DA:6,0
LF:1
LH:0
BRF:0
BRH:0
end_of_record
TN:
SF:src\components\common\Avatar.tsx
FN:16,(anonymous_0)
FN:44,(anonymous_1)
FNF:2
FNH:1
FNDA:4,(anonymous_0)
FNDA:0,(anonymous_1)
DA:2,1
DA:3,1
DA:16,1
DA:24,4
DA:25,4
DA:28,4
DA:37,4
DA:44,4
DA:45,0
DA:46,0
DA:47,0
DA:52,4
DA:54,4
DA:85,1
LF:14
LH:11
BRDA:19,0,0,0
BRDA:20,1,0,4
BRDA:24,2,0,4
BRDA:24,2,1,4
BRDA:45,3,0,0
BRDA:52,4,0,4
BRDA:52,4,1,4
BRDA:56,5,0,0
BRDA:56,5,1,4
BRDA:70,6,0,4
BRDA:70,6,1,0
BRF:11
BRH:7
end_of_record
TN:
SF:src\components\common\Button.tsx
FN:17,(anonymous_0)
FNF:1
FNH:0
FNDA:0,(anonymous_0)
DA:17,0
DA:30,0
DA:33,0
DA:40,0
DA:46,0
DA:49,0
DA:71,0
LF:7
LH:0
BRDA:18,0,0,0
BRDA:19,1,0,0
BRDA:20,2,0,0
BRDA:23,3,0,0
BRDA:25,4,0,0
BRDA:76,5,0,0
BRDA:76,5,1,0
BRDA:77,6,0,0
BRDA:77,6,1,0
BRDA:77,7,0,0
BRDA:77,7,1,0
BRDA:78,8,0,0
BRDA:78,8,1,0
BRDA:81,9,0,0
BRDA:81,9,1,0
BRDA:84,10,0,0
BRDA:84,10,1,0
BRDA:85,11,0,0
BRDA:85,11,1,0
BRDA:85,11,2,0
BRDA:87,12,0,0
BRDA:87,12,1,0
BRDA:87,12,2,0
BRF:23
BRH:0
end_of_record
TN:
SF:src\components\common\Card.tsx
FN:12,(anonymous_0)
FNF:1
FNH:0
FNDA:0,(anonymous_0)
DA:12,0
DA:19,0
LF:2
LH:0
BRDA:16,0,0,0
BRDA:17,1,0,0
BRDA:21,2,0,0
BRDA:21,2,1,0
BRDA:24,3,0,0
BRDA:24,3,1,0
BRDA:27,4,0,0
BRDA:27,4,1,0
BRF:8
BRH:0
end_of_record
TN:
SF:src\components\common\Input.tsx
FN:14,(anonymous_0)
FNF:1
FNH:0
FNDA:0,(anonymous_0)
DA:14,0
DA:27,0
DA:29,0
LF:3
LH:0
BRDA:20,0,0,0
BRDA:21,1,0,0
BRDA:27,2,0,0
BRDA:27,2,1,0
BRDA:30,3,0,0
BRDA:30,3,1,0
BRDA:31,4,0,0
BRDA:31,4,1,0
BRDA:41,5,0,0
BRDA:41,5,1,0
BRDA:50,6,0,0
BRDA:50,6,1,0
BRDA:51,7,0,0
BRDA:51,7,1,0
BRDA:54,8,0,0
BRDA:54,8,1,0
BRDA:54,9,0,0
BRDA:54,9,1,0
BRDA:61,10,0,0
BRDA:61,10,1,0
BRDA:68,11,0,0
BRDA:68,11,1,0
BRDA:70,12,0,0
BRDA:70,12,1,0
BRF:24
BRH:0
end_of_record
TN:
SF:src\components\common\Skeleton.tsx
FN:10,(anonymous_0)
FN:38,(anonymous_1)
FN:46,(anonymous_2)
FNF:3
FNH:0
FNDA:0,(anonymous_0)
FNDA:0,(anonymous_1)
FNDA:0,(anonymous_2)
DA:10,0
DA:17,0
DA:23,0
DA:38,0
DA:44,0
DA:47,0
LF:6
LH:0
BRDA:11,0,0,0
BRDA:12,1,0,0
BRDA:13,2,0,0
BRDA:14,3,0,0
BRDA:15,4,0,0
BRDA:39,5,0,0
BRDA:40,6,0,0
BRDA:41,7,0,0
BRDA:42,8,0,0
BRDA:49,9,0,0
BRDA:49,9,1,0
BRF:11
BRH:0
end_of_record
TN:
SF:src\components\common\Tabs.tsx
FN:11,(anonymous_0)
FN:22,(anonymous_1)
FN:33,(anonymous_2)
FN:42,(anonymous_3)
FN:54,(anonymous_4)
FNF:5
FNH:0
FNDA:0,(anonymous_0)
FNDA:0,(anonymous_1)
FNDA:0,(anonymous_2)
FNDA:0,(anonymous_3)
FNDA:0,(anonymous_4)
DA:11,0
DA:12,0
DA:22,0
DA:28,0
DA:29,0
DA:33,0
DA:34,0
DA:35,0
DA:38,0
DA:43,0
DA:54,0
LF:11
LH:0
BRDA:24,0,0,0
BRDA:26,1,0,0
BRDA:35,2,0,0
BRDA:46,3,0,0
BRDA:46,3,1,0
BRDA:50,4,0,0
BRDA:50,4,1,0
BRDA:54,5,0,0
BRDA:54,5,1,0
BRF:9
BRH:0
end_of_record
TN:
SF:src\components\common\Toast.tsx
FN:11,(anonymous_0)
FN:13,(anonymous_1)
FN:14,(anonymous_2)
FN:18,(anonymous_3)
FNF:4
FNH:0
FNDA:0,(anonymous_0)
FNDA:0,(anonymous_1)
FNDA:0,(anonymous_2)
FNDA:0,(anonymous_3)
DA:11,0
DA:13,0
DA:14,0
DA:15,0
DA:18,0
DA:22,0
DA:30,0
DA:53,0
LF:8
LH:0
BRF:0
BRH:0
end_of_record
TN:
SF:src\components\dashboard\BalanceHistory.tsx
FN:38,(anonymous_0)
FN:51,(anonymous_1)
FN:84,(anonymous_2)
FN:104,(anonymous_3)
FNF:4
FNH:0
FNDA:0,(anonymous_0)
FNDA:0,(anonymous_1)
FNDA:0,(anonymous_2)
FNDA:0,(anonymous_3)
DA:23,0
DA:38,0
DA:39,0
DA:42,0
DA:51,0
DA:52,0
DA:54,0
DA:55,0
DA:56,0
DA:57,0
DA:60,0
DA:65,0
DA:66,0
DA:72,0
DA:86,0
DA:105,0
DA:122,0
LF:17
LH:0
BRDA:54,0,0,0
BRDA:56,1,0,0
BRDA:60,2,0,0
BRDA:61,3,0,0
BRDA:61,3,1,0
BRDA:61,3,2,0
BRF:6
BRH:0
end_of_record
TN:
SF:src\components\dashboard\CardDisplay.tsx
FN:8,(anonymous_0)
FNF:1
FNH:0
FNDA:0,(anonymous_0)
DA:8,0
DA:10,0
DA:12,0
LF:3
LH:0
BRDA:15,0,0,0
BRDA:15,0,1,0
BRF:2
BRH:0
end_of_record
TN:
SF:src\components\dashboard\CardSection.tsx
FN:12,(anonymous_0)
FN:26,(anonymous_1)
FNF:2
FNH:0
FNDA:0,(anonymous_0)
FNDA:0,(anonymous_1)
DA:12,0
DA:13,0
DA:14,0
DA:16,0
DA:27,0
LF:5
LH:0
BRDA:14,0,0,0
BRDA:14,0,1,0
BRDA:27,1,0,0
BRDA:27,1,1,0
BRF:4
BRH:0
end_of_record
TN:
SF:src\components\dashboard\ExpenseStatistics.tsx
FN:22,(anonymous_0)
FN:29,(anonymous_1)
FN:30,(anonymous_2)
FN:31,(anonymous_3)
FN:36,(anonymous_4)
FN:51,(anonymous_5)
FN:61,(anonymous_6)
FN:74,(anonymous_7)
FN:89,(anonymous_8)
FN:122,(anonymous_9)
FN:123,(anonymous_10)
FN:128,(anonymous_11)
FN:144,(anonymous_12)
FNF:13
FNH:0
FNDA:0,(anonymous_0)
FNDA:0,(anonymous_1)
FNDA:0,(anonymous_2)
FNDA:0,(anonymous_3)
FNDA:0,(anonymous_4)
FNDA:0,(anonymous_5)
FNDA:0,(anonymous_6)
FNDA:0,(anonymous_7)
FNDA:0,(anonymous_8)
FNDA:0,(anonymous_9)
FNDA:0,(anonymous_10)
FNDA:0,(anonymous_11)
FNDA:0,(anonymous_12)
DA:8,0
DA:22,0
DA:25,0
DA:26,0
DA:28,0
DA:29,0
DA:30,0
DA:31,0
DA:34,0
DA:36,0
DA:44,0
DA:52,0
DA:63,0
DA:67,0
DA:74,0
DA:75,0
DA:77,0
DA:78,0
DA:81,0
DA:82,0
DA:85,0
DA:86,0
DA:89,0
DA:91,0
DA:92,0
DA:93,0
DA:97,0
DA:100,0
DA:101,0
DA:104,0
DA:106,0
DA:118,0
DA:122,0
DA:123,0
DA:124,0
DA:127,0
DA:128,0
DA:129,0
DA:133,0
DA:145,0
LF:40
LH:0
BRDA:63,0,0,0
BRDA:64,1,0,0
BRDA:64,1,1,0
BRDA:75,2,0,0
BRF:4
BRH:0
end_of_record
TN:
SF:src\components\dashboard\QuickTransfer.tsx
FN:16,(anonymous_0)
FN:28,(anonymous_1)
FN:29,(anonymous_2)
FN:42,(anonymous_3)
FN:46,(anonymous_4)
FN:53,(anonymous_5)
FN:57,(anonymous_6)
FN:62,(anonymous_7)
FN:88,(anonymous_8)
FN:104,(anonymous_9)
FN:112,(anonymous_10)
FNF:11
FNH:0
FNDA:0,(anonymous_0)
FNDA:0,(anonymous_1)
FNDA:0,(anonymous_2)
FNDA:0,(anonymous_3)
FNDA:0,(anonymous_4)
FNDA:0,(anonymous_5)
FNDA:0,(anonymous_6)
FNDA:0,(anonymous_7)
FNDA:0,(anonymous_8)
FNDA:0,(anonymous_9)
FNDA:0,(anonymous_10)
DA:16,0
DA:20,0
DA:21,0
DA:22,0
DA:23,0
DA:25,0
DA:28,0
DA:29,0
DA:30,0
DA:31,0
DA:33,0
DA:38,0
DA:41,0
DA:42,0
DA:46,0
DA:47,0
DA:48,0
DA:49,0
DA:53,0
DA:54,0
DA:57,0
DA:58,0
DA:59,0
DA:62,0
DA:63,0
DA:65,0
DA:66,0
DA:67,0
DA:68,0
DA:70,0
DA:71,0
DA:74,0
DA:80,0
DA:84,0
DA:87,0
DA:88,0
DA:91,0
DA:105,0
DA:112,0
LF:39
LH:0
BRDA:31,0,0,0
BRDA:48,1,0,0
BRDA:54,2,0,0
BRDA:54,2,1,0
BRDA:63,3,0,0
BRDA:63,4,0,0
BRDA:63,4,1,0
BRDA:68,5,0,0
BRDA:80,6,0,0
BRDA:80,6,1,0
BRDA:80,6,2,0
BRDA:80,6,3,0
BRDA:84,7,0,0
BRDA:84,7,1,0
BRDA:84,7,2,0
BRDA:87,8,0,0
BRDA:87,8,1,0
BRDA:108,9,0,0
BRDA:108,9,1,0
BRDA:119,10,0,0
BRDA:119,10,1,0
BRDA:133,11,0,0
BRDA:133,11,1,0
BRDA:166,12,0,0
BRDA:166,12,1,0
BRDA:166,13,0,0
BRDA:166,13,1,0
BRDA:197,14,0,0
BRDA:197,14,1,0
BRDA:197,14,2,0
BRDA:197,14,3,0
BRF:31
BRH:0
end_of_record
TN:
SF:src\components\dashboard\RecentTransactions.tsx
FN:12,(anonymous_0)
FN:15,(anonymous_1)
FN:37,(anonymous_2)
FNF:3
FNH:0
FNDA:0,(anonymous_0)
FNDA:0,(anonymous_1)
FNDA:0,(anonymous_2)
DA:12,0
DA:15,0
DA:16,0
DA:18,0
DA:20,0
DA:22,0
DA:24,0
DA:28,0
DA:40,0
DA:44,0
LF:10
LH:0
BRDA:16,0,0,0
BRDA:16,0,1,0
BRDA:16,0,2,0
BRDA:16,0,3,0
BRDA:40,1,0,0
BRDA:40,1,1,0
BRDA:62,2,0,0
BRDA:62,2,1,0
BRF:8
BRH:0
end_of_record
TN:
SF:src\components\dashboard\WeeklyActivityChart.tsx
FN:28,(anonymous_0)
FN:60,(anonymous_1)
FN:84,(anonymous_2)
FNF:3
FNH:0
FNDA:0,(anonymous_0)
FNDA:0,(anonymous_1)
FNDA:0,(anonymous_2)
DA:15,0
DA:28,0
DA:30,0
DA:43,0
DA:61,0
DA:86,0
DA:95,0
LF:7
LH:0
BRF:0
BRH:0
end_of_record
TN:
SF:src\components\layout\AuthLayout.tsx
FN:10,(anonymous_0)
FNF:1
FNH:0
FNDA:0,(anonymous_0)
DA:10,0
DA:11,0
LF:2
LH:0
BRDA:22,0,0,0
BRDA:22,0,1,0
BRF:2
BRH:0
end_of_record
TN:
SF:src\components\layout\Header.tsx
FN:29,(anonymous_1)
FN:39,(anonymous_2)
FN:65,(anonymous_3)
FN:69,(anonymous_4)
FN:105,(anonymous_5)
FN:130,(anonymous_6)
FN:137,(anonymous_7)
FN:174,(anonymous_8)
FN:236,(anonymous_9)
FN:263,(anonymous_10)
FN:289,(anonymous_11)
FN:309,(anonymous_12)
FNF:12
FNH:2
FNDA:4,(anonymous_1)
FNDA:4,(anonymous_2)
FNDA:0,(anonymous_3)
FNDA:0,(anonymous_4)
FNDA:0,(anonymous_5)
FNDA:0,(anonymous_6)
FNDA:0,(anonymous_7)
FNDA:0,(anonymous_8)
FNDA:0,(anonymous_9)
FNDA:0,(anonymous_10)
FNDA:0,(anonymous_11)
FNDA:0,(anonymous_12)
DA:2,1
DA:3,1
DA:4,1
DA:5,1
DA:6,1
DA:7,1
DA:8,1
DA:9,1
DA:16,1
DA:29,1
DA:30,4
DA:31,4
DA:32,4
DA:33,4
DA:34,4
DA:35,4
DA:36,4
DA:39,4
DA:41,4
DA:42,4
DA:47,0
DA:49,0
DA:50,0
DA:51,0
DA:52,0
DA:54,0
DA:58,0
DA:62,4
DA:65,4
DA:66,0
DA:69,4
DA:70,0
DA:75,4
DA:76,0
DA:105,0
DA:130,0
DA:137,0
DA:174,0
DA:184,4
DA:236,0
DA:263,0
DA:289,0
DA:309,0
DA:360,1
LF:44
LH:26
BRDA:41,0,0,4
BRDA:51,1,0,0
BRDA:75,2,0,0
BRDA:110,3,0,0
BRDA:110,3,1,0
BRDA:116,4,0,0
BRDA:116,4,1,0
BRDA:121,5,0,0
BRDA:121,5,1,0
BRDA:124,6,0,0
BRDA:124,6,1,0
BRDA:188,7,0,4
BRDA:188,7,1,0
BRDA:268,8,0,4
BRDA:268,8,1,4
BRDA:270,9,0,0
BRDA:270,9,1,4
BRDA:275,10,0,4
BRDA:275,10,1,0
BRDA:280,11,0,0
BRDA:280,11,1,0
BRDA:283,12,0,0
BRDA:283,12,1,0
BRF:23
BRH:6
end_of_record
TN:
SF:src\components\layout\MainLayout.tsx
FN:11,(anonymous_1)
FN:14,(anonymous_2)
FN:28,(anonymous_3)
FNF:3
FNH:1
FNDA:4,(anonymous_1)
FNDA:0,(anonymous_2)
FNDA:0,(anonymous_3)
DA:2,1
DA:3,1
DA:4,1
DA:5,1
DA:11,1
DA:12,4
DA:14,4
DA:15,0
DA:18,4
DA:28,0
DA:43,1
LF:11
LH:9
BRF:0
BRH:0
end_of_record
TN:
SF:src\components\layout\MobileSidebar.tsx
FN:10,(anonymous_1)
FN:14,(anonymous_2)
FN:15,(anonymous_3)
FN:22,(anonymous_4)
FN:28,(anonymous_5)
FN:35,(anonymous_6)
FNF:6
FNH:5
FNDA:4,(anonymous_1)
FNDA:4,(anonymous_2)
FNDA:0,(anonymous_3)
FNDA:4,(anonymous_4)
FNDA:4,(anonymous_5)
FNDA:4,(anonymous_6)
DA:2,1
DA:3,1
DA:10,1
DA:11,4
DA:14,4
DA:15,4
DA:16,0
DA:17,0
DA:21,4
DA:22,4
DA:23,4
DA:28,4
DA:29,4
DA:30,0
DA:32,4
DA:35,4
DA:36,4
DA:40,4
DA:42,0
DA:84,1
LF:20
LH:16
BRDA:16,0,0,0
BRDA:16,1,0,0
BRDA:16,1,1,0
BRDA:16,1,2,0
BRDA:29,2,0,0
BRDA:29,2,1,4
BRDA:40,3,0,4
BRDA:46,4,0,0
BRDA:46,4,1,0
BRDA:54,5,0,0
BRDA:54,5,1,0
BRF:11
BRH:2
end_of_record
TN:
SF:src\components\layout\PageHeader.tsx
FN:10,(anonymous_0)
FNF:1
FNH:0
FNDA:0,(anonymous_0)
DA:10,0
DA:11,0
LF:2
LH:0
BRDA:17,0,0,0
BRDA:17,0,1,0
BRDA:23,1,0,0
BRDA:23,1,1,0
BRF:4
BRH:0
end_of_record
TN:
SF:src\components\layout\Sidebar.tsx
FN:18,(anonymous_1)
FN:22,(anonymous_2)
FN:334,(anonymous_3)
FNF:3
FNH:3
FNDA:4,(anonymous_1)
FNDA:36,(anonymous_2)
FNDA:36,(anonymous_3)
DA:2,1
DA:3,1
DA:6,1
DA:18,1
DA:19,4
DA:22,4
DA:23,36
DA:25,4
DA:40,4
DA:71,4
DA:97,4
DA:143,4
DA:170,4
DA:200,4
DA:242,4
DA:280,4
DA:302,0
DA:321,4
DA:335,36
DA:337,36
DA:364,1
LF:21
LH:20
BRDA:23,0,0,4
BRDA:23,0,1,4
BRDA:23,0,2,4
BRDA:23,0,3,4
BRDA:23,0,4,4
BRDA:23,0,5,4
BRDA:23,0,6,4
BRDA:23,0,7,4
BRDA:23,0,8,4
BRDA:23,0,9,0
BRDA:340,1,0,36
BRDA:340,1,1,4
BRDA:347,2,0,4
BRDA:347,2,1,32
BRF:14
BRH:13
end_of_record
TN:
SF:src\components\providers\NotificationProvider.tsx
FN:12,(anonymous_0)
FN:24,(anonymous_1)
FN:31,(anonymous_2)
FN:36,(anonymous_3)
FNF:4
FNH:0
FNDA:0,(anonymous_0)
FNDA:0,(anonymous_1)
FNDA:0,(anonymous_2)
FNDA:0,(anonymous_3)
DA:10,0
DA:12,0
DA:13,0
DA:14,0
DA:15,0
DA:17,0
DA:24,0
DA:25,0
DA:27,0
DA:32,0
DA:36,0
LF:11
LH:0
BRDA:14,0,0,0
BRF:1
BRH:0
end_of_record
TN:
SF:src\components\settings\EditProfile.tsx
FN:13,(anonymous_0)
FN:28,(anonymous_1)
FN:63,(anonymous_2)
FN:77,(anonymous_3)
FN:89,(anonymous_4)
FN:93,(anonymous_5)
FN:102,(anonymous_6)
FNF:7
FNH:0
FNDA:0,(anonymous_0)
FNDA:0,(anonymous_1)
FNDA:0,(anonymous_2)
FNDA:0,(anonymous_3)
FNDA:0,(anonymous_4)
FNDA:0,(anonymous_5)
FNDA:0,(anonymous_6)
DA:13,0
DA:14,0
DA:15,0
DA:16,0
DA:19,0
DA:29,0
DA:63,0
DA:64,0
DA:65,0
DA:66,0
DA:67,0
DA:68,0
DA:69,0
DA:70,0
DA:71,0
DA:72,0
DA:73,0
DA:77,0
DA:78,0
DA:79,0
DA:80,0
DA:82,0
DA:87,0
DA:89,0
DA:90,0
DA:91,0
DA:92,0
DA:93,0
DA:94,0
DA:95,0
DA:97,0
DA:102,0
DA:103,0
DA:142,0
DA:143,0
DA:376,0
LF:36
LH:0
BRDA:21,0,0,0
BRDA:21,0,1,0
BRDA:25,1,0,0
BRDA:25,1,1,0
BRDA:29,2,0,0
BRDA:29,2,1,0
BRDA:33,3,0,0
BRDA:33,3,1,0
BRDA:37,4,0,0
BRDA:37,4,1,0
BRDA:41,5,0,0
BRDA:41,5,1,0
BRDA:45,6,0,0
BRDA:45,6,1,0
BRDA:49,7,0,0
BRDA:49,7,1,0
BRDA:53,8,0,0
BRDA:53,8,1,0
BRDA:57,9,0,0
BRDA:57,9,1,0
BRDA:64,10,0,0
BRDA:68,11,0,0
BRDA:68,11,1,0
BRDA:70,12,0,0
BRDA:70,12,1,0
BRDA:72,13,0,0
BRDA:72,13,1,0
BRDA:87,14,0,0
BRDA:87,14,1,0
BRDA:91,15,0,0
BRDA:91,16,0,0
BRDA:91,16,1,0
BRDA:116,17,0,0
BRDA:116,17,1,0
BRDA:136,18,0,0
BRDA:136,18,1,0
BRDA:142,19,0,0
BRDA:150,20,0,0
BRDA:150,20,1,0
BRDA:151,21,0,0
BRDA:151,21,1,0
BRDA:196,22,0,0
BRDA:196,22,1,0
BRDA:196,23,0,0
BRDA:196,23,1,0
BRDA:201,24,0,0
BRDA:201,24,1,0
BRDA:201,24,2,0
BRDA:217,25,0,0
BRDA:217,25,1,0
BRDA:217,26,0,0
BRDA:217,26,1,0
BRDA:222,27,0,0
BRDA:222,27,1,0
BRDA:222,27,2,0
BRDA:240,28,0,0
BRDA:240,28,1,0
BRDA:240,29,0,0
BRDA:240,29,1,0
BRDA:245,30,0,0
BRDA:245,30,1,0
BRDA:245,30,2,0
BRDA:366,31,0,0
BRDA:366,31,1,0
BRDA:366,31,2,0
BRDA:369,32,0,0
BRDA:369,32,1,0
BRDA:369,33,0,0
BRDA:369,33,1,0
BRDA:382,34,0,0
BRDA:382,34,1,0
BRDA:423,35,0,0
BRDA:423,35,1,0
BRDA:433,36,0,0
BRDA:433,36,1,0
BRDA:443,37,0,0
BRDA:443,37,1,0
BRDA:461,38,0,0
BRDA:461,38,1,0
BRDA:471,39,0,0
BRDA:471,39,1,0
BRDA:484,40,0,0
BRDA:484,40,1,0
BRDA:496,41,0,0
BRDA:496,41,1,0
BRDA:505,42,0,0
BRDA:505,42,1,0
BRDA:514,43,0,0
BRDA:514,43,1,0
BRF:89
BRH:0
end_of_record
TN:
SF:src\components\settings\Preferences.tsx
FN:6,(anonymous_0)
FN:20,(anonymous_1)
FN:39,(anonymous_2)
FN:40,(anonymous_3)
FN:49,(anonymous_4)
FN:51,(anonymous_5)
FN:54,(anonymous_6)
FN:76,(anonymous_7)
FNF:8
FNH:0
FNDA:0,(anonymous_0)
FNDA:0,(anonymous_1)
FNDA:0,(anonymous_2)
FNDA:0,(anonymous_3)
FNDA:0,(anonymous_4)
FNDA:0,(anonymous_5)
FNDA:0,(anonymous_6)
FNDA:0,(anonymous_7)
DA:6,0
DA:7,0
DA:8,0
DA:20,0
DA:21,0
DA:22,0
DA:25,0
DA:28,0
DA:29,0
DA:30,0
DA:35,0
DA:36,0
DA:39,0
DA:40,0
DA:49,0
DA:50,0
DA:51,0
DA:54,0
DA:55,0
DA:56,0
DA:58,0
DA:62,0
DA:76,0
LF:23
LH:0
BRDA:21,0,0,0
BRDA:21,0,1,0
BRDA:29,1,0,0
BRDA:35,2,0,0
BRDA:35,3,0,0
BRDA:35,3,1,0
BRDA:56,4,0,0
BRDA:143,5,0,0
BRDA:143,5,1,0
BRF:9
BRH:0
end_of_record
TN:
SF:src\components\settings\Security.tsx
FN:7,(anonymous_0)
FN:22,(anonymous_1)
FN:30,(anonymous_2)
FN:38,(anonymous_3)
FN:62,(anonymous_4)
FN:79,(anonymous_5)
FN:85,(anonymous_6)
FN:90,(anonymous_7)
FN:107,(anonymous_8)
FN:138,(anonymous_9)
FN:159,(anonymous_10)
FN:193,(anonymous_11)
FN:278,(anonymous_12)
FN:305,(anonymous_13)
FNF:14
FNH:0
FNDA:0,(anonymous_0)
FNDA:0,(anonymous_1)
FNDA:0,(anonymous_2)
FNDA:0,(anonymous_3)
FNDA:0,(anonymous_4)
FNDA:0,(anonymous_5)
FNDA:0,(anonymous_6)
FNDA:0,(anonymous_7)
FNDA:0,(anonymous_8)
FNDA:0,(anonymous_9)
FNDA:0,(anonymous_10)
FNDA:0,(anonymous_11)
FNDA:0,(anonymous_12)
FNDA:0,(anonymous_13)
DA:7,0
DA:9,0
DA:10,0
DA:11,0
DA:12,0
DA:13,0
DA:14,0
DA:15,0
DA:16,0
DA:22,0
DA:23,0
DA:24,0
DA:25,0
DA:30,0
DA:31,0
DA:34,0
DA:35,0
DA:38,0
DA:43,0
DA:45,0
DA:46,0
DA:49,0
DA:50,0
DA:54,0
DA:55,0
DA:58,0
DA:59,0
DA:62,0
DA:63,0
DA:65,0
DA:66,0
DA:70,0
DA:72,0
DA:73,0
DA:74,0
DA:75,0
DA:76,0
DA:79,0
DA:80,0
DA:81,0
DA:82,0
DA:85,0
DA:86,0
DA:90,0
DA:91,0
DA:93,0
DA:95,0
DA:97,0
DA:99,0
DA:101,0
DA:103,0
DA:107,0
DA:108,0
DA:110,0
DA:112,0
DA:114,0
DA:116,0
DA:118,0
DA:120,0
DA:124,0
DA:138,0
DA:159,0
DA:193,0
DA:279,0
DA:305,0
LF:65
LH:0
BRDA:23,0,0,0
BRDA:34,1,0,0
BRDA:45,2,0,0
BRDA:49,3,0,0
BRDA:54,4,0,0
BRDA:65,5,0,0
BRDA:91,6,0,0
BRDA:91,6,1,0
BRDA:91,6,2,0
BRDA:91,6,3,0
BRDA:91,6,4,0
BRDA:91,6,5,0
BRDA:108,7,0,0
BRDA:108,7,1,0
BRDA:108,7,2,0
BRDA:108,7,3,0
BRDA:108,7,4,0
BRDA:108,7,5,0
BRDA:140,8,0,0
BRDA:140,8,1,0
BRDA:145,9,0,0
BRDA:145,9,1,0
BRDA:161,10,0,0
BRDA:161,10,1,0
BRDA:164,11,0,0
BRDA:164,11,1,0
BRDA:179,12,0,0
BRDA:179,12,1,0
BRDA:195,13,0,0
BRDA:195,13,1,0
BRDA:200,14,0,0
BRDA:200,14,1,0
BRDA:284,15,0,0
BRDA:284,15,1,0
BRDA:303,16,0,0
BRDA:303,16,1,0
BRF:36
BRH:0
end_of_record
TN:
SF:src\hooks\useAuth.ts
FN:29,useAuth
FN:44,(anonymous_1)
FN:45,(anonymous_2)
FN:49,(anonymous_3)
FN:76,(anonymous_4)
FN:85,(anonymous_5)
FN:97,(anonymous_6)
FN:100,(anonymous_7)
FN:104,(anonymous_8)
FN:107,(anonymous_9)
FN:117,(anonymous_10)
FNF:11
FNH:0
FNDA:0,useAuth
FNDA:0,(anonymous_1)
FNDA:0,(anonymous_2)
FNDA:0,(anonymous_3)
FNDA:0,(anonymous_4)
FNDA:0,(anonymous_5)
FNDA:0,(anonymous_6)
FNDA:0,(anonymous_7)
FNDA:0,(anonymous_8)
FNDA:0,(anonymous_9)
FNDA:0,(anonymous_10)
DA:30,0
DA:35,0
DA:44,0
DA:45,0
DA:47,0
DA:49,0
DA:51,0
DA:52,0
DA:59,0
DA:62,0
DA:70,0
DA:71,0
DA:73,0
DA:76,0
DA:81,0
DA:85,0
DA:86,0
DA:94,0
DA:97,0
DA:98,0
DA:100,0
DA:102,0
DA:104,0
DA:107,0
DA:108,0
DA:111,0
DA:112,0
DA:117,0
DA:118,0
DA:119,0
DA:123,0
LF:31
LH:0
BRDA:51,0,0,0
BRDA:51,0,1,0
BRDA:51,1,0,0
BRDA:51,1,1,0
BRDA:79,2,0,0
BRDA:79,2,1,0
BRDA:98,3,0,0
BRDA:118,4,0,0
BRF:8
BRH:0
end_of_record
TN:
SF:src\hooks\useDashboardData.ts
FN:26,useDashboardData
FN:47,(anonymous_1)
FN:91,(anonymous_2)
FN:96,(anonymous_3)
FNF:4
FNH:0
FNDA:0,useDashboardData
FNDA:0,(anonymous_1)
FNDA:0,(anonymous_2)
FNDA:0,(anonymous_3)
DA:23,0
DA:24,0
DA:27,0
DA:28,0
DA:29,0
DA:32,0
DA:42,0
DA:47,0
DA:49,0
DA:52,0
DA:53,0
DA:54,0
DA:55,0
DA:58,0
DA:59,0
DA:61,0
DA:63,0
DA:72,0
DA:75,0
DA:76,0
DA:80,0
DA:83,0
DA:84,0
DA:86,0
DA:91,0
DA:92,0
DA:96,0
DA:97,0
DA:100,0
LF:29
LH:0
BRDA:49,0,0,0
BRDA:52,1,0,0
BRDA:52,2,0,0
BRDA:52,2,1,0
BRF:4
BRH:0
end_of_record
TN:
SF:src\hooks\useDebounce.ts
FN:9,useDebounce
FN:12,(anonymous_1)
FN:14,(anonymous_2)
FN:19,(anonymous_3)
FNF:4
FNH:0
FNDA:0,useDebounce
FNDA:0,(anonymous_1)
FNDA:0,(anonymous_2)
FNDA:0,(anonymous_3)
DA:10,0
DA:12,0
DA:14,0
DA:15,0
DA:19,0
DA:20,0
DA:24,0
LF:7
LH:0
BRF:0
BRH:0
end_of_record
TN:
SF:src\hooks\useForm.ts
FN:37,useForm
FN:39,(anonymous_1)
FN:50,(anonymous_2)
FN:86,(anonymous_3)
FN:89,(anonymous_4)
FN:100,(anonymous_5)
FN:102,(anonymous_6)
FN:107,(anonymous_7)
FN:112,(anonymous_8)
FN:116,(anonymous_9)
FN:120,(anonymous_10)
FN:124,(anonymous_11)
FN:125,(anonymous_12)
FN:133,(anonymous_13)
FN:154,(anonymous_14)
FNF:15
FNH:0
FNDA:0,useForm
FNDA:0,(anonymous_1)
FNDA:0,(anonymous_2)
FNDA:0,(anonymous_3)
FNDA:0,(anonymous_4)
FNDA:0,(anonymous_5)
FNDA:0,(anonymous_6)
FNDA:0,(anonymous_7)
FNDA:0,(anonymous_8)
FNDA:0,(anonymous_9)
FNDA:0,(anonymous_10)
FNDA:0,(anonymous_11)
FNDA:0,(anonymous_12)
FNDA:0,(anonymous_13)
FNDA:0,(anonymous_14)
DA:39,0
DA:40,0
DA:41,0
DA:44,0
DA:45,0
DA:46,0
DA:47,0
DA:50,0
DA:51,0
DA:52,0
DA:54,0
DA:56,0
DA:57,0
DA:60,0
DA:61,0
DA:64,0
DA:65,0
DA:68,0
DA:69,0
DA:72,0
DA:73,0
DA:74,0
DA:75,0
DA:77,0
DA:78,0
DA:82,0
DA:86,0
DA:87,0
DA:89,0
DA:90,0
DA:91,0
DA:92,0
DA:96,0
DA:100,0
DA:101,0
DA:102,0
DA:105,0
DA:106,0
DA:107,0
DA:112,0
DA:113,0
DA:116,0
DA:119,0
DA:120,0
DA:124,0
DA:125,0
DA:126,0
DA:129,0
DA:130,0
DA:133,0
DA:134,0
DA:135,0
DA:137,0
DA:140,0
DA:141,0
DA:142,0
DA:143,0
DA:145,0
DA:147,0
DA:154,0
DA:155,0
DA:156,0
DA:157,0
DA:158,0
DA:162,0
DA:164,0
LF:66
LH:0
BRDA:52,0,0,0
BRDA:52,1,0,0
BRDA:52,1,1,0
BRDA:56,2,0,0
BRDA:56,3,0,0
BRDA:56,3,1,0
BRDA:60,4,0,0
BRDA:60,5,0,0
BRDA:60,5,1,0
BRDA:64,6,0,0
BRDA:64,7,0,0
BRDA:64,7,1,0
BRDA:68,8,0,0
BRDA:68,9,0,0
BRDA:68,9,1,0
BRDA:72,10,0,0
BRDA:74,11,0,0
BRDA:77,12,0,0
BRDA:91,13,0,0
BRDA:105,14,0,0
BRDA:140,15,0,0
BRF:21
BRH:0
end_of_record
TN:
SF:src\hooks\useLocalStorage.ts
FN:7,useLocalStorage
FN:9,(anonymous_1)
FN:23,(anonymous_2)
FN:38,(anonymous_3)
FNF:4
FNH:0
FNDA:0,useLocalStorage
FNDA:0,(anonymous_1)
FNDA:0,(anonymous_2)
FNDA:0,(anonymous_3)
DA:9,0
DA:10,0
DA:12,0
DA:14,0
DA:17,0
DA:18,0
DA:23,0
DA:24,0
DA:26,0
DA:28,0
DA:30,0
DA:33,0
DA:38,0
DA:39,0
DA:40,0
DA:41,0
DA:42,0
DA:45,0
DA:49,0
LF:19
LH:0
BRDA:14,0,0,0
BRDA:14,0,1,0
BRDA:26,1,0,0
BRDA:26,1,1,0
BRDA:41,2,0,0
BRF:5
BRH:0
end_of_record
TN:
SF:src\hooks\useMediaQuery.ts
FN:7,useMediaQuery
FN:11,(anonymous_1)
FN:20,(anonymous_2)
FN:26,(anonymous_3)
FN:36,(anonymous_4)
FN:37,(anonymous_5)
FN:38,(anonymous_6)
FNF:7
FNH:5
FNDA:8,useMediaQuery
FNDA:8,(anonymous_1)
FNDA:0,(anonymous_2)
FNDA:8,(anonymous_3)
FNDA:4,(anonymous_4)
FNDA:4,(anonymous_5)
FNDA:0,(anonymous_6)
DA:2,1
DA:7,1
DA:9,8
DA:11,8
DA:13,8
DA:14,8
DA:17,8
DA:20,8
DA:23,8
DA:26,8
DA:29,0
DA:32,8
DA:36,4
DA:37,4
DA:38,1
LF:15
LH:14
BRDA:13,0,0,8
BRF:1
BRH:1
end_of_record
TN:
SF:src\hooks\useNotification.ts
FN:23,useNotification
FN:26,(anonymous_1)
FN:36,(anonymous_2)
FN:40,(anonymous_3)
FN:46,(anonymous_4)
FN:47,(anonymous_5)
FN:47,(anonymous_6)
FN:50,(anonymous_7)
FNF:8
FNH:0
FNDA:0,useNotification
FNDA:0,(anonymous_1)
FNDA:0,(anonymous_2)
FNDA:0,(anonymous_3)
FNDA:0,(anonymous_4)
FNDA:0,(anonymous_5)
FNDA:0,(anonymous_6)
FNDA:0,(anonymous_7)
DA:24,0
DA:26,0
DA:27,0
DA:29,0
DA:36,0
DA:39,0
DA:40,0
DA:41,0
DA:46,0
DA:47,0
DA:50,0
DA:51,0
DA:54,0
LF:13
LH:0
BRDA:26,0,0,0
BRDA:39,1,0,0
BRF:2
BRH:0
end_of_record
TN:
SF:src\hooks\useOutsideClick.ts
FN:10,useOutsideClick
FN:15,(anonymous_1)
FN:16,handleClickOutside
FN:24,(anonymous_3)
FNF:4
FNH:3
FNDA:4,useOutsideClick
FNDA:4,(anonymous_1)
FNDA:0,handleClickOutside
FNDA:4,(anonymous_3)
DA:2,1
DA:10,1
DA:15,4
DA:17,0
DA:18,0
DA:23,4
DA:24,4
DA:26,4
LF:8
LH:6
BRDA:13,0,0,4
BRDA:17,1,0,0
BRDA:17,2,0,0
BRDA:17,2,1,0
BRF:4
BRH:1
end_of_record
TN:
SF:src\hooks\usePagination.ts
FN:26,usePagination
FN:35,(anonymous_1)
FN:41,(anonymous_2)
FN:48,(anonymous_3)
FN:65,(anonymous_4)
FN:71,(anonymous_5)
FN:77,(anonymous_6)
FN:87,(anonymous_7)
FN:90,(anonymous_8)
FNF:9
FNH:0
FNDA:0,usePagination
FNDA:0,(anonymous_1)
FNDA:0,(anonymous_2)
FNDA:0,(anonymous_3)
FNDA:0,(anonymous_4)
FNDA:0,(anonymous_5)
FNDA:0,(anonymous_6)
FNDA:0,(anonymous_7)
FNDA:0,(anonymous_8)
DA:32,0
DA:35,0
DA:36,0
DA:41,0
DA:42,0
DA:43,0
DA:48,0
DA:49,0
DA:50,0
DA:53,0
DA:54,0
DA:57,0
DA:58,0
DA:59,0
DA:61,0
DA:65,0
DA:66,0
DA:67,0
DA:71,0
DA:72,0
DA:73,0
DA:77,0
DA:78,0
DA:79,0
DA:83,0
DA:84,0
DA:87,0
DA:90,0
DA:93,0
LF:29
LH:0
BRDA:28,0,0,0
BRDA:29,1,0,0
BRDA:30,2,0,0
BRDA:42,3,0,0
BRDA:53,4,0,0
BRDA:66,5,0,0
BRDA:72,6,0,0
BRF:7
BRH:0
end_of_record
TN:
SF:src\hooks\useWindowSize.ts
FN:15,useWindowSize
FN:25,(anonymous_1)
FN:27,handleResize
FN:47,(anonymous_3)
FNF:4
FNH:0
FNDA:0,useWindowSize
FNDA:0,(anonymous_1)
FNDA:0,handleResize
FNDA:0,(anonymous_3)
DA:17,0
DA:25,0
DA:28,0
DA:29,0
DA:31,0
DA:41,0
DA:44,0
DA:47,0
DA:50,0
LF:9
LH:0
BRDA:35,0,0,0
BRDA:35,0,1,0
BRF:2
BRH:0
end_of_record
TN:
SF:src\mocks\apiService.ts
FN:18,(anonymous_0)
FN:18,(anonymous_1)
FN:22,(anonymous_2)
FN:27,(anonymous_3)
FN:29,(anonymous_4)
FN:33,(anonymous_5)
FN:35,(anonymous_6)
FN:39,(anonymous_7)
FN:41,(anonymous_8)
FN:45,(anonymous_9)
FN:50,(anonymous_10)
FN:56,(anonymous_11)
FN:59,(anonymous_12)
FN:62,(anonymous_13)
FN:67,(anonymous_14)
FN:69,(anonymous_15)
FN:73,(anonymous_16)
FN:78,(anonymous_17)
FN:90,(anonymous_18)
FN:96,(anonymous_19)
FNF:20
FNH:0
FNDA:0,(anonymous_0)
FNDA:0,(anonymous_1)
FNDA:0,(anonymous_2)
FNDA:0,(anonymous_3)
FNDA:0,(anonymous_4)
FNDA:0,(anonymous_5)
FNDA:0,(anonymous_6)
FNDA:0,(anonymous_7)
FNDA:0,(anonymous_8)
FNDA:0,(anonymous_9)
FNDA:0,(anonymous_10)
FNDA:0,(anonymous_11)
FNDA:0,(anonymous_12)
FNDA:0,(anonymous_13)
FNDA:0,(anonymous_14)
FNDA:0,(anonymous_15)
FNDA:0,(anonymous_16)
FNDA:0,(anonymous_17)
FNDA:0,(anonymous_18)
FNDA:0,(anonymous_19)
DA:10,1
DA:11,1
DA:12,1
DA:13,1
DA:14,1
DA:15,1
DA:18,1
DA:20,1
DA:23,0
DA:24,0
DA:28,0
DA:29,0
DA:34,0
DA:35,0
DA:36,0
DA:40,0
DA:41,0
DA:46,0
DA:47,0
DA:51,0
DA:52,0
DA:57,0
DA:58,0
DA:59,0
DA:63,0
DA:64,0
DA:68,0
DA:69,0
DA:74,0
DA:75,0
DA:79,0
DA:82,0
DA:91,0
DA:92,0
DA:97,0
DA:99,0
LF:36
LH:8
BRDA:36,0,0,0
BRDA:36,0,1,0
BRDA:83,1,0,0
BRDA:83,1,1,0
BRDA:84,2,0,0
BRDA:84,2,1,0
BRDA:85,3,0,0
BRDA:85,3,1,0
BRDA:90,4,0,0
BRF:9
BRH:0
end_of_record
TN:
SF:src\mocks\assets.ts
FNF:0
FNH:0
DA:2,1
DA:3,1
DA:4,1
DA:5,1
DA:7,1
DA:9,1
LF:6
LH:6
BRF:0
BRH:0
end_of_record
TN:
SF:src\mocks\balanceHistoryData.ts
FN:11,(anonymous_0)
FNF:1
FNH:1
FNDA:3,(anonymous_0)
DA:11,1
DA:12,3
DA:14,3
DA:16,17
DA:17,17
DA:18,17
DA:21,3
DA:24,1
LF:8
LH:8
BRF:0
BRH:0
end_of_record
TN:
SF:src\mocks\browser.ts
FNF:0
FNH:0
DA:6,0
LF:1
LH:0
BRF:0
BRH:0
end_of_record
TN:
SF:src\mocks\cardData.ts
FNF:0
FNH:0
DA:3,1
LF:1
LH:1
BRF:0
BRH:0
end_of_record
TN:
SF:src\mocks\contactData.ts
FNF:0
FNH:0
DA:2,1
DA:8,1
LF:2
LH:2
BRF:0
BRH:0
end_of_record
TN:
SF:src\mocks\expenseData.ts
FNF:0
FNH:0
DA:3,1
DA:34,1
LF:2
LH:2
BRF:0
BRH:0
end_of_record
TN:
SF:src\mocks\handlers.ts
FN:6,(anonymous_0)
FNF:1
FNH:0
FNDA:0,(anonymous_0)
DA:4,0
DA:7,0
LF:2
LH:0
BRF:0
BRH:0
end_of_record
TN:
SF:src\mocks\server.ts
FN:6,(anonymous_0)
FN:15,(anonymous_1)
FNF:2
FNH:0
FNDA:0,(anonymous_0)
FNDA:0,(anonymous_1)
DA:6,0
DA:7,0
DA:8,0
DA:9,0
DA:11,0
DA:15,0
LF:6
LH:0
BRDA:7,0,0,0
BRF:1
BRH:0
end_of_record
TN:
SF:src\mocks\transactionData.ts
FNF:0
FNH:0
DA:3,1
LF:1
LH:1
BRF:0
BRH:0
end_of_record
TN:
SF:src\mocks\userData.ts
FNF:0
FNH:0
DA:2,1
DA:5,1
DA:22,1
DA:35,1
DA:67,1
LF:5
LH:5
BRF:0
BRH:0
end_of_record
TN:
SF:src\pages\Dashboard.tsx
FN:15,(anonymous_0)
FN:31,(anonymous_1)
FN:38,(anonymous_2)
FN:43,(anonymous_3)
FN:47,(anonymous_4)
FN:48,(anonymous_5)
FNF:6
FNH:0
FNDA:0,(anonymous_0)
FNDA:0,(anonymous_1)
FNDA:0,(anonymous_2)
FNDA:0,(anonymous_3)
FNDA:0,(anonymous_4)
FNDA:0,(anonymous_5)
DA:15,0
DA:26,0
DA:28,0
DA:31,0
DA:32,0
DA:33,0
DA:38,0
DA:43,0
DA:44,0
DA:47,0
DA:48,0
DA:49,0
DA:53,0
DA:58,0
DA:59,0
DA:76,0
LF:16
LH:0
BRDA:32,0,0,0
BRDA:44,1,0,0
BRDA:58,2,0,0
BRDA:58,3,0,0
BRDA:58,3,1,0
BRDA:78,4,0,0
BRDA:78,4,1,0
BRF:7
BRH:0
end_of_record
TN:
SF:src\pages\Settings.tsx
FN:16,(anonymous_0)
FN:26,(anonymous_1)
FN:31,(anonymous_2)
FN:36,(anonymous_3)
FN:43,(anonymous_4)
FN:49,(anonymous_5)
FN:68,(anonymous_6)
FN:146,(anonymous_7)
FN:159,(anonymous_8)
FN:172,(anonymous_9)
FNF:10
FNH:0
FNDA:0,(anonymous_0)
FNDA:0,(anonymous_1)
FNDA:0,(anonymous_2)
FNDA:0,(anonymous_3)
FNDA:0,(anonymous_4)
FNDA:0,(anonymous_5)
FNDA:0,(anonymous_6)
FNDA:0,(anonymous_7)
FNDA:0,(anonymous_8)
FNDA:0,(anonymous_9)
DA:16,0
DA:17,0
DA:21,0
DA:22,0
DA:23,0
DA:24,0
DA:26,0
DA:27,0
DA:31,0
DA:32,0
DA:36,0
DA:37,0
DA:38,0
DA:43,0
DA:44,0
DA:45,0
DA:49,0
DA:50,0
DA:52,0
DA:54,0
DA:56,0
DA:58,0
DA:63,0
DA:64,0
DA:68,0
DA:146,0
DA:159,0
DA:172,0
DA:199,0
LF:29
LH:0
BRDA:37,0,0,0
BRDA:50,1,0,0
BRDA:50,1,1,0
BRDA:50,1,2,0
BRDA:50,1,3,0
BRDA:63,2,0,0
BRDA:101,3,0,0
BRDA:101,3,1,0
BRDA:104,4,0,0
BRDA:104,4,1,0
BRDA:142,5,0,0
BRDA:142,5,1,0
BRDA:149,6,0,0
BRDA:149,6,1,0
BRDA:155,7,0,0
BRDA:155,7,1,0
BRDA:162,8,0,0
BRDA:162,8,1,0
BRDA:168,9,0,0
BRDA:168,9,1,0
BRDA:175,10,0,0
BRDA:175,10,1,0
BRDA:185,11,0,0
BRDA:185,11,1,0
BRDA:189,12,0,0
BRDA:189,12,1,0
BRDA:190,13,0,0
BRDA:190,13,1,0
BRDA:191,14,0,0
BRDA:191,14,1,0
BRDA:204,15,0,0
BRDA:204,15,1,0
BRDA:208,16,0,0
BRDA:208,16,1,0
BRF:34
BRH:0
end_of_record
TN:
SF:src\store\dashboardStore.ts
FN:47,(anonymous_0)
FNF:1
FNH:0
FNDA:0,(anonymous_0)
DA:47,0
LF:1
LH:0
BRF:0
BRH:0
end_of_record
TN:
SF:src\store\userStore.ts
FN:21,(anonymous_0)
FN:28,(anonymous_1)
FN:47,(anonymous_2)
FN:77,(anonymous_3)
FN:111,(anonymous_4)
FN:144,(anonymous_5)
FN:154,(anonymous_6)
FN:182,(anonymous_7)
FNF:8
FNH:1
FNDA:1,(anonymous_0)
FNDA:0,(anonymous_1)
FNDA:0,(anonymous_2)
FNDA:0,(anonymous_3)
FNDA:0,(anonymous_4)
FNDA:0,(anonymous_5)
FNDA:0,(anonymous_6)
FNDA:0,(anonymous_7)
DA:1,1
DA:3,1
DA:21,1
DA:29,0
DA:30,0
DA:31,0
DA:33,0
DA:40,0
DA:48,0
DA:49,0
DA:51,0
DA:52,0
DA:53,0
DA:57,0
DA:62,0
DA:67,0
DA:69,0
DA:73,0
DA:78,0
DA:79,0
DA:81,0
DA:82,0
DA:83,0
DA:87,0
DA:93,0
DA:96,0
DA:101,0
DA:103,0
DA:107,0
DA:112,0
DA:113,0
DA:114,0
DA:115,0
DA:116,0
DA:120,0
DA:126,0
DA:129,0
DA:134,0
DA:136,0
DA:140,0
DA:145,0
DA:146,0
DA:147,0
DA:148,0
DA:149,0
DA:153,0
DA:154,0
DA:158,0
DA:164,0
DA:167,0
DA:172,0
DA:174,0
DA:178,0
DA:184,0
DA:187,0
DA:188,0
DA:191,0
LF:57
LH:3
BRDA:41,0,0,0
BRDA:41,0,1,0
BRDA:52,1,0,0
BRDA:70,2,0,0
BRDA:70,2,1,0
BRDA:82,3,0,0
BRDA:104,4,0,0
BRDA:104,4,1,0
BRDA:115,5,0,0
BRDA:137,6,0,0
BRDA:137,6,1,0
BRDA:148,7,0,0
BRDA:175,8,0,0
BRDA:175,8,1,0
BRF:14
BRH:0
end_of_record
TN:
SF:src\types\index.ts
FNF:0
FNH:0
DA:1,1
DA:2,1
DA:3,1
DA:4,1
LF:4
LH:4
BRF:0
BRH:0
end_of_record
TN:
SF:src\utils\api.ts
FN:21,(anonymous_0)
FN:82,(anonymous_1)
FN:89,(anonymous_2)
FN:96,(anonymous_3)
FN:103,(anonymous_4)
FN:110,(anonymous_5)
FN:111,(anonymous_6)
FN:112,(anonymous_7)
FNF:8
FNH:8
FNDA:15,(anonymous_0)
FNDA:2,(anonymous_1)
FNDA:1,(anonymous_2)
FNDA:1,(anonymous_3)
FNDA:1,(anonymous_4)
FNDA:4,(anonymous_5)
FNDA:4,(anonymous_6)
FNDA:4,(anonymous_7)
DA:21,1
DA:25,15
DA:27,15
DA:33,15
DA:36,15
DA:44,13
DA:45,13
DA:47,13
DA:48,9
DA:49,4
DA:50,2
DA:51,2
DA:55,13
DA:56,2
DA:65,11
DA:71,2
DA:82,1
DA:83,2
DA:89,1
DA:90,1
DA:96,1
DA:97,1
DA:103,1
DA:104,1
DA:110,1
DA:111,4
DA:112,4
DA:113,4
DA:114,1
DA:120,3
LF:30
LH:30
BRDA:23,0,0,7
BRDA:33,1,0,3
BRDA:33,1,1,12
BRDA:37,2,0,15
BRDA:37,2,1,9
BRDA:40,3,0,15
BRDA:40,3,1,14
BRDA:47,4,0,9
BRDA:47,4,1,4
BRDA:47,5,0,13
BRDA:47,5,1,11
BRDA:49,6,0,2
BRDA:55,7,0,2
BRDA:58,8,0,1
BRDA:58,8,1,1
BRDA:58,9,0,2
BRDA:58,9,1,2
BRDA:58,9,2,1
BRDA:73,10,0,1
BRDA:73,10,1,1
BRDA:110,11,0,2
BRDA:110,12,0,3
BRDA:113,13,0,1
BRDA:113,13,1,3
BRF:24
BRH:24
end_of_record
TN:
SF:src\utils\avatarUtils.ts
FN:8,(anonymous_0)
FN:40,(anonymous_1)
FN:65,(anonymous_2)
FNF:3
FNH:3
FNDA:11,(anonymous_0)
FNDA:47,(anonymous_1)
FNDA:226,(anonymous_2)
DA:8,2
DA:10,11
DA:13,11
DA:16,11
DA:32,11
DA:40,2
DA:42,47
DA:59,47
DA:60,3
DA:64,44
DA:65,226
DA:68,44
LF:12
LH:12
BRDA:10,0,0,10
BRDA:10,0,1,1
BRDA:10,1,0,11
BRDA:10,1,1,10
BRDA:59,2,0,3
BRDA:59,3,0,47
BRDA:59,3,1,45
BRF:7
BRH:7
end_of_record
TN:
SF:src\utils\charts.ts
FN:29,(anonymous_0)
FN:55,(anonymous_1)
FN:65,(anonymous_2)
FN:78,(anonymous_3)
FN:99,(anonymous_4)
FNF:5
FNH:5
FNDA:7,(anonymous_0)
FNDA:6,(anonymous_1)
FNDA:6,(anonymous_2)
FNDA:5,(anonymous_3)
FNDA:7,(anonymous_4)
DA:8,1
DA:29,1
DA:36,7
DA:46,7
DA:55,1
DA:63,6
DA:65,6
DA:78,1
DA:83,5
DA:99,1
DA:100,7
DA:101,7
DA:102,7
DA:103,7
LF:14
LH:14
BRDA:33,0,0,4
BRDA:34,1,0,6
BRDA:40,2,0,1
BRDA:40,2,1,6
BRF:4
BRH:4
end_of_record
TN:
SF:src\utils\formatters.ts
FN:11,(anonymous_0)
FN:30,(anonymous_1)
FN:39,(anonymous_2)
FN:62,(anonymous_3)
FN:88,(anonymous_4)
FN:96,(anonymous_5)
FN:105,(anonymous_6)
FNF:7
FNH:7
FNDA:11,(anonymous_0)
FNDA:7,(anonymous_1)
FNDA:7,(anonymous_2)
FNDA:10,(anonymous_3)
FNDA:6,(anonymous_4)
FNDA:21,(anonymous_5)
FNDA:10,(anonymous_6)
DA:11,1
DA:16,11
DA:23,11
DA:30,1
DA:31,7
DA:39,1
DA:43,7
DA:47,7
DA:48,1
DA:51,6
DA:55,6
DA:62,1
DA:63,10
DA:64,10
DA:65,10
DA:66,10
DA:67,10
DA:68,10
DA:70,10
DA:71,2
DA:72,8
DA:73,2
DA:74,6
DA:75,2
DA:76,4
DA:77,2
DA:79,2
DA:88,1
DA:90,6
DA:93,6
DA:96,6
DA:97,21
DA:105,1
DA:106,10
LF:34
LH:34
BRDA:13,0,0,7
BRDA:14,1,0,9
BRDA:17,2,0,9
BRDA:17,2,1,2
BRDA:41,3,0,1
BRDA:43,4,0,2
BRDA:43,4,1,5
BRDA:43,5,0,7
BRDA:43,5,1,6
BRDA:47,6,0,1
BRDA:51,7,0,3
BRDA:51,7,1,3
BRDA:70,8,0,2
BRDA:70,8,1,8
BRDA:71,9,0,1
BRDA:71,9,1,1
BRDA:72,10,0,2
BRDA:72,10,1,6
BRDA:73,11,0,1
BRDA:73,11,1,1
BRDA:74,12,0,2
BRDA:74,12,1,4
BRDA:75,13,0,1
BRDA:75,13,1,1
BRDA:76,14,0,2
BRDA:76,14,1,2
BRDA:77,15,0,1
BRDA:77,15,1,1
BRDA:88,16,0,5
BRDA:93,17,0,6
BRDA:93,17,1,0
BRDA:97,18,0,14
BRDA:97,18,1,7
BRDA:97,19,0,21
BRDA:97,19,1,17
BRDA:97,19,2,11
BRF:36
BRH:35
end_of_record
TN:
SF:src\utils\helpers.ts
FN:8,(anonymous_0)
FN:15,(anonymous_1)
FN:21,(anonymous_2)
FN:23,(anonymous_3)
FN:30,(anonymous_4)
FN:37,(anonymous_5)
FN:38,(anonymous_6)
FN:49,(anonymous_7)
FN:50,(anonymous_8)
FN:63,(anonymous_9)
FN:64,(anonymous_10)
FN:75,(anonymous_11)
FN:76,(anonymous_12)
FN:85,(anonymous_13)
FNF:14
FNH:14
FNDA:4,(anonymous_0)
FNDA:3,(anonymous_1)
FNDA:5,(anonymous_2)
FNDA:3,(anonymous_3)
FNDA:3,(anonymous_4)
FNDA:3,(anonymous_5)
FNDA:7,(anonymous_6)
FNDA:5,(anonymous_7)
FNDA:19,(anonymous_8)
FNDA:4,(anonymous_9)
FNDA:14,(anonymous_10)
FNDA:7,(anonymous_11)
FNDA:21,(anonymous_12)
FNDA:9,(anonymous_13)
DA:8,1
DA:9,4
DA:15,1
DA:21,3
DA:22,5
DA:23,5
DA:30,1
DA:31,3
DA:37,1
DA:38,3
DA:39,7
DA:40,7
DA:41,7
DA:42,7
DA:49,1
DA:50,5
DA:51,19
DA:52,19
DA:54,19
DA:55,11
DA:56,0
DA:63,1
DA:64,4
DA:65,14
DA:66,7
DA:68,14
DA:75,1
DA:76,7
DA:77,21
DA:78,21
DA:85,1
DA:86,9
DA:87,9
LF:33
LH:32
BRDA:8,0,0,3
BRDA:40,1,0,7
BRDA:40,1,1,4
BRDA:49,2,0,3
BRDA:54,3,0,8
BRDA:54,4,0,5
BRDA:54,4,1,3
BRDA:55,5,0,11
BRDA:55,6,0,6
BRDA:55,6,1,5
BRDA:65,7,0,7
BRDA:78,8,0,15
BRDA:78,8,1,6
BRDA:87,9,0,6
BRDA:87,9,1,3
BRF:15
BRH:15
end_of_record
TN:
SF:src\utils\storage.ts
FN:10,(anonymous_0)
FN:22,(anonymous_1)
FN:36,(anonymous_2)
FN:47,(anonymous_3)
FN:49,(anonymous_4)
FN:62,(anonymous_5)
FN:74,(anonymous_6)
FNF:7
FNH:7
FNDA:10,(anonymous_0)
FNDA:7,(anonymous_1)
FNDA:3,(anonymous_2)
FNDA:3,(anonymous_3)
FNDA:12,(anonymous_4)
FNDA:4,(anonymous_5)
FNDA:4,(anonymous_6)
DA:5,1
DA:10,1
DA:11,10
DA:12,10
DA:13,10
DA:15,0
DA:22,1
DA:23,7
DA:24,7
DA:25,7
DA:26,7
DA:28,7
DA:29,7
DA:36,1
DA:37,3
DA:38,3
DA:40,0
DA:47,1
DA:48,3
DA:49,3
DA:50,12
DA:51,0
DA:55,0
DA:62,1
DA:63,4
DA:64,4
DA:65,4
DA:67,0
DA:74,1
DA:75,4
DA:76,4
DA:77,4
DA:78,4
DA:80,4
DA:81,4
LF:35
LH:30
BRDA:25,0,0,0
BRDA:50,1,0,0
BRDA:77,2,0,0
BRF:3
BRH:0
end_of_record
TN:
SF:src\utils\validators.ts
FN:8,(anonymous_0)
FN:16,(anonymous_1)
FN:27,(anonymous_2)
FN:44,(anonymous_3)
FN:65,(anonymous_4)
FN:97,(anonymous_5)
FNF:6
FNH:6
FNDA:28,(anonymous_0)
FNDA:9,(anonymous_1)
FNDA:22,(anonymous_2)
FNDA:16,(anonymous_3)
FNDA:20,(anonymous_4)
FNDA:22,(anonymous_5)
DA:8,1
DA:9,28
DA:10,28
DA:16,1
DA:17,9
DA:27,1
DA:28,22
DA:44,1
DA:45,16
DA:46,15
DA:48,12
DA:51,12
DA:54,12
DA:55,12
DA:56,12
DA:57,12
DA:59,12
DA:65,1
DA:67,20
DA:69,20
DA:72,18
DA:75,12
DA:76,12
DA:79,12
DA:80,189
DA:82,189
DA:83,93
DA:84,93
DA:87,189
DA:88,189
DA:91,12
DA:97,1
DA:99,22
DA:100,22
LF:34
LH:34
BRDA:29,0,0,22
BRDA:29,0,1,19
BRDA:29,0,2,15
BRDA:29,0,3,12
BRDA:45,1,0,1
BRDA:46,2,0,3
BRDA:51,3,0,11
BRDA:54,4,0,9
BRDA:55,5,0,9
BRDA:56,6,0,9
BRDA:57,7,0,5
BRDA:69,8,0,2
BRDA:72,9,0,6
BRDA:72,10,0,18
BRDA:72,10,1,14
BRDA:82,11,0,93
BRDA:84,12,0,31
BRF:17
BRH:17
end_of_record
