TN:
SF:src\App.tsx
FN:6,App
FN:7,(anonymous_1)
FN:14,(anonymous_2)
FN:15,(anonymous_3)
FN:22,(anonymous_4)
FNF:5
FNH:5
FNDA:12,App
FNDA:6,(anonymous_1)
FNDA:6,(anonymous_2)
FNDA:6,(anonymous_3)
FNDA:12,(anonymous_4)
DA:1,1
DA:2,1
DA:3,1
DA:4,1
DA:6,1
DA:7,12
DA:8,6
DA:9,6
DA:11,0
DA:14,12
DA:15,6
DA:16,6
DA:17,6
DA:18,6
DA:22,12
DA:23,12
DA:26,12
LF:17
LH:16
BRDA:8,0,0,6
BRDA:8,0,1,0
BRDA:17,1,0,4
BRDA:17,1,1,2
BRDA:23,2,0,5
BRDA:23,2,1,7
BRDA:29,3,0,5
BRDA:29,3,1,7
BRDA:34,4,0,5
BRDA:34,4,1,7
BRDA:35,5,0,5
BRDA:35,5,1,7
BRDA:36,6,0,5
BRDA:36,6,1,7
BRDA:37,7,0,5
BRDA:37,7,1,7
BRDA:41,8,0,5
BRDA:41,8,1,7
BRDA:54,9,0,5
BRDA:54,9,1,7
BRDA:68,10,0,5
BRDA:68,10,1,7
BRF:22
BRH:21
end_of_record
TN:
SF:src\information.ts
FNF:0
FNH:0
DA:1,3
DA:2,3
DA:3,3
DA:4,3
DA:5,3
DA:6,3
DA:10,3
DA:11,3
DA:12,3
DA:13,3
DA:16,3
DA:53,3
DA:106,3
DA:108,3
DA:110,3
LF:15
LH:15
BRF:0
BRH:0
end_of_record
TN:
SF:src\components\FooterComponent.tsx
FN:12,FooterWithSocialLinks
FNF:1
FNH:1
FNDA:12,FooterWithSocialLinks
DA:1,1
DA:2,1
DA:10,1
DA:12,1
DA:17,12
LF:5
LH:5
BRDA:24,0,0,5
BRDA:24,0,1,7
BRDA:42,1,0,5
BRDA:42,1,1,7
BRDA:58,2,0,5
BRDA:58,2,1,7
BRF:6
BRH:6
end_of_record
TN:
SF:src\components\Form.tsx
FN:6,SimpleRegistrationForm
FN:17,(anonymous_2)
FN:24,(anonymous_3)
FN:39,(anonymous_4)
FN:43,(anonymous_5)
FN:53,(anonymous_6)
FNF:6
FNH:6
FNDA:140,SimpleRegistrationForm
FNDA:121,(anonymous_2)
FNDA:4,(anonymous_3)
FNDA:1,(anonymous_4)
FNDA:1,(anonymous_5)
FNDA:2,(anonymous_6)
DA:1,2
DA:2,2
DA:3,2
DA:4,2
DA:6,2
DA:11,140
DA:17,140
DA:18,121
DA:24,140
DA:25,4
DA:27,4
DA:33,2
DA:40,1
DA:41,1
DA:44,1
DA:45,1
DA:49,2
DA:53,140
DA:54,2
DA:55,2
DA:58,140
LF:21
LH:21
BRDA:27,0,0,2
BRDA:27,0,1,2
BRDA:28,1,0,4
BRDA:28,1,1,2
BRDA:28,1,2,2
BRDA:28,1,3,2
BRDA:66,2,0,6
BRDA:66,2,1,134
BRDA:78,3,0,6
BRDA:78,3,1,134
BRDA:87,4,0,6
BRDA:87,4,1,134
BRDA:97,5,0,6
BRDA:97,5,1,134
BRDA:106,6,0,6
BRDA:106,6,1,134
BRDA:116,7,0,6
BRDA:116,7,1,134
BRDA:125,8,0,6
BRDA:125,8,1,134
BRDA:134,9,0,6
BRDA:134,9,1,134
BRF:22
BRH:22
end_of_record
TN:
SF:src\components\Navbar.tsx
FN:11,(anonymous_0)
FN:22,NavList
FN:85,NavbarSimple
FN:88,(anonymous_3)
FN:91,(anonymous_4)
FN:94,(anonymous_5)
FN:119,(anonymous_6)
FNF:7
FNH:7
FNDA:1,(anonymous_0)
FNDA:50,NavList
FNDA:25,NavbarSimple
FNDA:1,(anonymous_3)
FNDA:13,(anonymous_4)
FNDA:13,(anonymous_5)
FNDA:5,(anonymous_6)
DA:1,2
DA:2,2
DA:8,2
DA:9,2
DA:11,2
DA:14,1
DA:15,1
DA:16,1
DA:17,1
DA:18,1
DA:23,50
DA:85,2
DA:86,25
DA:88,25
DA:89,1
DA:91,25
DA:92,13
DA:94,13
DA:95,13
DA:99,25
DA:119,5
LF:21
LH:21
BRDA:17,0,0,1
BRDA:17,0,1,0
BRDA:89,1,0,1
BRDA:89,1,1,1
BRDA:120,2,0,3
BRDA:120,2,1,22
BRDA:122,3,0,3
BRDA:122,3,1,22
BRF:8
BRH:7
end_of_record
TN:
SF:src\components\SectionTitle.tsx
FN:1,(anonymous_0)
FNF:1
FNH:1
FNDA:37,(anonymous_0)
DA:1,2
DA:8,37
DA:19,2
LF:3
LH:3
BRDA:11,0,0,15
BRDA:11,0,1,22
BRF:2
BRH:2
end_of_record
TN:
SF:src\components\StepperWithIcon.tsx
FN:5,StepperWithIcon
FN:19,(anonymous_7)
FN:19,(anonymous_8)
FN:20,(anonymous_9)
FN:20,(anonymous_10)
FN:26,(anonymous_11)
FN:27,(anonymous_12)
FN:30,(anonymous_13)
FN:36,(anonymous_14)
FNF:9
FNH:9
FNDA:49,StepperWithIcon
FNDA:1,(anonymous_7)
FNDA:1,(anonymous_8)
FNDA:1,(anonymous_9)
FNDA:1,(anonymous_10)
FNDA:34,(anonymous_11)
FNDA:34,(anonymous_12)
FNDA:147,(anonymous_13)
FNDA:1,(anonymous_14)
DA:1,2
DA:2,2
DA:5,2
DA:16,49
DA:17,49
DA:19,49
DA:20,49
DA:22,49
DA:26,34
DA:27,34
DA:31,147
DA:36,1
LF:12
LH:12
BRDA:19,0,0,1
BRDA:19,0,1,1
BRDA:20,1,0,1
BRDA:20,1,1,1
BRDA:28,2,0,10
BRDA:28,2,1,39
BRDA:33,3,0,30
BRDA:33,3,1,117
BRDA:34,4,0,30
BRDA:34,4,1,117
BRDA:35,5,0,30
BRDA:35,5,1,117
BRDA:47,6,0,10
BRDA:47,6,1,39
BRDA:54,7,0,10
BRDA:54,7,1,39
BRDA:55,8,0,44
BRDA:55,8,1,5
BRF:18
BRH:18
end_of_record
TN:
SF:src\components\Timeline.tsx
FN:15,TimelineWithIcon
FN:16,(anonymous_2)
FN:30,(anonymous_3)
FNF:3
FNH:3
FNDA:20,TimelineWithIcon
FNDA:140,(anonymous_2)
FNDA:140,(anonymous_3)
DA:1,2
DA:10,2
DA:11,2
DA:12,2
DA:15,2
DA:16,140
DA:17,20
DA:27,20
DA:31,140
DA:32,140
DA:33,140
LF:11
LH:11
BRDA:18,0,0,8
BRDA:18,0,1,12
BRDA:19,1,0,8
BRDA:19,1,1,12
BRDA:20,2,0,8
BRDA:20,2,1,12
BRDA:21,3,0,8
BRDA:21,3,1,12
BRDA:22,4,0,8
BRDA:22,4,1,12
BRDA:23,5,0,8
BRDA:23,5,1,12
BRDA:24,6,0,8
BRDA:24,6,1,12
BRDA:32,7,0,140
BRDA:32,7,1,120
BRDA:38,8,0,54
BRDA:38,8,1,86
BRDA:41,9,0,140
BRDA:41,9,1,120
BRDA:41,9,2,46
BRDA:46,10,0,56
BRDA:46,10,1,84
BRDA:54,11,0,56
BRDA:54,11,1,84
BRDA:63,12,0,56
BRDA:63,12,1,84
BRDA:70,13,0,56
BRDA:70,13,1,84
BRDA:78,14,0,56
BRDA:78,14,1,84
BRF:31
BRH:31
end_of_record
TN:
SF:src\components\UniversityCard.tsx
FN:11,UniversityCard
FN:30,(anonymous_1)
FN:33,(anonymous_2)
FN:34,(anonymous_3)
FNF:4
FNH:3
FNDA:18,UniversityCard
FNDA:6,(anonymous_1)
FNDA:0,(anonymous_2)
FNDA:6,(anonymous_3)
DA:1,1
DA:2,1
DA:11,1
DA:28,18
DA:30,18
DA:31,6
DA:33,6
DA:34,6
DA:37,18
LF:9
LH:9
BRDA:68,0,0,18
BRDA:68,0,1,18
BRF:2
BRH:2
end_of_record
TN:
SF:src\components\index.ts
FN:1,(anonymous_1)
FN:2,(anonymous_2)
FN:3,(anonymous_3)
FN:4,(anonymous_4)
FN:5,(anonymous_5)
FN:6,(anonymous_6)
FN:7,(anonymous_7)
FNF:7
FNH:7
FNDA:12,(anonymous_1)
FNDA:12,(anonymous_2)
FNDA:12,(anonymous_3)
FNDA:12,(anonymous_4)
FNDA:12,(anonymous_5)
FNDA:12,(anonymous_6)
FNDA:36,(anonymous_7)
DA:1,13
DA:2,13
DA:3,13
DA:4,13
DA:5,13
DA:6,13
DA:7,37
LF:7
LH:7
BRF:0
BRH:0
end_of_record
TN:
SF:src\hooks\useInView.tsx
FN:9,(anonymous_0)
FN:13,(anonymous_1)
FN:14,(anonymous_2)
FN:25,(anonymous_3)
FNF:4
FNH:4
FNDA:96,(anonymous_0)
FNDA:96,(anonymous_1)
FNDA:2,(anonymous_2)
FNDA:96,(anonymous_3)
DA:1,2
DA:9,2
DA:10,96
DA:11,96
DA:13,96
DA:14,96
DA:15,2
DA:16,2
DA:17,2
DA:21,96
DA:22,90
DA:25,96
DA:26,96
DA:27,52
DA:32,96
DA:35,2
LF:16
LH:16
BRDA:15,0,0,2
BRDA:15,0,1,0
BRDA:21,1,0,90
BRDA:21,1,1,6
BRDA:26,2,0,52
BRDA:26,2,1,44
BRF:6
BRH:5
end_of_record
TN:
SF:src\sections\Contact.tsx
FN:9,Contact
FNF:1
FNH:1
FNDA:12,Contact
DA:1,1
DA:9,1
DA:10,12
LF:3
LH:3
BRDA:11,0,0,12
BRDA:11,0,1,0
BRDA:15,1,0,5
BRDA:15,1,1,7
BRF:4
BRH:3
end_of_record
TN:
SF:src\sections\Education.tsx
FN:11,Education
FNF:1
FNH:1
FNDA:12,Education
DA:1,1
DA:2,1
DA:3,1
DA:11,1
DA:12,12
DA:14,12
LF:6
LH:6
BRDA:15,0,0,12
BRDA:15,0,1,0
BRDA:19,1,0,5
BRDA:19,1,1,7
BRF:4
BRH:3
end_of_record
TN:
SF:src\sections\Experience.tsx
FN:9,Experience
FNF:1
FNH:1
FNDA:12,Experience
DA:1,1
DA:9,1
DA:10,12
LF:3
LH:3
BRDA:11,0,0,12
BRDA:11,0,1,0
BRDA:15,1,0,5
BRDA:15,1,1,7
BRF:4
BRH:3
end_of_record
TN:
SF:src\sections\Footer.tsx
FN:3,(anonymous_0)
FNF:1
FNH:1
FNDA:12,(anonymous_0)
DA:1,1
DA:3,1
DA:4,12
DA:15,1
LF:4
LH:4
BRDA:7,0,0,5
BRDA:7,0,1,7
BRF:2
BRH:2
end_of_record
TN:
SF:src\sections\Home.tsx
FN:12,Home
FNF:1
FNH:1
FNDA:12,Home
DA:1,1
DA:12,1
DA:13,12
LF:3
LH:3
BRDA:14,0,0,12
BRDA:14,0,1,0
BRDA:17,1,0,5
BRDA:17,1,1,7
BRDA:24,2,0,5
BRDA:24,2,1,7
BRDA:31,3,0,5
BRDA:31,3,1,7
BRF:8
BRH:7
end_of_record
TN:
SF:src\sections\index.ts
FN:1,(anonymous_1)
FN:2,(anonymous_2)
FN:3,(anonymous_3)
FN:4,(anonymous_4)
FN:5,(anonymous_5)
FNF:5
FNH:5
FNDA:12,(anonymous_1)
FNDA:12,(anonymous_2)
FNDA:12,(anonymous_3)
FNDA:12,(anonymous_4)
FNDA:12,(anonymous_5)
DA:1,13
DA:2,13
DA:3,13
DA:4,13
DA:5,13
LF:5
LH:5
BRF:0
BRH:0
end_of_record
TN:
SF:src\utils\env.ts
FN:2,(anonymous_0)
FNF:1
FNH:1
FNDA:6,(anonymous_0)
DA:2,2
DA:3,6
DA:4,6
DA:7,0
DA:14,0
DA:16,0
LF:6
LH:3
BRDA:3,0,0,6
BRDA:3,0,1,0
BRDA:3,1,0,6
BRDA:3,1,1,6
BRDA:3,1,2,6
BRDA:4,2,0,6
BRDA:4,2,1,0
BRDA:7,3,0,0
BRDA:7,3,1,0
BRDA:8,4,0,0
BRDA:8,4,1,0
BRDA:8,4,2,0
BRDA:8,4,3,0
BRDA:8,4,4,0
BRDA:14,5,0,0
BRDA:14,5,1,0
BRF:16
BRH:5
end_of_record
